#
# A fatal error has been detected by the Java Runtime Environment:
#
#  SIGSEGV (0xb) at pc=0x00007fa3058c93f8, pid=7222, tid=140338033321728
#
# JRE version: 6.0_22-b22
# Java VM: OpenJDK 64-Bit Server VM (20.0-b11 mixed mode linux-amd64 compressed oops)
# Derivative: IcedTea6 1.10.2
# Distribution: Ubuntu 11.04, package 6b22-1.10.2-0ubuntu1~11.04.1
# Problematic frame:
# V  [libjvm.so+0x5ec3f8]  PhaseIdealLoop::build_loop_late_post(Node*)+0x158
#
# If you would like to submit a bug report, please include
# instructions how to reproduce the bug and visit:
#   https://bugs.launchpad.net/ubuntu/+source/openjdk-6/
#

---------------  T H R E A D  ---------------

Current thread (0x00000000021e8800):  JavaThread "C2 CompilerThread1" daemon [_thread_in_native, id=7233, stack(0x00007fa2fe8fe000,0x00007fa2fe9ff000)]

siginfo:si_signo=SIGSEGV: si_errno=0, si_code=1 (SEGV_MAPERR), si_addr=0x0000000000000008

Registers:
RAX=0x0000000000000000, RBX=0x00007fa2fe9fb810, RCX=0x00000000021673e0, RDX=0x0000000000002000
RSP=0x00007fa2fe9fa030, RBP=0x00007fa2fe9fa070, RSI=0x00007fa2f055efc0, RDI=0x0000000000000000
R8 =0x00007fa2f097f4a0, R9 =0x00007fa2fe9fb810, R10=0x00007fa2f055efc0, R11=0x0000000000000000
R12=0x00007fa2f0278470, R13=0x00007fa2f111ebe8, R14=0x00007fa2fe9fb830, R15=0x00007fa2f0aaa758
RIP=0x00007fa3058c93f8, EFLAGS=0x0000000000010202, CSGSFS=0x0000000000000033, ERR=0x0000000000000004
  TRAPNO=0x000000000000000e

Top of Stack: (sp=0x00007fa2fe9fa030)
0x00007fa2fe9fa030:   00007fa2f10a8d38 00007fa2fe9fa300
0x00007fa2fe9fa040:   00007fa2fe9fa070 00007fa2fe9fb810
0x00007fa2fe9fa050:   0000000000000002 00007fa2f0278470
0x00007fa2fe9fa060:   00007fa2f0ab2038 00007fa2fe9fa300
0x00007fa2fe9fa070:   00007fa2fe9fa0e0 00007fa3058c99db
0x00007fa2fe9fa080:   0000000000000001 00007fa200000100
0x00007fa2fe9fa090:   00007fa200000001 00007fa2fe9fc1b0
0x00007fa2fe9fa0a0:   00007fa2fe9fa2e0 00007fa2fe9fa340
0x00007fa2fe9fa0b0:   0000000000001804 00007fa2fe9fb810
0x00007fa2fe9fa0c0:   0000000000000001 0000000000000007
0x00007fa2fe9fa0d0:   0000000000000001 00007fa2f0236eb0
0x00007fa2fe9fa0e0:   00007fa2fe9fa390 00007fa3058ca317
0x00007fa2fe9fa0f0:   00007fa2f01511f0 00007fa2f039a4b0
0x00007fa2fe9fa100:   00007fa2fe9fa110 00007fa2f0236e40
0x00007fa2fe9fa110:   00007fa2fe9fa170 00007fa2fe9fb830
0x00007fa2fe9fa120:   00007fa20000000c 000049b200000000
0x00007fa2fe9fa130:   0000000000000000 00000000f11188e8
0x00007fa2fe9fa140:   00007fa2fe9fa1a0 000000000000000c
0x00007fa2fe9fa150:   000000000212a530 000000000000000c
0x00007fa2fe9fa160:   00007fa2fe9fa190 0000000000000000
0x00007fa2fe9fa170:   00007fa2fe9fa190 000000000000ec20
0x00007fa2fe9fa180:   000000000001ec40 00007fa2fe9fa1c0
0x00007fa2fe9fa190:   00007fa2fe9fa1b0 00007fa305767605
0x00007fa2fe9fa1a0:   00000000029ba770 00007fa2f09ec480
0x00007fa2fe9fa1b0:   00000000023c2200 00000000fe9fae00
0x00007fa2fe9fa1c0:   00007fa2fe9fa220 00007fa2f0aac220
0x00007fa2fe9fa1d0:   00007fa2f09ec530 00007fa2f0000020
0x00007fa2fe9fa1e0:   00007fa2fe9fa270 0000000000010010
0x00007fa2fe9fa1f0:   00007fa2f89e4420 0000000000010000
0x00007fa2fe9fa200:   00007fa2f89e5a38 00007fa305f7231e
0x00007fa2fe9fa210:   0000000002312f20 00007fa2fe9fae00
0x00007fa2fe9fa220:   00007fa2fe9fa300 00007fa305606741 

Instructions: (pc=0x00007fa3058c93f8)
0x00007fa3058c93d8:   84 d8 03 00 00 8b 70 28 49 89 c7 0f 1f 44 00 00
0x00007fa3058c93e8:   4c 8b 93 e0 09 00 00 89 f6 49 8d 34 f2 48 8b 06
0x00007fa3058c93f8:   48 8b 50 08 48 83 3a 00 75 27 8b 4b 28 0f 1f 00
0x00007fa3058c9408:   8b 50 28 31 c0 39 ca 73 0e 48 8b 43 30 89 d2 48 

Register to memory mapping:

RAX=0x0000000000000000 is an unknown value
RBX=0x00007fa2fe9fb810 is pointing into the stack for thread: 0x00000000021e8800
RCX=0x00000000021673e0 is an unknown value
RDX=0x0000000000002000 is an unknown value
RSP=0x00007fa2fe9fa030 is pointing into the stack for thread: 0x00000000021e8800
RBP=0x00007fa2fe9fa070 is pointing into the stack for thread: 0x00000000021e8800
RSI=0x00007fa2f055efc0 is an unknown value
RDI=0x0000000000000000 is an unknown value
R8 =0x00007fa2f097f4a0 is an unknown value
R9 =0x00007fa2fe9fb810 is pointing into the stack for thread: 0x00000000021e8800
R10=0x00007fa2f055efc0 is an unknown value
R11=0x0000000000000000 is an unknown value
R12=0x00007fa2f0278470 is an unknown value
R13=0x00007fa2f111ebe8 is an unknown value
R14=0x00007fa2fe9fb830 is pointing into the stack for thread: 0x00000000021e8800
R15=0x00007fa2f0aaa758 is an unknown value


Stack: [0x00007fa2fe8fe000,0x00007fa2fe9ff000],  sp=0x00007fa2fe9fa030,  free space=1008k
Native frames: (J=compiled Java code, j=interpreted, Vv=VM code, C=native code)
V  [libjvm.so+0x5ec3f8]  PhaseIdealLoop::build_loop_late_post(Node*)+0x158
V  [libjvm.so+0x5ec9db]  PhaseIdealLoop::build_loop_late(VectorSet&, Node_List&, Node_Stack&)+0x10b
V  [libjvm.so+0x5ed317]  PhaseIdealLoop::build_and_optimize(bool, bool)+0x757
V  [libjvm.so+0x3929b5]  Compile::Optimize()+0xdc5
V  [libjvm.so+0x393649]  Compile::Compile(ciEnv*, C2Compiler*, ciMethod*, int, bool, bool)+0xae9
V  [libjvm.so+0x319a20]  C2Compiler::compile_method(ciEnv*, ciMethod*, int)+0xe0
V  [libjvm.so+0x397f24]  CompileBroker::invoke_compiler_on_method(CompileTask*)+0x294
V  [libjvm.so+0x398771]  CompileBroker::compiler_thread_loop()+0x381
V  [libjvm.so+0x793618]  JavaThread::thread_main_inner()+0x58
V  [libjvm.so+0x686c02]  java_start(Thread*)+0x112


Current CompileTask:
C2:9372822 779      jregex.Pretokenizer.next()V (1064 bytes)


---------------  P R O C E S S  ---------------

Java Threads: ( => current thread )
  0x00007fa2f8253000 JavaThread "net.sf.ehcache.CacheManager@35ddb0af" daemon [_thread_blocked, id=10263, stack(0x00007fa2fd9fb000,0x00007fa2fdafc000)]
  0x0000000002525800 JavaThread "New I/O server worker #1-1" [_thread_in_native, id=10262, stack(0x00007fa2fddff000,0x00007fa2fdf00000)]
  0x00007fa2f0457000 JavaThread "com.mchange.v2.async.ThreadPoolAsynchronousRunner$PoolThread-#2" daemon [_thread_blocked, id=7249, stack(0x00007fa2fd3f0000,0x00007fa2fd4f1000)]
  0x00007fa2f0516000 JavaThread "com.mchange.v2.async.ThreadPoolAsynchronousRunner$PoolThread-#1" daemon [_thread_blocked, id=7248, stack(0x00007fa2fd4f1000,0x00007fa2fd5f2000)]
  0x00007fa2f04cb000 JavaThread "com.mchange.v2.async.ThreadPoolAsynchronousRunner$PoolThread-#0" daemon [_thread_blocked, id=7247, stack(0x00007fa2fd5f2000,0x00007fa2fd6f3000)]
  0x00007fa2f0438000 JavaThread "Timer-0" daemon [_thread_blocked, id=7246, stack(0x00007fa2fd6f3000,0x00007fa2fd7f4000)]
  0x00007fa2f0118800 JavaThread "play-thread-1" [_thread_in_Java, id=7244, stack(0x00007fa2fdafc000,0x00007fa2fdbfd000)]
  0x00007fa2f0020800 JavaThread "DestroyJavaVM" [_thread_blocked, id=7223, stack(0x00007fa306bbf000,0x00007fa306cc0000)]
  0x00007fa2f023d800 JavaThread "New I/O server boss #1 ([id: 0x12457d21, /0:0:0:0:0:0:0:0:9000])" [_thread_in_native, id=7236, stack(0x00007fa2fe001000,0x00007fa2fe102000)]
  0x00007fa2f8004000 JavaThread "Low Memory Detector" daemon [_thread_blocked, id=7234, stack(0x00007fa2fe7fd000,0x00007fa2fe8fe000)]
=>0x00000000021e8800 JavaThread "C2 CompilerThread1" daemon [_thread_in_native, id=7233, stack(0x00007fa2fe8fe000,0x00007fa2fe9ff000)]
  0x00000000021e5800 JavaThread "C2 CompilerThread0" daemon [_thread_in_native, id=7232, stack(0x00007fa2fe9ff000,0x00007fa2feb00000)]
  0x00000000021d9800 JavaThread "JDWP Event Helper Thread" daemon [_thread_blocked, id=7231, stack(0x00007fa2feb00000,0x00007fa2fec01000)]
  0x00000000021d5800 JavaThread "JDWP Transport Listener: dt_socket" daemon [_thread_in_native, id=7230, stack(0x00007fa2fec01000,0x00007fa2fed02000)]
  0x0000000002197800 JavaThread "Signal Dispatcher" daemon [_thread_blocked, id=7229, stack(0x00007fa2fef07000,0x00007fa2ff008000)]
  0x0000000002186000 JavaThread "Finalizer" daemon [_thread_blocked, id=7228, stack(0x00007fa2ff008000,0x00007fa2ff109000)]
  0x000000000217e800 JavaThread "Reference Handler" daemon [_thread_blocked, id=7227, stack(0x00007fa2ff109000,0x00007fa2ff20a000)]

Other Threads:
  0x0000000002177800 VMThread [stack: 0x00007fa2ff20a000,0x00007fa2ff30b000] [id=7226]
  0x00007fa2f8006800 WatcherThread [stack: 0x00007fa2fe6fc000,0x00007fa2fe7fd000] [id=7235]

VM state:not at safepoint (normal execution)

VM Mutex/Monitor currently owned by a thread: None

Heap
 PSYoungGen      total 43264K, used 34053K [0x00000000eb560000, 0x00000000ee650000, 0x0000000100000000)
  eden space 39616K, 85% used [0x00000000eb560000,0x00000000ed659400,0x00000000edc10000)
  from space 3648K, 7% used [0x00000000ee2c0000,0x00000000ee308000,0x00000000ee650000)
  to   space 5248K, 0% used [0x00000000edc10000,0x00000000edc10000,0x00000000ee130000)
 PSOldGen        total 42304K, used 15272K [0x00000000c2000000, 0x00000000c4950000, 0x00000000eb560000)
  object space 42304K, 36% used [0x00000000c2000000,0x00000000c2eea320,0x00000000c4950000)
 PSPermGen       total 53888K, used 53881K [0x00000000b7a00000, 0x00000000baea0000, 0x00000000c2000000)
  object space 53888K, 99% used [0x00000000b7a00000,0x00000000bae9e768,0x00000000baea0000)

Code Cache  [0x00007fa2ffddd000, 0x00007fa3002bd000, 0x00007fa302ddd000)
 total_blobs=1392 nmethods=744 adapters=609 free_code_cache=45454592 largest_free_block=126208

Dynamic libraries:
00400000-00409000 r-xp 00000000 08:09 20329                              /usr/lib/jvm/java-6-openjdk/jre/bin/java
00608000-00609000 r--p 00008000 08:09 20329                              /usr/lib/jvm/java-6-openjdk/jre/bin/java
00609000-0060a000 rw-p 00009000 08:09 20329                              /usr/lib/jvm/java-6-openjdk/jre/bin/java
02104000-044bb000 rw-p 00000000 00:00 0                                  [heap]
b7a00000-baea0000 rw-p 00000000 00:00 0 
baea0000-c2000000 rw-p 00000000 00:00 0 
c2000000-c4950000 rw-p 00000000 00:00 0 
c4950000-eb560000 rw-p 00000000 00:00 0 
eb560000-ee650000 rw-p 00000000 00:00 0 
ee650000-efee0000 ---p 00000000 00:00 0 
efee0000-100000000 rw-p 00000000 00:00 0 
7fa2f0000000-7fa2f3ffe000 rw-p 00000000 00:00 0 
7fa2f3ffe000-7fa2f4000000 ---p 00000000 00:00 0 
7fa2f8000000-7fa2f9192000 rw-p 00000000 00:00 0 
7fa2f9192000-7fa2fc000000 ---p 00000000 00:00 0 
7fa2fd2ef000-7fa2fd2f2000 ---p 00000000 00:00 0 
7fa2fd2f2000-7fa2fd3f0000 rw-p 00000000 00:00 0 
7fa2fd3f0000-7fa2fd3f3000 ---p 00000000 00:00 0 
7fa2fd3f3000-7fa2fd4f1000 rw-p 00000000 00:00 0 
7fa2fd4f1000-7fa2fd4f4000 ---p 00000000 00:00 0 
7fa2fd4f4000-7fa2fd5f2000 rw-p 00000000 00:00 0 
7fa2fd5f2000-7fa2fd5f5000 ---p 00000000 00:00 0 
7fa2fd5f5000-7fa2fd6f3000 rw-p 00000000 00:00 0 
7fa2fd6f3000-7fa2fd6f6000 ---p 00000000 00:00 0 
7fa2fd6f6000-7fa2fd7f4000 rw-p 00000000 00:00 0 
7fa2fd7f4000-7fa2fd7fa000 r-xp 00000000 08:09 20374                      /usr/lib/jvm/java-6-openjdk/jre/lib/amd64/libmanagement.so
7fa2fd7fa000-7fa2fd9f9000 ---p 00006000 08:09 20374                      /usr/lib/jvm/java-6-openjdk/jre/lib/amd64/libmanagement.so
7fa2fd9f9000-7fa2fd9fa000 r--p 00005000 08:09 20374                      /usr/lib/jvm/java-6-openjdk/jre/lib/amd64/libmanagement.so
7fa2fd9fa000-7fa2fd9fb000 rw-p 00006000 08:09 20374                      /usr/lib/jvm/java-6-openjdk/jre/lib/amd64/libmanagement.so
7fa2fd9fb000-7fa2fd9fe000 ---p 00000000 00:00 0 
7fa2fd9fe000-7fa2fdafc000 rw-p 00000000 00:00 0 
7fa2fdafc000-7fa2fdaff000 ---p 00000000 00:00 0 
7fa2fdaff000-7fa2fdbfd000 rw-p 00000000 00:00 0 
7fa2fdbfd000-7fa2fdc00000 ---p 00000000 00:00 0 
7fa2fdc00000-7fa2fdcfe000 rw-p 00000000 00:00 0 
7fa2fdcfe000-7fa2fdd01000 ---p 00000000 00:00 0 
7fa2fdd01000-7fa2fddff000 rw-p 00000000 00:00 0 
7fa2fddff000-7fa2fde02000 ---p 00000000 00:00 0 
7fa2fde02000-7fa2fdf00000 rw-p 00000000 00:00 0 
7fa2fdf00000-7fa2fdf03000 ---p 00000000 00:00 0 
7fa2fdf03000-7fa2fe001000 rw-p 00000000 00:00 0 
7fa2fe001000-7fa2fe004000 ---p 00000000 00:00 0 
7fa2fe004000-7fa2fe102000 rw-p 00000000 00:00 0 
7fa2fe102000-7fa2fe10a000 r-xp 00000000 08:09 20338                      /usr/lib/jvm/java-6-openjdk/jre/lib/amd64/libnio.so
7fa2fe10a000-7fa2fe309000 ---p 00008000 08:09 20338                      /usr/lib/jvm/java-6-openjdk/jre/lib/amd64/libnio.so
7fa2fe309000-7fa2fe30a000 r--p 00007000 08:09 20338                      /usr/lib/jvm/java-6-openjdk/jre/lib/amd64/libnio.so
7fa2fe30a000-7fa2fe30b000 rw-p 00008000 08:09 20338                      /usr/lib/jvm/java-6-openjdk/jre/lib/amd64/libnio.so
7fa2fe30b000-7fa2fe320000 r-xp 00000000 08:09 20348                      /usr/lib/jvm/java-6-openjdk/jre/lib/amd64/libnet.so
7fa2fe320000-7fa2fe51f000 ---p 00015000 08:09 20348                      /usr/lib/jvm/java-6-openjdk/jre/lib/amd64/libnet.so
7fa2fe51f000-7fa2fe520000 r--p 00014000 08:09 20348                      /usr/lib/jvm/java-6-openjdk/jre/lib/amd64/libnet.so
7fa2fe520000-7fa2fe521000 rw-p 00015000 08:09 20348                      /usr/lib/jvm/java-6-openjdk/jre/lib/amd64/libnet.so
7fa2fe521000-7fa2fe523000 r--s 0000d000 08:09 1077944                    /opt/play-1.2.3/framework/lib/commons-logging-1.1.1.jar
7fa2fe523000-7fa2fe525000 r--s 00005000 08:09 1077943                    /opt/play-1.2.3/framework/lib/slf4j-api-1.6.1.jar
7fa2fe525000-7fa2fe527000 r--s 0000b000 08:09 1077942                    /opt/play-1.2.3/framework/lib/jj-textile.jar
7fa2fe527000-7fa2fe529000 r--s 00015000 08:09 1077941                    /opt/play-1.2.3/framework/lib/jregex-1.2_01.jar
7fa2fe529000-7fa2fe531000 r--s 0008a000 08:09 1077940                    /opt/play-1.2.3/framework/lib/javassist-3.9.0.GA.jar
7fa2fe531000-7fa2fe556000 r--s 00172000 08:09 1077939                    /opt/play-1.2.3/framework/lib/bcprov-jdk15-1.45.jar
7fa2fe556000-7fa2fe55c000 r--s 0007e000 08:09 1077938                    /opt/play-1.2.3/framework/lib/postgresql-9.0.jar
7fa2fe55c000-7fa2fe565000 r--s 0005d000 08:09 1077937                    /opt/play-1.2.3/framework/lib/hibernate-entitymanager-3.6.0.Final.jar
7fa2fe565000-7fa2fe566000 r--s 00007000 08:09 1077936                    /opt/play-1.2.3/framework/lib/commons-email-1.2.jar
7fa2fe566000-7fa2fe56c000 r--s 00040000 08:09 1077934                    /opt/play-1.2.3/framework/lib/memcached-2.6.jar
7fa2fe56c000-7fa2fe573000 r--s 00059000 08:09 1077933                    /opt/play-1.2.3/framework/lib/log4j-1.2.15.jar
7fa2fe573000-7fa2fe57e000 r--s 00124000 08:09 1077932                    /opt/play-1.2.3/framework/lib/h2-1.3.149.jar
7fa2fe57e000-7fa2fe582000 r--s 00027000 08:09 1077929                    /opt/play-1.2.3/framework/lib/gson-1.7.1.jar
7fa2fe582000-7fa2fe587000 r--s 00014000 08:09 1077928                    /opt/play-1.2.3/framework/lib/hibernate-jpa-2.0-api-1.0.0.Final.jar
7fa2fe587000-7fa2fe58d000 r--s 00067000 08:09 1077927                    /opt/play-1.2.3/framework/lib/antlr-2.7.6.jar
7fa2fe58d000-7fa2fe598000 r--s 0005a000 08:09 1077926                    /opt/play-1.2.3/framework/lib/xstream-1.3.jar
7fa2fe598000-7fa2fe59b000 r--s 0000f000 08:09 1077925                    /opt/play-1.2.3/framework/lib/geronimo-servlet_2.5_spec-1.2.jar
7fa2fe59b000-7fa2fe5ef000 r--s 00516000 08:09 1077924                    /opt/play-1.2.3/framework/lib/groovy-all-1.7.7.jar
7fa2fe5ef000-7fa2fe5f1000 r--s 0000e000 08:09 1077923                    /opt/play-1.2.3/framework/lib/commons-javaflow-1066591.jar
7fa2fe5f1000-7fa2fe5ff000 r--s 0007f000 08:09 1077922                    /opt/play-1.2.3/framework/lib/commons-collections-3.2.1.jar
7fa2fe5ff000-7fa2fe605000 r--s 00038000 08:09 1077921                    /opt/play-1.2.3/framework/lib/snakeyaml-1.7.jar
7fa2fe605000-7fa2fe637000 r--s 002c7000 08:09 1077920                    /opt/play-1.2.3/framework/lib/hibernate-core-3.6.1.Final.jar
7fa2fe637000-7fa2fe63e000 r--s 0006a000 08:09 1077919                    /opt/play-1.2.3/framework/lib/mail-1.4.3.jar
7fa2fe63e000-7fa2fe643000 r--s 00020000 08:09 1077918                    /opt/play-1.2.3/framework/lib/jj-imaging.jar
7fa2fe643000-7fa2fe645000 r--s 0000c000 08:09 1077917                    /opt/play-1.2.3/framework/lib/activation-1.1.1.jar
7fa2fe645000-7fa2fe647000 r--s 00015000 08:09 1077916                    /opt/play-1.2.3/framework/lib/jj-simplecaptcha.jar
7fa2fe647000-7fa2fe64a000 r--s 00022000 08:09 1077915                    /opt/play-1.2.3/framework/lib/jamon-2.7.jar
7fa2fe64a000-7fa2fe64d000 r--s 00011000 08:09 1077914                    /opt/play-1.2.3/framework/lib/ezmorph-1.0.3.jar
7fa2fe64d000-7fa2fe64f000 r--s 00008000 08:09 1077913                    /opt/play-1.2.3/framework/lib/signpost-core-1.2.jar
7fa2fe64f000-7fa2fe656000 r--s 00049000 08:09 1077912                    /opt/play-1.2.3/framework/lib/oval-1.50.jar
7fa2fe656000-7fa2fe65c000 r--s 00049000 08:09 1077910                    /opt/play-1.2.3/framework/lib/async-http-client-1.6.3.jar
7fa2fe65c000-7fa2fe65e000 r--s 00001000 08:09 1077909                    /opt/play-1.2.3/framework/lib/jsr107cache-1.0.jar
7fa2fe65e000-7fa2fe664000 r--s 00049000 08:09 1077908                    /opt/play-1.2.3/framework/lib/cglib-nodep-2.2.jar
7fa2fe664000-7fa2fe667000 r--s 0000f000 08:09 1077907                    /opt/play-1.2.3/framework/lib/hibernate-commons-annotations-3.2.0.Final.jar
7fa2fe667000-7fa2fe66a000 r--s 00024000 08:09 1077906                    /opt/play-1.2.3/framework/lib/commons-io-2.0.1.jar
7fa2fe66a000-7fa2fe66c000 r--s 0000d000 08:09 1077905                    /opt/play-1.2.3/framework/lib/commons-fileupload-1.2.2.jar
7fa2fe66c000-7fa2fe673000 r--s 000b7000 08:09 1077904                    /opt/play-1.2.3/framework/lib/mysql-connector-java-5.1.13.jar
7fa2fe673000-7fa2fe675000 r--s 00002000 08:09 1077902                    /opt/play-1.2.3/framework/lib/jta-1.1.jar
7fa2fe675000-7fa2fe684000 r--s 00074000 08:09 1077901                    /opt/play-1.2.3/framework/lib/joda-time-1.6.jar
7fa2fe684000-7fa2fe689000 r--s 00041000 08:09 1077900                    /opt/play-1.2.3/framework/lib/commons-lang-2.6.jar
7fa2fe689000-7fa2fe68b000 r--s 0000d000 08:09 1077899                    /opt/play-1.2.3/framework/lib/commons-codec-1.4.jar
7fa2fe68b000-7fa2fe69a000 r--s 000d9000 08:09 1077898                    /opt/play-1.2.3/framework/lib/ivy-2.2.0.jar
7fa2fe69a000-7fa2fe6c3000 r--s 00403000 08:09 1077897                    /opt/play-1.2.3/framework/lib/org.eclipse.jdt.core-3.6.0.jar
7fa2fe6c3000-7fa2fe6c8000 r--s 00034000 08:09 1077896                    /opt/play-1.2.3/framework/lib/commons-beanutils-1.8.3.jar
7fa2fe6c8000-7fa2fe6cd000 r--s 00048000 08:09 1077895                    /opt/play-1.2.3/framework/lib/dom4j-1.6.1.jar
7fa2fe6cd000-7fa2fe6d7000 r--s 0006f000 08:09 1077894                    /opt/play-1.2.3/framework/lib/ehcache-core-2.0.0.jar
7fa2fe6d7000-7fa2fe6dd000 r--s 00034000 08:09 1077893                    /opt/play-1.2.3/framework/lib/junit-4.8.1.jar
7fa2fe6dd000-7fa2fe6ec000 r--s 000b2000 08:09 1077891                    /opt/play-1.2.3/framework/lib/netty-3.2.4.Final.jar
7fa2fe6ec000-7fa2fe6f1000 r--s 0002e000 08:09 1077890                    /opt/play-1.2.3/framework/lib/asm-all-3.3.1.jar
7fa2fe6f1000-7fa2fe6fc000 r--s 0008b000 08:09 1077888                    /opt/play-1.2.3/framework/lib/c3p0-0.9.1.2.jar
7fa2fe6fc000-7fa2fe6fd000 ---p 00000000 00:00 0 
7fa2fe6fd000-7fa2fe7fd000 rw-p 00000000 00:00 0 
7fa2fe7fd000-7fa2fe800000 ---p 00000000 00:00 0 
7fa2fe800000-7fa2fe8fe000 rw-p 00000000 00:00 0 
7fa2fe8fe000-7fa2fe901000 ---p 00000000 00:00 0 
7fa2fe901000-7fa2fe9ff000 rw-p 00000000 00:00 0 
7fa2fe9ff000-7fa2fea02000 ---p 00000000 00:00 0 
7fa2fea02000-7fa2feb00000 rw-p 00000000 00:00 0 
7fa2feb00000-7fa2feb03000 ---p 00000000 00:00 0 
7fa2feb03000-7fa2fec01000 rw-p 00000000 00:00 0 
7fa2fec01000-7fa2fec04000 ---p 00000000 00:00 0 
7fa2fec04000-7fa2fed02000 rw-p 00000000 00:00 0 
7fa2fed02000-7fa2fed06000 r-xp 00000000 08:09 20337                      /usr/lib/jvm/java-6-openjdk/jre/lib/amd64/libdt_socket.so
7fa2fed06000-7fa2fef05000 ---p 00004000 08:09 20337                      /usr/lib/jvm/java-6-openjdk/jre/lib/amd64/libdt_socket.so
7fa2fef05000-7fa2fef06000 r--p 00003000 08:09 20337                      /usr/lib/jvm/java-6-openjdk/jre/lib/amd64/libdt_socket.so
7fa2fef06000-7fa2fef07000 rw-p 00004000 08:09 20337                      /usr/lib/jvm/java-6-openjdk/jre/lib/amd64/libdt_socket.so
7fa2fef07000-7fa2fef0a000 ---p 00000000 00:00 0 
7fa2fef0a000-7fa2ff008000 rw-p 00000000 00:00 0 
7fa2ff008000-7fa2ff00b000 ---p 00000000 00:00 0 
7fa2ff00b000-7fa2ff109000 rw-p 00000000 00:00 0 
7fa2ff109000-7fa2ff10c000 ---p 00000000 00:00 0 
7fa2ff10c000-7fa2ff20a000 rw-p 00000000 00:00 0 
7fa2ff20a000-7fa2ff20b000 ---p 00000000 00:00 0 
7fa2ff20b000-7fa2ff641000 rw-p 00000000 00:00 0 
7fa2ff641000-7fa2ff7d1000 r--s 037af000 08:09 20378                      /usr/lib/jvm/java-6-openjdk/jre/lib/rt.jar
7fa2ff7d1000-7fa2ff7f9000 rw-p 00000000 00:00 0 
7fa2ff7f9000-7fa2ff7fa000 ---p 00000000 00:00 0 
7fa2ff7fa000-7fa2ff8fa000 rw-p 00000000 00:00 0 
7fa2ff8fa000-7fa2ff8fb000 ---p 00000000 00:00 0 
7fa2ff8fb000-7fa2ffa16000 rw-p 00000000 00:00 0 
7fa2ffa16000-7fa2ffa4e000 rw-p 00000000 00:00 0 
7fa2ffa4e000-7fa2ffa63000 rw-p 00000000 00:00 0 
7fa2ffa63000-7fa2ffb99000 rw-p 00000000 00:00 0 
7fa2ffb99000-7fa2ffbb4000 rw-p 00000000 00:00 0 
7fa2ffbb4000-7fa2ffbec000 rw-p 00000000 00:00 0 
7fa2ffbec000-7fa2ffc01000 rw-p 00000000 00:00 0 
7fa2ffc01000-7fa2ffd36000 rw-p 00000000 00:00 0 
7fa2ffd36000-7fa2ffd50000 rw-p 00000000 00:00 0 
7fa2ffd50000-7fa2ffd5c000 ---p 00000000 00:00 0 
7fa2ffd5c000-7fa2ffddc000 rw-p 00000000 00:00 0 
7fa2ffddc000-7fa2ffddd000 rw-p 00000000 00:00 0 
7fa2ffddd000-7fa3002bd000 rwxp 00000000 00:00 0 
7fa3002bd000-7fa302ddd000 rw-p 00000000 00:00 0 
7fa302ddd000-7fa302de4000 r-xp 00000000 08:09 20362                      /usr/lib/jvm/java-6-openjdk/jre/lib/amd64/libzip.so
7fa302de4000-7fa302fe3000 ---p 00007000 08:09 20362                      /usr/lib/jvm/java-6-openjdk/jre/lib/amd64/libzip.so
7fa302fe3000-7fa302fe4000 r--p 00006000 08:09 20362                      /usr/lib/jvm/java-6-openjdk/jre/lib/amd64/libzip.so
7fa302fe4000-7fa302fe5000 rw-p 00007000 08:09 20362                      /usr/lib/jvm/java-6-openjdk/jre/lib/amd64/libzip.so
7fa302fe5000-7fa302ff1000 r-xp 00000000 08:09 919774                     /lib/x86_64-linux-gnu/libnss_files-2.13.so
7fa302ff1000-7fa3031f0000 ---p 0000c000 08:09 919774                     /lib/x86_64-linux-gnu/libnss_files-2.13.so
7fa3031f0000-7fa3031f1000 r--p 0000b000 08:09 919774                     /lib/x86_64-linux-gnu/libnss_files-2.13.so
7fa3031f1000-7fa3031f2000 rw-p 0000c000 08:09 919774                     /lib/x86_64-linux-gnu/libnss_files-2.13.so
7fa3031f2000-7fa3031fd000 r-xp 00000000 08:09 919778                     /lib/x86_64-linux-gnu/libnss_nis-2.13.so
7fa3031fd000-7fa3033fc000 ---p 0000b000 08:09 919778                     /lib/x86_64-linux-gnu/libnss_nis-2.13.so
7fa3033fc000-7fa3033fd000 r--p 0000a000 08:09 919778                     /lib/x86_64-linux-gnu/libnss_nis-2.13.so
7fa3033fd000-7fa3033fe000 rw-p 0000b000 08:09 919778                     /lib/x86_64-linux-gnu/libnss_nis-2.13.so
7fa3033fe000-7fa303406000 r-xp 00000000 08:09 919770                     /lib/x86_64-linux-gnu/libnss_compat-2.13.so
7fa303406000-7fa303605000 ---p 00008000 08:09 919770                     /lib/x86_64-linux-gnu/libnss_compat-2.13.so
7fa303605000-7fa303606000 r--p 00007000 08:09 919770                     /lib/x86_64-linux-gnu/libnss_compat-2.13.so
7fa303606000-7fa303607000 rw-p 00008000 08:09 919770                     /lib/x86_64-linux-gnu/libnss_compat-2.13.so
7fa303607000-7fa303c91000 r--p 00000000 08:09 794337                     /usr/lib/locale/locale-archive
7fa303c91000-7fa303c94000 r-xp 00000000 08:09 20354                      /usr/lib/jvm/java-6-openjdk/jre/lib/amd64/libnpt.so
7fa303c94000-7fa303e93000 ---p 00003000 08:09 20354                      /usr/lib/jvm/java-6-openjdk/jre/lib/amd64/libnpt.so
7fa303e93000-7fa303e94000 r--p 00002000 08:09 20354                      /usr/lib/jvm/java-6-openjdk/jre/lib/amd64/libnpt.so
7fa303e94000-7fa303e95000 rw-p 00003000 08:09 20354                      /usr/lib/jvm/java-6-openjdk/jre/lib/amd64/libnpt.so
7fa303e95000-7fa303e9f000 r-xp 00000000 08:09 20357                      /usr/lib/jvm/java-6-openjdk/jre/lib/amd64/libinstrument.so
7fa303e9f000-7fa30409e000 ---p 0000a000 08:09 20357                      /usr/lib/jvm/java-6-openjdk/jre/lib/amd64/libinstrument.so
7fa30409e000-7fa30409f000 r--p 00009000 08:09 20357                      /usr/lib/jvm/java-6-openjdk/jre/lib/amd64/libinstrument.so
7fa30409f000-7fa3040a0000 rw-p 0000a000 08:09 20357                      /usr/lib/jvm/java-6-openjdk/jre/lib/amd64/libinstrument.so
7fa3040a0000-7fa3040da000 r-xp 00000000 08:09 20353                      /usr/lib/jvm/java-6-openjdk/jre/lib/amd64/libjdwp.so
7fa3040da000-7fa3042d9000 ---p 0003a000 08:09 20353                      /usr/lib/jvm/java-6-openjdk/jre/lib/amd64/libjdwp.so
7fa3042d9000-7fa3042da000 r--p 00039000 08:09 20353                      /usr/lib/jvm/java-6-openjdk/jre/lib/amd64/libjdwp.so
7fa3042da000-7fa3042db000 rw-p 0003a000 08:09 20353                      /usr/lib/jvm/java-6-openjdk/jre/lib/amd64/libjdwp.so
7fa3042db000-7fa3042f2000 r-xp 00000000 08:09 919768                     /lib/x86_64-linux-gnu/libnsl-2.13.so
7fa3042f2000-7fa3044f1000 ---p 00017000 08:09 919768                     /lib/x86_64-linux-gnu/libnsl-2.13.so
7fa3044f1000-7fa3044f2000 r--p 00016000 08:09 919768                     /lib/x86_64-linux-gnu/libnsl-2.13.so
7fa3044f2000-7fa3044f3000 rw-p 00017000 08:09 919768                     /lib/x86_64-linux-gnu/libnsl-2.13.so
7fa3044f3000-7fa3044f5000 rw-p 00000000 00:00 0 
7fa3044f5000-7fa304521000 r-xp 00000000 08:09 20361                      /usr/lib/jvm/java-6-openjdk/jre/lib/amd64/libjava.so
7fa304521000-7fa304720000 ---p 0002c000 08:09 20361                      /usr/lib/jvm/java-6-openjdk/jre/lib/amd64/libjava.so
7fa304720000-7fa304721000 r--p 0002b000 08:09 20361                      /usr/lib/jvm/java-6-openjdk/jre/lib/amd64/libjava.so
7fa304721000-7fa304724000 rw-p 0002c000 08:09 20361                      /usr/lib/jvm/java-6-openjdk/jre/lib/amd64/libjava.so
7fa304724000-7fa304732000 r-xp 00000000 08:09 20347                      /usr/lib/jvm/java-6-openjdk/jre/lib/amd64/libverify.so
7fa304732000-7fa304931000 ---p 0000e000 08:09 20347                      /usr/lib/jvm/java-6-openjdk/jre/lib/amd64/libverify.so
7fa304931000-7fa304933000 r--p 0000d000 08:09 20347                      /usr/lib/jvm/java-6-openjdk/jre/lib/amd64/libverify.so
7fa304933000-7fa304934000 rw-p 0000f000 08:09 20347                      /usr/lib/jvm/java-6-openjdk/jre/lib/amd64/libverify.so
7fa304934000-7fa30493b000 r-xp 00000000 08:09 919797                     /lib/x86_64-linux-gnu/librt-2.13.so
7fa30493b000-7fa304b3a000 ---p 00007000 08:09 919797                     /lib/x86_64-linux-gnu/librt-2.13.so
7fa304b3a000-7fa304b3b000 r--p 00006000 08:09 919797                     /lib/x86_64-linux-gnu/librt-2.13.so
7fa304b3b000-7fa304b3c000 rw-p 00007000 08:09 919797                     /lib/x86_64-linux-gnu/librt-2.13.so
7fa304b3c000-7fa304b51000 r-xp 00000000 08:09 919756                     /lib/x86_64-linux-gnu/libgcc_s.so.1
7fa304b51000-7fa304d50000 ---p 00015000 08:09 919756                     /lib/x86_64-linux-gnu/libgcc_s.so.1
7fa304d50000-7fa304d51000 r--p 00014000 08:09 919756                     /lib/x86_64-linux-gnu/libgcc_s.so.1
7fa304d51000-7fa304d52000 rw-p 00015000 08:09 919756                     /lib/x86_64-linux-gnu/libgcc_s.so.1
7fa304d52000-7fa304dd6000 r-xp 00000000 08:09 919765                     /lib/x86_64-linux-gnu/libm-2.13.so
7fa304dd6000-7fa304fd5000 ---p 00084000 08:09 919765                     /lib/x86_64-linux-gnu/libm-2.13.so
7fa304fd5000-7fa304fd6000 r--p 00083000 08:09 919765                     /lib/x86_64-linux-gnu/libm-2.13.so
7fa304fd6000-7fa304fd7000 rw-p 00084000 08:09 919765                     /lib/x86_64-linux-gnu/libm-2.13.so
7fa304fd7000-7fa3050bf000 r-xp 00000000 08:09 796674                     /usr/lib/x86_64-linux-gnu/libstdc++.so.6.0.14
7fa3050bf000-7fa3052be000 ---p 000e8000 08:09 796674                     /usr/lib/x86_64-linux-gnu/libstdc++.so.6.0.14
7fa3052be000-7fa3052c6000 r--p 000e7000 08:09 796674                     /usr/lib/x86_64-linux-gnu/libstdc++.so.6.0.14
7fa3052c6000-7fa3052c8000 rw-p 000ef000 08:09 796674                     /usr/lib/x86_64-linux-gnu/libstdc++.so.6.0.14
7fa3052c8000-7fa3052dd000 rw-p 00000000 00:00 0 
7fa3052dd000-7fa305c32000 r-xp 00000000 08:09 20365                      /usr/lib/jvm/java-6-openjdk/jre/lib/amd64/server/libjvm.so
7fa305c32000-7fa305e31000 ---p 00955000 08:09 20365                      /usr/lib/jvm/java-6-openjdk/jre/lib/amd64/server/libjvm.so
7fa305e31000-7fa305eb2000 r--p 00954000 08:09 20365                      /usr/lib/jvm/java-6-openjdk/jre/lib/amd64/server/libjvm.so
7fa305eb2000-7fa305ecd000 rw-p 009d5000 08:09 20365                      /usr/lib/jvm/java-6-openjdk/jre/lib/amd64/server/libjvm.so
7fa305ecd000-7fa305ef6000 rw-p 00000000 00:00 0 
7fa305ef6000-7fa306080000 r-xp 00000000 08:09 919728                     /lib/x86_64-linux-gnu/libc-2.13.so
7fa306080000-7fa30627f000 ---p 0018a000 08:09 919728                     /lib/x86_64-linux-gnu/libc-2.13.so
7fa30627f000-7fa306283000 r--p 00189000 08:09 919728                     /lib/x86_64-linux-gnu/libc-2.13.so
7fa306283000-7fa306284000 rw-p 0018d000 08:09 919728                     /lib/x86_64-linux-gnu/libc-2.13.so
7fa306284000-7fa30628a000 rw-p 00000000 00:00 0 
7fa30628a000-7fa30628c000 r-xp 00000000 08:09 919738                     /lib/x86_64-linux-gnu/libdl-2.13.so
7fa30628c000-7fa30648c000 ---p 00002000 08:09 919738                     /lib/x86_64-linux-gnu/libdl-2.13.so
7fa30648c000-7fa30648d000 r--p 00002000 08:09 919738                     /lib/x86_64-linux-gnu/libdl-2.13.so
7fa30648d000-7fa30648e000 rw-p 00003000 08:09 919738                     /lib/x86_64-linux-gnu/libdl-2.13.so
7fa30648e000-7fa306492000 r-xp 00000000 08:09 20345                      /usr/lib/jvm/java-6-openjdk/jre/lib/amd64/jli/libjli.so
7fa306492000-7fa306691000 ---p 00004000 08:09 20345                      /usr/lib/jvm/java-6-openjdk/jre/lib/amd64/jli/libjli.so
7fa306691000-7fa306692000 r--p 00003000 08:09 20345                      /usr/lib/jvm/java-6-openjdk/jre/lib/amd64/jli/libjli.so
7fa306692000-7fa306693000 rw-p 00004000 08:09 20345                      /usr/lib/jvm/java-6-openjdk/jre/lib/amd64/jli/libjli.so
7fa306693000-7fa3066ab000 r-xp 00000000 08:09 919793                     /lib/x86_64-linux-gnu/libpthread-2.13.so
7fa3066ab000-7fa3068ab000 ---p 00018000 08:09 919793                     /lib/x86_64-linux-gnu/libpthread-2.13.so
7fa3068ab000-7fa3068ac000 r--p 00018000 08:09 919793                     /lib/x86_64-linux-gnu/libpthread-2.13.so
7fa3068ac000-7fa3068ad000 rw-p 00019000 08:09 919793                     /lib/x86_64-linux-gnu/libpthread-2.13.so
7fa3068ad000-7fa3068b1000 rw-p 00000000 00:00 0 
7fa3068b1000-7fa3068c8000 r-xp 00000000 08:09 919811                     /lib/x86_64-linux-gnu/libz.so.1.2.3.4
7fa3068c8000-7fa306ac7000 ---p 00017000 08:09 919811                     /lib/x86_64-linux-gnu/libz.so.1.2.3.4
7fa306ac7000-7fa306ac8000 r--p 00016000 08:09 919811                     /lib/x86_64-linux-gnu/libz.so.1.2.3.4
7fa306ac8000-7fa306ac9000 rw-p 00017000 08:09 919811                     /lib/x86_64-linux-gnu/libz.so.1.2.3.4
7fa306ac9000-7fa306aea000 r-xp 00000000 08:09 919715                     /lib/x86_64-linux-gnu/ld-2.13.so
7fa306aec000-7fa306aed000 r--s 00000000 08:09 1077892                    /opt/play-1.2.3/framework/lib/javax.inject-1.0.jar
7fa306aed000-7fa306aee000 r--s 00002000 08:09 1077889                    /opt/play-1.2.3/framework/lib/slf4j-log4j12-1.6.1.jar
7fa306aee000-7fa306af4000 r--s 00032000 08:09 1077887                    /opt/play-1.2.3/framework/lib/jaxen-1.1.jar
7fa306af4000-7fa306afb000 r--s 00038000 08:09 1077886                    /opt/play-1.2.3/framework/lib/jj-wikitext.jar
7fa306afb000-7fa306aff000 r--s 0007c000 08:09 20245                      /usr/lib/jvm/java-6-openjdk/jre/lib/jsse.jar
7fa306aff000-7fa306b13000 rw-p 00000000 00:00 0 
7fa306b13000-7fa306bbf000 rw-p 00000000 00:00 0 
7fa306bbf000-7fa306bc2000 ---p 00000000 00:00 0 
7fa306bc2000-7fa306cc5000 rw-p 00000000 00:00 0 
7fa306cc5000-7fa306cc6000 r--s 00001000 08:09 1077452                    /opt/play-1.2.3/modules/testrunner/lib/play-testrunner.jar
7fa306cc6000-7fa306cc7000 rw-p 00000000 00:00 0 
7fa306cc7000-7fa306cd2000 r--s 000b8000 08:09 1077544                    /opt/play-1.2.3/framework/play-1.2.3.jar
7fa306cd2000-7fa306cda000 r--s 00066000 08:09 1188916                    /usr/share/java/gnome-java-bridge.jar
7fa306cda000-7fa306cdd000 r--s 0000f000 08:09 20274                      /usr/lib/jvm/java-6-openjdk/jre/lib/ext/pulse-java.jar
7fa306cdd000-7fa306ce5000 rw-s 00000000 08:09 941061                     /tmp/hsperfdata_fm/7222
7fa306ce5000-7fa306ce6000 rw-p 00000000 00:00 0 
7fa306ce6000-7fa306ce7000 r--p 00000000 00:00 0 
7fa306ce7000-7fa306ce9000 rw-p 00000000 00:00 0 
7fa306ce9000-7fa306cea000 r--p 00020000 08:09 919715                     /lib/x86_64-linux-gnu/ld-2.13.so
7fa306cea000-7fa306cec000 rw-p 00021000 08:09 919715                     /lib/x86_64-linux-gnu/ld-2.13.so
7ffff8ea0000-7ffff8ec2000 rw-p 00000000 00:00 0                          [stack]
7ffff8ee2000-7ffff8ee3000 r-xp 00000000 00:00 0                          [vdso]
ffffffffff600000-ffffffffff601000 r-xp 00000000 00:00 0                  [vsyscall]

VM Arguments:
jvm_args: -javaagent:/opt/play-1.2.3/framework/play-1.2.3.jar -Dfile.encoding=utf-8 -Xdebug -Xrunjdwp:transport=dt_socket,address=8000,server=y,suspend=n -Dplay.debug=yes -Dapplication.path=/home/fm/workspace/sinau -Dplay.id=test 
java_command: play.server.Server 
Launcher Type: SUN_STANDARD

Environment Variables:
PATH=/usr/local/sbin:/usr/local/bin:/usr/sbin:/usr/bin:/sbin:/bin:/usr/games:/opt/MATLAB/R2011a/bin:/opt/eclipse:/opt/aptana:/opt/play-1.2.3
USERNAME=fm
LD_LIBRARY_PATH=/usr/lib/jvm/java-6-openjdk/jre/lib/amd64/server:/usr/lib/jvm/java-6-openjdk/jre/lib/amd64:/usr/lib/jvm/java-6-openjdk/jre/../lib/amd64
SHELL=/bin/bash
DISPLAY=:0

Signal Handlers:
SIGSEGV: [libjvm.so+0x7d0f60], sa_mask[0]=0x7ffbfeff, sa_flags=0x10000004
SIGBUS: [libjvm.so+0x7d0f60], sa_mask[0]=0x7ffbfeff, sa_flags=0x10000004
SIGFPE: [libjvm.so+0x683760], sa_mask[0]=0x7ffbfeff, sa_flags=0x10000004
SIGPIPE: [libjvm.so+0x683760], sa_mask[0]=0x7ffbfeff, sa_flags=0x10000004
SIGXFSZ: [libjvm.so+0x683760], sa_mask[0]=0x7ffbfeff, sa_flags=0x10000004
SIGILL: [libjvm.so+0x683760], sa_mask[0]=0x7ffbfeff, sa_flags=0x10000004
SIGUSR1: SIG_DFL, sa_mask[0]=0x00000000, sa_flags=0x00000000
SIGUSR2: [libjvm.so+0x683930], sa_mask[0]=0x00000000, sa_flags=0x10000004
SIGHUP: [libjvm.so+0x6862d0], sa_mask[0]=0x7ffbfeff, sa_flags=0x10000004
SIGINT: [libjvm.so+0x6862d0], sa_mask[0]=0x7ffbfeff, sa_flags=0x10000004
SIGTERM: [libjvm.so+0x6862d0], sa_mask[0]=0x7ffbfeff, sa_flags=0x10000004
SIGQUIT: [libjvm.so+0x6862d0], sa_mask[0]=0x7ffbfeff, sa_flags=0x10000004


---------------  S Y S T E M  ---------------

OS:LinuxMint 11 (katya)
uname:Linux 2.6.38-8-generic #42-Ubuntu SMP Mon Apr 11 03:31:24 UTC 2011 x86_64
libc:glibc 2.13 NPTL 2.13 
rlimit: STACK 8192k, CORE 0k, NPROC infinity, NOFILE 4096, AS infinity
load average:0.14 0.13 0.09

/proc/meminfo:
MemTotal:        4058628 kB
MemFree:           36904 kB
Buffers:          354656 kB
Cached:          1083584 kB
SwapCached:           64 kB
Active:          2429864 kB
Inactive:        1319656 kB
Active(anon):    1728496 kB
Inactive(anon):   615204 kB
Active(file):     701368 kB
Inactive(file):   704452 kB
Unevictable:          64 kB
Mlocked:              64 kB
SwapTotal:       4192252 kB
SwapFree:        4191552 kB
Dirty:               356 kB
Writeback:             0 kB
AnonPages:       2311340 kB
Mapped:           226324 kB
Shmem:             32248 kB
Slab:              93400 kB
SReclaimable:      66416 kB
SUnreclaim:        26984 kB
KernelStack:        3760 kB
PageTables:        40300 kB
NFS_Unstable:          0 kB
Bounce:                0 kB
WritebackTmp:          0 kB
CommitLimit:     6221564 kB
Committed_AS:    4661708 kB
VmallocTotal:   34359738367 kB
VmallocUsed:      327980 kB
VmallocChunk:   34359388156 kB
HardwareCorrupted:     0 kB
HugePages_Total:       0
HugePages_Free:        0
HugePages_Rsvd:        0
HugePages_Surp:        0
Hugepagesize:       2048 kB
DirectMap4k:       91648 kB
DirectMap2M:     4102144 kB


CPU:total 2 (2 cores per cpu, 1 threads per core) family 6 model 23 stepping 6, cmov, cx8, fxsr, mmx, sse, sse2, sse3, ssse3, sse4.1

Memory: 4k page, physical 4058628k(36904k free), swap 4192252k(4191552k free)

vm_info: OpenJDK 64-Bit Server VM (20.0-b11) for linux-amd64 JRE (1.6.0_22-b22), built on Jun 11 2011 05:56:16 by "buildd" with gcc 4.5.2

time: Wed Oct  5 21:25:27 2011
elapsed time: 9372 seconds

