#
# A fatal error has been detected by the Java Runtime Environment:
#
#  SIGSEGV (0xb) at pc=0x00007ff44aaa43f8, pid=3021, tid=140687017211648
#
# JRE version: 6.0_22-b22
# Java VM: OpenJDK 64-Bit Server VM (20.0-b11 mixed mode linux-amd64 compressed oops)
# Derivative: IcedTea6 1.10.2
# Distribution: Ubuntu 11.04, package 6b22-1.10.2-0ubuntu1~11.04.1
# Problematic frame:
# V  [libjvm.so+0x5ec3f8]  PhaseIdealLoop::build_loop_late_post(Node*)+0x158
#
# If you would like to submit a bug report, please include
# instructions how to reproduce the bug and visit:
#   https://bugs.launchpad.net/ubuntu/+source/openjdk-6/
#

---------------  T H R E A D  ---------------

Current thread (0x00007ff440057800):  JavaThread "C2 CompilerThread1" daemon [_thread_in_native, id=3032, stack(0x00007ff43f9f7000,0x00007ff43faf8000)]

siginfo:si_signo=SIGSEGV: si_errno=0, si_code=1 (SEGV_MAPERR), si_addr=0x0000000000000008

Registers:
RAX=0x0000000000000000, RBX=0x00007ff43faf4990, RCX=0x00007ff44109c6d0, RDX=0x0000000000002000
RSP=0x00007ff43faf31b0, RBP=0x00007ff43faf31f0, RSI=0x00007ff4418dc870, RDI=0x0000000000000000
R8 =0x00007ff440998950, R9 =0x00007ff43faf4990, R10=0x00007ff4418dc870, R11=0x0000000000000000
R12=0x00007ff440209530, R13=0x000000000104ea78, R14=0x00007ff43faf49b0, R15=0x00007ff4402c92f8
RIP=0x00007ff44aaa43f8, EFLAGS=0x0000000000010287, CSGSFS=0x0000000000000033, ERR=0x0000000000000004
  TRAPNO=0x000000000000000e

Top of Stack: (sp=0x00007ff43faf31b0)
0x00007ff43faf31b0:   00000000012d2f80 00007ff43faf3480
0x00007ff43faf31c0:   00007ff43faf31f0 00007ff43faf4990
0x00007ff43faf31d0:   0000000000000002 00007ff440209530
0x00007ff43faf31e0:   00000000011e2d38 00007ff43faf3480
0x00007ff43faf31f0:   00007ff43faf3260 00007ff44aaa49db
0x00007ff43faf3200:   0000000000000001 00007ff400000100
0x00007ff43faf3210:   00007ff400000001 00007ff43faf5330
0x00007ff43faf3220:   00007ff43faf3460 00007ff43faf34c0
0x00007ff43faf3230:   0000000000001692 00007ff43faf4990
0x00007ff43faf3240:   0000000000000001 0000000000000002
0x00007ff43faf3250:   0000000000000001 00007ff4401d7ed0
0x00007ff43faf3260:   00007ff43faf3510 00007ff44aaa5317
0x00007ff43faf3270:   00000000c225ba10 00007ff44ac4d016
0x00007ff43faf3280:   00007ff43faf32d0 00007ff4401d7e60
0x00007ff43faf3290:   00007ff43faf32e0 00007ff43faf49b0
0x00007ff43faf32a0:   00007ff43faf32d0 00007ff441bb90c0
0x00007ff43faf32b0:   00007ff44b09b8a0 00000000c225ba10
0x00007ff43faf32c0:   00007ff43faf3310 00007ff44ab21c07
0x00007ff43faf32d0:   00007ff43faf32f0 00007ff44ab21167
0x00007ff43faf32e0:   00007ff43faf3310 0000000000000000
0x00007ff43faf32f0:   00007ff43faf3310 0000000000007fb0
0x00007ff43faf3300:   00007ff400001002 00007ff43faf3340
0x00007ff43faf3310:   00007ff43faf3330 00007ff44a942605
0x00007ff43faf3320:   00007ff4422da580 00007ff440272670
0x00007ff43faf3330:   00007ff4403cd290 000000003faf3f80
0x00007ff43faf3340:   00007ff43faf33a0 00007ff4402cacd0
0x00007ff43faf3350:   00007ff440272720 00007ff440000020
0x00007ff43faf3360:   00007ff43faf33f0 0000000000010010
0x00007ff43faf3370:   00007ff440726760 0000000000010000
0x00007ff43faf3380:   00007ff440726898 0000000000008010
0x00007ff43faf3390:   00000000000007ff 00007ff43faf33d0
0x00007ff43faf33a0:   00007ff43faf33c0 00007ff44a7e1741 

Instructions: (pc=0x00007ff44aaa43f8)
0x00007ff44aaa43d8:   84 d8 03 00 00 8b 70 28 49 89 c7 0f 1f 44 00 00
0x00007ff44aaa43e8:   4c 8b 93 e0 09 00 00 89 f6 49 8d 34 f2 48 8b 06
0x00007ff44aaa43f8:   48 8b 50 08 48 83 3a 00 75 27 8b 4b 28 0f 1f 00
0x00007ff44aaa4408:   8b 50 28 31 c0 39 ca 73 0e 48 8b 43 30 89 d2 48 

Register to memory mapping:

RAX=0x0000000000000000 is an unknown value
RBX=0x00007ff43faf4990 is pointing into the stack for thread: 0x00007ff440057800
RCX=0x00007ff44109c6d0 is an unknown value
RDX=0x0000000000002000 is an unknown value
RSP=0x00007ff43faf31b0 is pointing into the stack for thread: 0x00007ff440057800
RBP=0x00007ff43faf31f0 is pointing into the stack for thread: 0x00007ff440057800
RSI=0x00007ff4418dc870 is an unknown value
RDI=0x0000000000000000 is an unknown value
R8 =0x00007ff440998950 is an unknown value
R9 =0x00007ff43faf4990 is pointing into the stack for thread: 0x00007ff440057800
R10=0x00007ff4418dc870 is an unknown value
R11=0x0000000000000000 is an unknown value
R12=0x00007ff440209530 is an unknown value
R13=0x000000000104ea78 is an unknown value
R14=0x00007ff43faf49b0 is pointing into the stack for thread: 0x00007ff440057800
R15=0x00007ff4402c92f8 is an unknown value


Stack: [0x00007ff43f9f7000,0x00007ff43faf8000],  sp=0x00007ff43faf31b0,  free space=1008k
Native frames: (J=compiled Java code, j=interpreted, Vv=VM code, C=native code)
V  [libjvm.so+0x5ec3f8]  PhaseIdealLoop::build_loop_late_post(Node*)+0x158
V  [libjvm.so+0x5ec9db]  PhaseIdealLoop::build_loop_late(VectorSet&, Node_List&, Node_Stack&)+0x10b
V  [libjvm.so+0x5ed317]  PhaseIdealLoop::build_and_optimize(bool, bool)+0x757
V  [libjvm.so+0x3929b5]  Compile::Optimize()+0xdc5
V  [libjvm.so+0x393649]  Compile::Compile(ciEnv*, C2Compiler*, ciMethod*, int, bool, bool)+0xae9
V  [libjvm.so+0x319a20]  C2Compiler::compile_method(ciEnv*, ciMethod*, int)+0xe0
V  [libjvm.so+0x397f24]  CompileBroker::invoke_compiler_on_method(CompileTask*)+0x294
V  [libjvm.so+0x398771]  CompileBroker::compiler_thread_loop()+0x381
V  [libjvm.so+0x793618]  JavaThread::thread_main_inner()+0x58
V  [libjvm.so+0x686c02]  java_start(Thread*)+0x112


Current CompileTask:
C2: 716476 869      jregex.Pretokenizer.next()V (1064 bytes)


---------------  P R O C E S S  ---------------

Java Threads: ( => current thread )
  0x00007ff4421c9800 JavaThread "pool-2-thread-10" [_thread_blocked, id=3197, stack(0x00007ff43da7f000,0x00007ff43db80000)]
  0x00007ff4423d5800 JavaThread "New I/O server worker #1-3" [_thread_in_native, id=3196, stack(0x00007ff43dc81000,0x00007ff43dd82000)]
  0x00007ff440367000 JavaThread "New I/O server worker #1-2" [_thread_in_native, id=3186, stack(0x00007ff43db80000,0x00007ff43dc81000)]
  0x0000000001f64800 JavaThread "net.sf.ehcache.CacheManager@2810b7f7" daemon [_thread_blocked, id=3172, stack(0x00007ff43ebd7000,0x00007ff43ecd8000)]
  0x00007ff4422d1000 JavaThread "com.mchange.v2.async.ThreadPoolAsynchronousRunner$PoolThread-#2" daemon [_thread_blocked, id=3046, stack(0x00007ff43e5cc000,0x00007ff43e6cd000)]
  0x00007ff4418d5000 JavaThread "com.mchange.v2.async.ThreadPoolAsynchronousRunner$PoolThread-#1" daemon [_thread_blocked, id=3045, stack(0x00007ff43e6cd000,0x00007ff43e7ce000)]
  0x00007ff44204b000 JavaThread "com.mchange.v2.async.ThreadPoolAsynchronousRunner$PoolThread-#0" daemon [_thread_blocked, id=3044, stack(0x00007ff43e7ce000,0x00007ff43e8cf000)]
  0x00007ff441f6b000 JavaThread "Timer-0" daemon [_thread_blocked, id=3043, stack(0x00007ff43e8cf000,0x00007ff43e9d0000)]
  0x0000000001190000 JavaThread "play-thread-1" [_thread_in_vm, id=3041, stack(0x00007ff43ecd8000,0x00007ff43edd9000)]
  0x00007ff440565000 JavaThread "pool-2-thread-3" [_thread_blocked, id=3039, stack(0x00007ff43eeda000,0x00007ff43efdb000)]
  0x00007ff44011d800 JavaThread "DestroyJavaVM" [_thread_blocked, id=3022, stack(0x00007ff44bd9a000,0x00007ff44be9b000)]
  0x00007ff440286000 JavaThread "New I/O server boss #1 ([id: 0x5f18223d, /0:0:0:0:0:0:0:0:9000])" [_thread_in_native, id=3035, stack(0x00007ff43f1dd000,0x00007ff43f2de000)]
  0x00007ff44005a000 JavaThread "Low Memory Detector" daemon [_thread_blocked, id=3033, stack(0x00007ff43f8f6000,0x00007ff43f9f7000)]
=>0x00007ff440057800 JavaThread "C2 CompilerThread1" daemon [_thread_in_native, id=3032, stack(0x00007ff43f9f7000,0x00007ff43faf8000)]
  0x00007ff440054800 JavaThread "C2 CompilerThread0" daemon [_thread_in_native, id=3031, stack(0x00007ff43faf8000,0x00007ff43fbf9000)]
  0x00007ff440052000 JavaThread "JDWP Event Helper Thread" daemon [_thread_blocked, id=3030, stack(0x00007ff43fbf9000,0x00007ff43fcfa000)]
  0x00007ff44004e800 JavaThread "JDWP Transport Listener: dt_socket" daemon [_thread_in_native, id=3029, stack(0x00007ff43fcfa000,0x00007ff43fdfb000)]
  0x00007ff44001d000 JavaThread "Signal Dispatcher" daemon [_thread_blocked, id=3028, stack(0x00007ff4440e2000,0x00007ff4441e3000)]
  0x0000000000ea5800 JavaThread "Finalizer" daemon [_thread_blocked, id=3027, stack(0x00007ff4441e3000,0x00007ff4442e4000)]
  0x0000000000ea3800 JavaThread "Reference Handler" daemon [_thread_blocked, id=3026, stack(0x00007ff4442e4000,0x00007ff4443e5000)]

Other Threads:
  0x0000000000e9c800 VMThread [stack: 0x00007ff4443e5000,0x00007ff4444e6000] [id=3025]
  0x00007ff44005c800 WatcherThread [stack: 0x00007ff43f7f5000,0x00007ff43f8f6000] [id=3034]

VM state:not at safepoint (normal execution)

VM Mutex/Monitor currently owned by a thread: None

Heap
 PSYoungGen      total 49088K, used 36100K [0x00000000eb560000, 0x00000000eede0000, 0x0000000100000000)
  eden space 44032K, 79% used [0x00000000eb560000,0x00000000ed771258,0x00000000ee060000)
  from space 5056K, 24% used [0x00000000ee8f0000,0x00000000eea20000,0x00000000eede0000)
  to   space 6912K, 0% used [0x00000000ee060000,0x00000000ee060000,0x00000000ee720000)
 PSOldGen        total 42304K, used 16577K [0x00000000c2000000, 0x00000000c4950000, 0x00000000eb560000)
  object space 42304K, 39% used [0x00000000c2000000,0x00000000c3030798,0x00000000c4950000)
 PSPermGen       total 52736K, used 52616K [0x00000000b7a00000, 0x00000000bad80000, 0x00000000c2000000)
  object space 52736K, 99% used [0x00000000b7a00000,0x00000000bad623c0,0x00000000bad80000)

Code Cache  [0x00007ff444fb8000, 0x00007ff4454d8000, 0x00007ff447fb8000)
 total_blobs=1499 nmethods=845 adapters=615 free_code_cache=45084800 largest_free_block=58176

Dynamic libraries:
00400000-00409000 r-xp 00000000 08:09 20329                              /usr/lib/jvm/java-6-openjdk/jre/bin/java
00608000-00609000 r--p 00008000 08:09 20329                              /usr/lib/jvm/java-6-openjdk/jre/bin/java
00609000-0060a000 rw-p 00009000 08:09 20329                              /usr/lib/jvm/java-6-openjdk/jre/bin/java
00e29000-03ea4000 rw-p 00000000 00:00 0                                  [heap]
b7a00000-bad80000 rw-p 00000000 00:00 0 
bad80000-c2000000 rw-p 00000000 00:00 0 
c2000000-c4950000 rw-p 00000000 00:00 0 
c4950000-eb560000 rw-p 00000000 00:00 0 
eb560000-eede0000 rw-p 00000000 00:00 0 
eede0000-ef9d0000 ---p 00000000 00:00 0 
ef9d0000-100000000 rw-p 00000000 00:00 0 
7ff43da7f000-7ff43da82000 ---p 00000000 00:00 0 
7ff43da82000-7ff43db80000 rw-p 00000000 00:00 0 
7ff43db80000-7ff43db83000 ---p 00000000 00:00 0 
7ff43db83000-7ff43dc81000 rw-p 00000000 00:00 0 
7ff43dc81000-7ff43dc84000 ---p 00000000 00:00 0 
7ff43dc84000-7ff43dd82000 rw-p 00000000 00:00 0 
7ff43dd82000-7ff43dd85000 ---p 00000000 00:00 0 
7ff43dd85000-7ff43de83000 rw-p 00000000 00:00 0 
7ff43de83000-7ff43de9a000 r-xp 00000000 08:09 919795                     /lib/x86_64-linux-gnu/libresolv-2.13.so
7ff43de9a000-7ff43e09a000 ---p 00017000 08:09 919795                     /lib/x86_64-linux-gnu/libresolv-2.13.so
7ff43e09a000-7ff43e09b000 r--p 00017000 08:09 919795                     /lib/x86_64-linux-gnu/libresolv-2.13.so
7ff43e09b000-7ff43e09c000 rw-p 00018000 08:09 919795                     /lib/x86_64-linux-gnu/libresolv-2.13.so
7ff43e09c000-7ff43e09e000 rw-p 00000000 00:00 0 
7ff43e09e000-7ff43e0a5000 r-xp 00000000 08:09 919772                     /lib/x86_64-linux-gnu/libnss_dns-2.13.so
7ff43e0a5000-7ff43e2a4000 ---p 00007000 08:09 919772                     /lib/x86_64-linux-gnu/libnss_dns-2.13.so
7ff43e2a4000-7ff43e2a5000 r--p 00006000 08:09 919772                     /lib/x86_64-linux-gnu/libnss_dns-2.13.so
7ff43e2a5000-7ff43e2a6000 rw-p 00007000 08:09 919772                     /lib/x86_64-linux-gnu/libnss_dns-2.13.so
7ff43e2a6000-7ff43e2a8000 r-xp 00000000 08:09 915782                     /lib/libnss_mdns4_minimal.so.2
7ff43e2a8000-7ff43e4a7000 ---p 00002000 08:09 915782                     /lib/libnss_mdns4_minimal.so.2
7ff43e4a7000-7ff43e4a8000 r--p 00001000 08:09 915782                     /lib/libnss_mdns4_minimal.so.2
7ff43e4a8000-7ff43e4a9000 rw-p 00002000 08:09 915782                     /lib/libnss_mdns4_minimal.so.2
7ff43e4c6000-7ff43e4c9000 r--s 00031000 08:09 20271                      /usr/lib/jvm/java-6-openjdk/jre/lib/ext/sunjce_provider.jar
7ff43e4c9000-7ff43e4cb000 r--s 00013000 08:09 20246                      /usr/lib/jvm/java-6-openjdk/jre/lib/jce.jar
7ff43e4cb000-7ff43e4ce000 ---p 00000000 00:00 0 
7ff43e4ce000-7ff43e5cc000 rw-p 00000000 00:00 0 
7ff43e5cc000-7ff43e5cf000 ---p 00000000 00:00 0 
7ff43e5cf000-7ff43e6cd000 rw-p 00000000 00:00 0 
7ff43e6cd000-7ff43e6d0000 ---p 00000000 00:00 0 
7ff43e6d0000-7ff43e7ce000 rw-p 00000000 00:00 0 
7ff43e7ce000-7ff43e7d1000 ---p 00000000 00:00 0 
7ff43e7d1000-7ff43e8cf000 rw-p 00000000 00:00 0 
7ff43e8cf000-7ff43e8d2000 ---p 00000000 00:00 0 
7ff43e8d2000-7ff43e9d0000 rw-p 00000000 00:00 0 
7ff43e9d0000-7ff43e9d6000 r-xp 00000000 08:09 20374                      /usr/lib/jvm/java-6-openjdk/jre/lib/amd64/libmanagement.so
7ff43e9d6000-7ff43ebd5000 ---p 00006000 08:09 20374                      /usr/lib/jvm/java-6-openjdk/jre/lib/amd64/libmanagement.so
7ff43ebd5000-7ff43ebd6000 r--p 00005000 08:09 20374                      /usr/lib/jvm/java-6-openjdk/jre/lib/amd64/libmanagement.so
7ff43ebd6000-7ff43ebd7000 rw-p 00006000 08:09 20374                      /usr/lib/jvm/java-6-openjdk/jre/lib/amd64/libmanagement.so
7ff43ebd7000-7ff43ebda000 ---p 00000000 00:00 0 
7ff43ebda000-7ff43ecd8000 rw-p 00000000 00:00 0 
7ff43ecd8000-7ff43ecdb000 ---p 00000000 00:00 0 
7ff43ecdb000-7ff43edd9000 rw-p 00000000 00:00 0 
7ff43edd9000-7ff43eddc000 ---p 00000000 00:00 0 
7ff43eddc000-7ff43eeda000 rw-p 00000000 00:00 0 
7ff43eeda000-7ff43eedd000 ---p 00000000 00:00 0 
7ff43eedd000-7ff43efdb000 rw-p 00000000 00:00 0 
7ff43efdb000-7ff43efde000 ---p 00000000 00:00 0 
7ff43efde000-7ff43f0dc000 rw-p 00000000 00:00 0 
7ff43f0dc000-7ff43f0df000 ---p 00000000 00:00 0 
7ff43f0df000-7ff43f1dd000 rw-p 00000000 00:00 0 
7ff43f1dd000-7ff43f1e0000 ---p 00000000 00:00 0 
7ff43f1e0000-7ff43f2de000 rw-p 00000000 00:00 0 
7ff43f2de000-7ff43f2e6000 r-xp 00000000 08:09 20338                      /usr/lib/jvm/java-6-openjdk/jre/lib/amd64/libnio.so
7ff43f2e6000-7ff43f4e5000 ---p 00008000 08:09 20338                      /usr/lib/jvm/java-6-openjdk/jre/lib/amd64/libnio.so
7ff43f4e5000-7ff43f4e6000 r--p 00007000 08:09 20338                      /usr/lib/jvm/java-6-openjdk/jre/lib/amd64/libnio.so
7ff43f4e6000-7ff43f4e7000 rw-p 00008000 08:09 20338                      /usr/lib/jvm/java-6-openjdk/jre/lib/amd64/libnio.so
7ff43f4e7000-7ff43f4fc000 r-xp 00000000 08:09 20348                      /usr/lib/jvm/java-6-openjdk/jre/lib/amd64/libnet.so
7ff43f4fc000-7ff43f6fb000 ---p 00015000 08:09 20348                      /usr/lib/jvm/java-6-openjdk/jre/lib/amd64/libnet.so
7ff43f6fb000-7ff43f6fc000 r--p 00014000 08:09 20348                      /usr/lib/jvm/java-6-openjdk/jre/lib/amd64/libnet.so
7ff43f6fc000-7ff43f6fd000 rw-p 00015000 08:09 20348                      /usr/lib/jvm/java-6-openjdk/jre/lib/amd64/libnet.so
7ff43f6fd000-7ff43f6ff000 r--s 0000d000 08:09 1077944                    /opt/play-1.2.3/framework/lib/commons-logging-1.1.1.jar
7ff43f6ff000-7ff43f701000 r--s 00005000 08:09 1077943                    /opt/play-1.2.3/framework/lib/slf4j-api-1.6.1.jar
7ff43f701000-7ff43f709000 r--s 0008a000 08:09 1077940                    /opt/play-1.2.3/framework/lib/javassist-3.9.0.GA.jar
7ff43f709000-7ff43f72e000 r--s 00172000 08:09 1077939                    /opt/play-1.2.3/framework/lib/bcprov-jdk15-1.45.jar
7ff43f72e000-7ff43f734000 r--s 0007e000 08:09 1077938                    /opt/play-1.2.3/framework/lib/postgresql-9.0.jar
7ff43f734000-7ff43f73d000 r--s 0005d000 08:09 1077937                    /opt/play-1.2.3/framework/lib/hibernate-entitymanager-3.6.0.Final.jar
7ff43f73d000-7ff43f743000 r--s 00040000 08:09 1077934                    /opt/play-1.2.3/framework/lib/memcached-2.6.jar
7ff43f743000-7ff43f74a000 r--s 00059000 08:09 1077933                    /opt/play-1.2.3/framework/lib/log4j-1.2.15.jar
7ff43f74a000-7ff43f755000 r--s 00124000 08:09 1077932                    /opt/play-1.2.3/framework/lib/h2-1.3.149.jar
7ff43f755000-7ff43f759000 r--s 00027000 08:09 1077929                    /opt/play-1.2.3/framework/lib/gson-1.7.1.jar
7ff43f759000-7ff43f75e000 r--s 00014000 08:09 1077928                    /opt/play-1.2.3/framework/lib/hibernate-jpa-2.0-api-1.0.0.Final.jar
7ff43f75e000-7ff43f764000 r--s 00067000 08:09 1077927                    /opt/play-1.2.3/framework/lib/antlr-2.7.6.jar
7ff43f764000-7ff43f76f000 r--s 0005a000 08:09 1077926                    /opt/play-1.2.3/framework/lib/xstream-1.3.jar
7ff43f76f000-7ff43f7c3000 r--s 00516000 08:09 1077924                    /opt/play-1.2.3/framework/lib/groovy-all-1.7.7.jar
7ff43f7c3000-7ff43f7f5000 r--s 002c7000 08:09 1077920                    /opt/play-1.2.3/framework/lib/hibernate-core-3.6.1.Final.jar
7ff43f7f5000-7ff43f7f6000 ---p 00000000 00:00 0 
7ff43f7f6000-7ff43f8f6000 rw-p 00000000 00:00 0 
7ff43f8f6000-7ff43f8f9000 ---p 00000000 00:00 0 
7ff43f8f9000-7ff43f9f7000 rw-p 00000000 00:00 0 
7ff43f9f7000-7ff43f9fa000 ---p 00000000 00:00 0 
7ff43f9fa000-7ff43faf8000 rw-p 00000000 00:00 0 
7ff43faf8000-7ff43fafb000 ---p 00000000 00:00 0 
7ff43fafb000-7ff43fbf9000 rw-p 00000000 00:00 0 
7ff43fbf9000-7ff43fbfc000 ---p 00000000 00:00 0 
7ff43fbfc000-7ff43fcfa000 rw-p 00000000 00:00 0 
7ff43fcfa000-7ff43fcfd000 ---p 00000000 00:00 0 
7ff43fcfd000-7ff43fdfb000 rw-p 00000000 00:00 0 
7ff43fdfb000-7ff43fdff000 r-xp 00000000 08:09 20337                      /usr/lib/jvm/java-6-openjdk/jre/lib/amd64/libdt_socket.so
7ff43fdff000-7ff43fffe000 ---p 00004000 08:09 20337                      /usr/lib/jvm/java-6-openjdk/jre/lib/amd64/libdt_socket.so
7ff43fffe000-7ff43ffff000 r--p 00003000 08:09 20337                      /usr/lib/jvm/java-6-openjdk/jre/lib/amd64/libdt_socket.so
7ff43ffff000-7ff440000000 rw-p 00004000 08:09 20337                      /usr/lib/jvm/java-6-openjdk/jre/lib/amd64/libdt_socket.so
7ff440000000-7ff443ff9000 rw-p 00000000 00:00 0 
7ff443ff9000-7ff444000000 ---p 00000000 00:00 0 
7ff444001000-7ff444003000 r--s 0000b000 08:09 1077942                    /opt/play-1.2.3/framework/lib/jj-textile.jar
7ff444003000-7ff444005000 r--s 00015000 08:09 1077941                    /opt/play-1.2.3/framework/lib/jregex-1.2_01.jar
7ff444005000-7ff444008000 r--s 0000f000 08:09 1077925                    /opt/play-1.2.3/framework/lib/geronimo-servlet_2.5_spec-1.2.jar
7ff444008000-7ff44400a000 r--s 0000e000 08:09 1077923                    /opt/play-1.2.3/framework/lib/commons-javaflow-1066591.jar
7ff44400a000-7ff444018000 r--s 0007f000 08:09 1077922                    /opt/play-1.2.3/framework/lib/commons-collections-3.2.1.jar
7ff444018000-7ff44401e000 r--s 00038000 08:09 1077921                    /opt/play-1.2.3/framework/lib/snakeyaml-1.7.jar
7ff44401e000-7ff444025000 r--s 0006a000 08:09 1077919                    /opt/play-1.2.3/framework/lib/mail-1.4.3.jar
7ff444025000-7ff44402a000 r--s 00020000 08:09 1077918                    /opt/play-1.2.3/framework/lib/jj-imaging.jar
7ff44402a000-7ff44402c000 r--s 0000c000 08:09 1077917                    /opt/play-1.2.3/framework/lib/activation-1.1.1.jar
7ff44402c000-7ff44402e000 r--s 00015000 08:09 1077916                    /opt/play-1.2.3/framework/lib/jj-simplecaptcha.jar
7ff44402e000-7ff444031000 r--s 00022000 08:09 1077915                    /opt/play-1.2.3/framework/lib/jamon-2.7.jar
7ff444031000-7ff444034000 r--s 00011000 08:09 1077914                    /opt/play-1.2.3/framework/lib/ezmorph-1.0.3.jar
7ff444034000-7ff444036000 r--s 00002000 08:09 1077902                    /opt/play-1.2.3/framework/lib/jta-1.1.jar
7ff444036000-7ff44403d000 r--s 00049000 08:09 1077912                    /opt/play-1.2.3/framework/lib/oval-1.50.jar
7ff44403d000-7ff444043000 r--s 00049000 08:09 1077910                    /opt/play-1.2.3/framework/lib/async-http-client-1.6.3.jar
7ff444043000-7ff444045000 r--s 00001000 08:09 1077909                    /opt/play-1.2.3/framework/lib/jsr107cache-1.0.jar
7ff444045000-7ff44404b000 r--s 00049000 08:09 1077908                    /opt/play-1.2.3/framework/lib/cglib-nodep-2.2.jar
7ff44404b000-7ff44404e000 r--s 0000f000 08:09 1077907                    /opt/play-1.2.3/framework/lib/hibernate-commons-annotations-3.2.0.Final.jar
7ff44404e000-7ff444051000 r--s 00024000 08:09 1077906                    /opt/play-1.2.3/framework/lib/commons-io-2.0.1.jar
7ff444051000-7ff444053000 r--s 0000d000 08:09 1077905                    /opt/play-1.2.3/framework/lib/commons-fileupload-1.2.2.jar
7ff444053000-7ff44405a000 r--s 000b7000 08:09 1077904                    /opt/play-1.2.3/framework/lib/mysql-connector-java-5.1.13.jar
7ff44405a000-7ff444069000 r--s 00074000 08:09 1077901                    /opt/play-1.2.3/framework/lib/joda-time-1.6.jar
7ff444069000-7ff44406e000 r--s 00041000 08:09 1077900                    /opt/play-1.2.3/framework/lib/commons-lang-2.6.jar
7ff44406e000-7ff444070000 r--s 0000d000 08:09 1077899                    /opt/play-1.2.3/framework/lib/commons-codec-1.4.jar
7ff444070000-7ff44407f000 r--s 000d9000 08:09 1077898                    /opt/play-1.2.3/framework/lib/ivy-2.2.0.jar
7ff44407f000-7ff4440a8000 r--s 00403000 08:09 1077897                    /opt/play-1.2.3/framework/lib/org.eclipse.jdt.core-3.6.0.jar
7ff4440a8000-7ff4440ad000 r--s 00034000 08:09 1077896                    /opt/play-1.2.3/framework/lib/commons-beanutils-1.8.3.jar
7ff4440ad000-7ff4440b2000 r--s 00048000 08:09 1077895                    /opt/play-1.2.3/framework/lib/dom4j-1.6.1.jar
7ff4440b2000-7ff4440bc000 r--s 0006f000 08:09 1077894                    /opt/play-1.2.3/framework/lib/ehcache-core-2.0.0.jar
7ff4440bc000-7ff4440c2000 r--s 00034000 08:09 1077893                    /opt/play-1.2.3/framework/lib/junit-4.8.1.jar
7ff4440c2000-7ff4440c3000 r--s 00000000 08:09 1077892                    /opt/play-1.2.3/framework/lib/javax.inject-1.0.jar
7ff4440c3000-7ff4440d2000 r--s 000b2000 08:09 1077891                    /opt/play-1.2.3/framework/lib/netty-3.2.4.Final.jar
7ff4440d2000-7ff4440d7000 r--s 0002e000 08:09 1077890                    /opt/play-1.2.3/framework/lib/asm-all-3.3.1.jar
7ff4440d7000-7ff4440e2000 r--s 0008b000 08:09 1077888                    /opt/play-1.2.3/framework/lib/c3p0-0.9.1.2.jar
7ff4440e2000-7ff4440e5000 ---p 00000000 00:00 0 
7ff4440e5000-7ff4441e3000 rw-p 00000000 00:00 0 
7ff4441e3000-7ff4441e6000 ---p 00000000 00:00 0 
7ff4441e6000-7ff4442e4000 rw-p 00000000 00:00 0 
7ff4442e4000-7ff4442e7000 ---p 00000000 00:00 0 
7ff4442e7000-7ff4443e5000 rw-p 00000000 00:00 0 
7ff4443e5000-7ff4443e6000 ---p 00000000 00:00 0 
7ff4443e6000-7ff44481c000 rw-p 00000000 00:00 0 
7ff44481c000-7ff4449ac000 r--s 037af000 08:09 20378                      /usr/lib/jvm/java-6-openjdk/jre/lib/rt.jar
7ff4449ac000-7ff4449d4000 rw-p 00000000 00:00 0 
7ff4449d4000-7ff4449d5000 ---p 00000000 00:00 0 
7ff4449d5000-7ff444ad5000 rw-p 00000000 00:00 0 
7ff444ad5000-7ff444ad6000 ---p 00000000 00:00 0 
7ff444ad6000-7ff444bf0000 rw-p 00000000 00:00 0 
7ff444bf0000-7ff444c29000 rw-p 00000000 00:00 0 
7ff444c29000-7ff444c3e000 rw-p 00000000 00:00 0 
7ff444c3e000-7ff444d74000 rw-p 00000000 00:00 0 
7ff444d74000-7ff444d8e000 rw-p 00000000 00:00 0 
7ff444d8e000-7ff444dc7000 rw-p 00000000 00:00 0 
7ff444dc7000-7ff444ddc000 rw-p 00000000 00:00 0 
7ff444ddc000-7ff444f11000 rw-p 00000000 00:00 0 
7ff444f11000-7ff444f2e000 rw-p 00000000 00:00 0 
7ff444f2e000-7ff444f34000 ---p 00000000 00:00 0 
7ff444f34000-7ff444fb7000 rw-p 00000000 00:00 0 
7ff444fb7000-7ff444fb8000 rw-p 00000000 00:00 0 
7ff444fb8000-7ff4454d8000 rwxp 00000000 00:00 0 
7ff4454d8000-7ff447fb8000 rw-p 00000000 00:00 0 
7ff447fb8000-7ff447fbf000 r-xp 00000000 08:09 20362                      /usr/lib/jvm/java-6-openjdk/jre/lib/amd64/libzip.so
7ff447fbf000-7ff4481be000 ---p 00007000 08:09 20362                      /usr/lib/jvm/java-6-openjdk/jre/lib/amd64/libzip.so
7ff4481be000-7ff4481bf000 r--p 00006000 08:09 20362                      /usr/lib/jvm/java-6-openjdk/jre/lib/amd64/libzip.so
7ff4481bf000-7ff4481c0000 rw-p 00007000 08:09 20362                      /usr/lib/jvm/java-6-openjdk/jre/lib/amd64/libzip.so
7ff4481c0000-7ff4481cc000 r-xp 00000000 08:09 919774                     /lib/x86_64-linux-gnu/libnss_files-2.13.so
7ff4481cc000-7ff4483cb000 ---p 0000c000 08:09 919774                     /lib/x86_64-linux-gnu/libnss_files-2.13.so
7ff4483cb000-7ff4483cc000 r--p 0000b000 08:09 919774                     /lib/x86_64-linux-gnu/libnss_files-2.13.so
7ff4483cc000-7ff4483cd000 rw-p 0000c000 08:09 919774                     /lib/x86_64-linux-gnu/libnss_files-2.13.so
7ff4483cd000-7ff4483d8000 r-xp 00000000 08:09 919778                     /lib/x86_64-linux-gnu/libnss_nis-2.13.so
7ff4483d8000-7ff4485d7000 ---p 0000b000 08:09 919778                     /lib/x86_64-linux-gnu/libnss_nis-2.13.so
7ff4485d7000-7ff4485d8000 r--p 0000a000 08:09 919778                     /lib/x86_64-linux-gnu/libnss_nis-2.13.so
7ff4485d8000-7ff4485d9000 rw-p 0000b000 08:09 919778                     /lib/x86_64-linux-gnu/libnss_nis-2.13.so
7ff4485d9000-7ff4485e1000 r-xp 00000000 08:09 919770                     /lib/x86_64-linux-gnu/libnss_compat-2.13.so
7ff4485e1000-7ff4487e0000 ---p 00008000 08:09 919770                     /lib/x86_64-linux-gnu/libnss_compat-2.13.so
7ff4487e0000-7ff4487e1000 r--p 00007000 08:09 919770                     /lib/x86_64-linux-gnu/libnss_compat-2.13.so
7ff4487e1000-7ff4487e2000 rw-p 00008000 08:09 919770                     /lib/x86_64-linux-gnu/libnss_compat-2.13.so
7ff4487e2000-7ff448e6c000 r--p 00000000 08:09 794337                     /usr/lib/locale/locale-archive
7ff448e6c000-7ff448e6f000 r-xp 00000000 08:09 20354                      /usr/lib/jvm/java-6-openjdk/jre/lib/amd64/libnpt.so
7ff448e6f000-7ff44906e000 ---p 00003000 08:09 20354                      /usr/lib/jvm/java-6-openjdk/jre/lib/amd64/libnpt.so
7ff44906e000-7ff44906f000 r--p 00002000 08:09 20354                      /usr/lib/jvm/java-6-openjdk/jre/lib/amd64/libnpt.so
7ff44906f000-7ff449070000 rw-p 00003000 08:09 20354                      /usr/lib/jvm/java-6-openjdk/jre/lib/amd64/libnpt.so
7ff449070000-7ff44907a000 r-xp 00000000 08:09 20357                      /usr/lib/jvm/java-6-openjdk/jre/lib/amd64/libinstrument.so
7ff44907a000-7ff449279000 ---p 0000a000 08:09 20357                      /usr/lib/jvm/java-6-openjdk/jre/lib/amd64/libinstrument.so
7ff449279000-7ff44927a000 r--p 00009000 08:09 20357                      /usr/lib/jvm/java-6-openjdk/jre/lib/amd64/libinstrument.so
7ff44927a000-7ff44927b000 rw-p 0000a000 08:09 20357                      /usr/lib/jvm/java-6-openjdk/jre/lib/amd64/libinstrument.so
7ff44927b000-7ff4492b5000 r-xp 00000000 08:09 20353                      /usr/lib/jvm/java-6-openjdk/jre/lib/amd64/libjdwp.so
7ff4492b5000-7ff4494b4000 ---p 0003a000 08:09 20353                      /usr/lib/jvm/java-6-openjdk/jre/lib/amd64/libjdwp.so
7ff4494b4000-7ff4494b5000 r--p 00039000 08:09 20353                      /usr/lib/jvm/java-6-openjdk/jre/lib/amd64/libjdwp.so
7ff4494b5000-7ff4494b6000 rw-p 0003a000 08:09 20353                      /usr/lib/jvm/java-6-openjdk/jre/lib/amd64/libjdwp.so
7ff4494b6000-7ff4494cd000 r-xp 00000000 08:09 919768                     /lib/x86_64-linux-gnu/libnsl-2.13.so
7ff4494cd000-7ff4496cc000 ---p 00017000 08:09 919768                     /lib/x86_64-linux-gnu/libnsl-2.13.so
7ff4496cc000-7ff4496cd000 r--p 00016000 08:09 919768                     /lib/x86_64-linux-gnu/libnsl-2.13.so
7ff4496cd000-7ff4496ce000 rw-p 00017000 08:09 919768                     /lib/x86_64-linux-gnu/libnsl-2.13.so
7ff4496ce000-7ff4496d0000 rw-p 00000000 00:00 0 
7ff4496d0000-7ff4496fc000 r-xp 00000000 08:09 20361                      /usr/lib/jvm/java-6-openjdk/jre/lib/amd64/libjava.so
7ff4496fc000-7ff4498fb000 ---p 0002c000 08:09 20361                      /usr/lib/jvm/java-6-openjdk/jre/lib/amd64/libjava.so
7ff4498fb000-7ff4498fc000 r--p 0002b000 08:09 20361                      /usr/lib/jvm/java-6-openjdk/jre/lib/amd64/libjava.so
7ff4498fc000-7ff4498ff000 rw-p 0002c000 08:09 20361                      /usr/lib/jvm/java-6-openjdk/jre/lib/amd64/libjava.so
7ff4498ff000-7ff44990d000 r-xp 00000000 08:09 20347                      /usr/lib/jvm/java-6-openjdk/jre/lib/amd64/libverify.so
7ff44990d000-7ff449b0c000 ---p 0000e000 08:09 20347                      /usr/lib/jvm/java-6-openjdk/jre/lib/amd64/libverify.so
7ff449b0c000-7ff449b0e000 r--p 0000d000 08:09 20347                      /usr/lib/jvm/java-6-openjdk/jre/lib/amd64/libverify.so
7ff449b0e000-7ff449b0f000 rw-p 0000f000 08:09 20347                      /usr/lib/jvm/java-6-openjdk/jre/lib/amd64/libverify.so
7ff449b0f000-7ff449b16000 r-xp 00000000 08:09 919797                     /lib/x86_64-linux-gnu/librt-2.13.so
7ff449b16000-7ff449d15000 ---p 00007000 08:09 919797                     /lib/x86_64-linux-gnu/librt-2.13.so
7ff449d15000-7ff449d16000 r--p 00006000 08:09 919797                     /lib/x86_64-linux-gnu/librt-2.13.so
7ff449d16000-7ff449d17000 rw-p 00007000 08:09 919797                     /lib/x86_64-linux-gnu/librt-2.13.so
7ff449d17000-7ff449d2c000 r-xp 00000000 08:09 919756                     /lib/x86_64-linux-gnu/libgcc_s.so.1
7ff449d2c000-7ff449f2b000 ---p 00015000 08:09 919756                     /lib/x86_64-linux-gnu/libgcc_s.so.1
7ff449f2b000-7ff449f2c000 r--p 00014000 08:09 919756                     /lib/x86_64-linux-gnu/libgcc_s.so.1
7ff449f2c000-7ff449f2d000 rw-p 00015000 08:09 919756                     /lib/x86_64-linux-gnu/libgcc_s.so.1
7ff449f2d000-7ff449fb1000 r-xp 00000000 08:09 919765                     /lib/x86_64-linux-gnu/libm-2.13.so
7ff449fb1000-7ff44a1b0000 ---p 00084000 08:09 919765                     /lib/x86_64-linux-gnu/libm-2.13.so
7ff44a1b0000-7ff44a1b1000 r--p 00083000 08:09 919765                     /lib/x86_64-linux-gnu/libm-2.13.so
7ff44a1b1000-7ff44a1b2000 rw-p 00084000 08:09 919765                     /lib/x86_64-linux-gnu/libm-2.13.so
7ff44a1b2000-7ff44a29a000 r-xp 00000000 08:09 796674                     /usr/lib/x86_64-linux-gnu/libstdc++.so.6.0.14
7ff44a29a000-7ff44a499000 ---p 000e8000 08:09 796674                     /usr/lib/x86_64-linux-gnu/libstdc++.so.6.0.14
7ff44a499000-7ff44a4a1000 r--p 000e7000 08:09 796674                     /usr/lib/x86_64-linux-gnu/libstdc++.so.6.0.14
7ff44a4a1000-7ff44a4a3000 rw-p 000ef000 08:09 796674                     /usr/lib/x86_64-linux-gnu/libstdc++.so.6.0.14
7ff44a4a3000-7ff44a4b8000 rw-p 00000000 00:00 0 
7ff44a4b8000-7ff44ae0d000 r-xp 00000000 08:09 20365                      /usr/lib/jvm/java-6-openjdk/jre/lib/amd64/server/libjvm.so
7ff44ae0d000-7ff44b00c000 ---p 00955000 08:09 20365                      /usr/lib/jvm/java-6-openjdk/jre/lib/amd64/server/libjvm.so
7ff44b00c000-7ff44b08d000 r--p 00954000 08:09 20365                      /usr/lib/jvm/java-6-openjdk/jre/lib/amd64/server/libjvm.so
7ff44b08d000-7ff44b0a8000 rw-p 009d5000 08:09 20365                      /usr/lib/jvm/java-6-openjdk/jre/lib/amd64/server/libjvm.so
7ff44b0a8000-7ff44b0d1000 rw-p 00000000 00:00 0 
7ff44b0d1000-7ff44b25b000 r-xp 00000000 08:09 919728                     /lib/x86_64-linux-gnu/libc-2.13.so
7ff44b25b000-7ff44b45a000 ---p 0018a000 08:09 919728                     /lib/x86_64-linux-gnu/libc-2.13.so
7ff44b45a000-7ff44b45e000 r--p 00189000 08:09 919728                     /lib/x86_64-linux-gnu/libc-2.13.so
7ff44b45e000-7ff44b45f000 rw-p 0018d000 08:09 919728                     /lib/x86_64-linux-gnu/libc-2.13.so
7ff44b45f000-7ff44b465000 rw-p 00000000 00:00 0 
7ff44b465000-7ff44b467000 r-xp 00000000 08:09 919738                     /lib/x86_64-linux-gnu/libdl-2.13.so
7ff44b467000-7ff44b667000 ---p 00002000 08:09 919738                     /lib/x86_64-linux-gnu/libdl-2.13.so
7ff44b667000-7ff44b668000 r--p 00002000 08:09 919738                     /lib/x86_64-linux-gnu/libdl-2.13.so
7ff44b668000-7ff44b669000 rw-p 00003000 08:09 919738                     /lib/x86_64-linux-gnu/libdl-2.13.so
7ff44b669000-7ff44b66d000 r-xp 00000000 08:09 20345                      /usr/lib/jvm/java-6-openjdk/jre/lib/amd64/jli/libjli.so
7ff44b66d000-7ff44b86c000 ---p 00004000 08:09 20345                      /usr/lib/jvm/java-6-openjdk/jre/lib/amd64/jli/libjli.so
7ff44b86c000-7ff44b86d000 r--p 00003000 08:09 20345                      /usr/lib/jvm/java-6-openjdk/jre/lib/amd64/jli/libjli.so
7ff44b86d000-7ff44b86e000 rw-p 00004000 08:09 20345                      /usr/lib/jvm/java-6-openjdk/jre/lib/amd64/jli/libjli.so
7ff44b86e000-7ff44b886000 r-xp 00000000 08:09 919793                     /lib/x86_64-linux-gnu/libpthread-2.13.so
7ff44b886000-7ff44ba86000 ---p 00018000 08:09 919793                     /lib/x86_64-linux-gnu/libpthread-2.13.so
7ff44ba86000-7ff44ba87000 r--p 00018000 08:09 919793                     /lib/x86_64-linux-gnu/libpthread-2.13.so
7ff44ba87000-7ff44ba88000 rw-p 00019000 08:09 919793                     /lib/x86_64-linux-gnu/libpthread-2.13.so
7ff44ba88000-7ff44ba8c000 rw-p 00000000 00:00 0 
7ff44ba8c000-7ff44baa3000 r-xp 00000000 08:09 919811                     /lib/x86_64-linux-gnu/libz.so.1.2.3.4
7ff44baa3000-7ff44bca2000 ---p 00017000 08:09 919811                     /lib/x86_64-linux-gnu/libz.so.1.2.3.4
7ff44bca2000-7ff44bca3000 r--p 00016000 08:09 919811                     /lib/x86_64-linux-gnu/libz.so.1.2.3.4
7ff44bca3000-7ff44bca4000 rw-p 00017000 08:09 919811                     /lib/x86_64-linux-gnu/libz.so.1.2.3.4
7ff44bca4000-7ff44bcc5000 r-xp 00000000 08:09 919715                     /lib/x86_64-linux-gnu/ld-2.13.so
7ff44bcc6000-7ff44bcc7000 r--s 00007000 08:09 1077936                    /opt/play-1.2.3/framework/lib/commons-email-1.2.jar
7ff44bcc7000-7ff44bcc9000 r--s 00008000 08:09 1077913                    /opt/play-1.2.3/framework/lib/signpost-core-1.2.jar
7ff44bcc9000-7ff44bccf000 r--s 00032000 08:09 1077887                    /opt/play-1.2.3/framework/lib/jaxen-1.1.jar
7ff44bccf000-7ff44bcd6000 r--s 00038000 08:09 1077886                    /opt/play-1.2.3/framework/lib/jj-wikitext.jar
7ff44bcd6000-7ff44bcda000 r--s 0007c000 08:09 20245                      /usr/lib/jvm/java-6-openjdk/jre/lib/jsse.jar
7ff44bcda000-7ff44bcef000 rw-p 00000000 00:00 0 
7ff44bcef000-7ff44bd9a000 rw-p 00000000 00:00 0 
7ff44bd9a000-7ff44bd9d000 ---p 00000000 00:00 0 
7ff44bd9d000-7ff44bea0000 rw-p 00000000 00:00 0 
7ff44bea0000-7ff44bea1000 r--s 00002000 08:09 1077889                    /opt/play-1.2.3/framework/lib/slf4j-log4j12-1.6.1.jar
7ff44bea1000-7ff44bea2000 rw-p 00000000 00:00 0 
7ff44bea2000-7ff44bead000 r--s 000b8000 08:09 1077544                    /opt/play-1.2.3/framework/play-1.2.3.jar
7ff44bead000-7ff44beb5000 r--s 00066000 08:09 1188916                    /usr/share/java/gnome-java-bridge.jar
7ff44beb5000-7ff44beb8000 r--s 0000f000 08:09 20274                      /usr/lib/jvm/java-6-openjdk/jre/lib/ext/pulse-java.jar
7ff44beb8000-7ff44bec0000 rw-s 00000000 08:09 934943                     /tmp/hsperfdata_fm/3021
7ff44bec0000-7ff44bec1000 rw-p 00000000 00:00 0 
7ff44bec1000-7ff44bec2000 r--p 00000000 00:00 0 
7ff44bec2000-7ff44bec4000 rw-p 00000000 00:00 0 
7ff44bec4000-7ff44bec5000 r--p 00020000 08:09 919715                     /lib/x86_64-linux-gnu/ld-2.13.so
7ff44bec5000-7ff44bec7000 rw-p 00021000 08:09 919715                     /lib/x86_64-linux-gnu/ld-2.13.so
7fff5ed9f000-7fff5edc1000 rw-p 00000000 00:00 0                          [stack]
7fff5edff000-7fff5ee00000 r-xp 00000000 00:00 0                          [vdso]
ffffffffff600000-ffffffffff601000 r-xp 00000000 00:00 0                  [vsyscall]

VM Arguments:
jvm_args: -javaagent:/opt/play-1.2.3/framework/play-1.2.3.jar -Dfile.encoding=utf-8 -Xdebug -Xrunjdwp:transport=dt_socket,address=8000,server=y,suspend=n -Dplay.debug=yes -Dapplication.path=/home/fm/workspace/sinau -Dplay.id= 
java_command: play.server.Server 
Launcher Type: SUN_STANDARD

Environment Variables:
PATH=/usr/local/sbin:/usr/local/bin:/usr/sbin:/usr/bin:/sbin:/bin:/usr/games:/opt/MATLAB/R2011a/bin:/opt/eclipse:/opt/aptana:/opt/play-1.2.3
USERNAME=fm
LD_LIBRARY_PATH=/usr/lib/jvm/java-6-openjdk/jre/lib/amd64/server:/usr/lib/jvm/java-6-openjdk/jre/lib/amd64:/usr/lib/jvm/java-6-openjdk/jre/../lib/amd64
SHELL=/bin/bash
DISPLAY=:0

Signal Handlers:
SIGSEGV: [libjvm.so+0x7d0f60], sa_mask[0]=0x7ffbfeff, sa_flags=0x10000004
SIGBUS: [libjvm.so+0x7d0f60], sa_mask[0]=0x7ffbfeff, sa_flags=0x10000004
SIGFPE: [libjvm.so+0x683760], sa_mask[0]=0x7ffbfeff, sa_flags=0x10000004
SIGPIPE: [libjvm.so+0x683760], sa_mask[0]=0x7ffbfeff, sa_flags=0x10000004
SIGXFSZ: [libjvm.so+0x683760], sa_mask[0]=0x7ffbfeff, sa_flags=0x10000004
SIGILL: [libjvm.so+0x683760], sa_mask[0]=0x7ffbfeff, sa_flags=0x10000004
SIGUSR1: SIG_DFL, sa_mask[0]=0x00000000, sa_flags=0x00000000
SIGUSR2: [libjvm.so+0x683930], sa_mask[0]=0x00000000, sa_flags=0x10000004
SIGHUP: [libjvm.so+0x6862d0], sa_mask[0]=0x7ffbfeff, sa_flags=0x10000004
SIGINT: [libjvm.so+0x6862d0], sa_mask[0]=0x7ffbfeff, sa_flags=0x10000004
SIGTERM: [libjvm.so+0x6862d0], sa_mask[0]=0x7ffbfeff, sa_flags=0x10000004
SIGQUIT: [libjvm.so+0x6862d0], sa_mask[0]=0x7ffbfeff, sa_flags=0x10000004


---------------  S Y S T E M  ---------------

OS:LinuxMint 11 (katya)
uname:Linux 2.6.38-8-generic #42-Ubuntu SMP Mon Apr 11 03:31:24 UTC 2011 x86_64
libc:glibc 2.13 NPTL 2.13 
rlimit: STACK 8192k, CORE 0k, NPROC infinity, NOFILE 4096, AS infinity
load average:0.00 0.06 0.08

/proc/meminfo:
MemTotal:        4058628 kB
MemFree:         1889156 kB
Buffers:           89976 kB
Cached:           726404 kB
SwapCached:            0 kB
Active:          1335436 kB
Inactive:         611716 kB
Active(anon):    1132628 kB
Inactive(anon):    10556 kB
Active(file):     202808 kB
Inactive(file):   601160 kB
Unevictable:          32 kB
Mlocked:              32 kB
SwapTotal:       4192252 kB
SwapFree:        4192252 kB
Dirty:                20 kB
Writeback:             0 kB
AnonPages:       1130768 kB
Mapped:           161372 kB
Shmem:             12416 kB
Slab:              55500 kB
SReclaimable:      32432 kB
SUnreclaim:        23068 kB
KernelStack:        3288 kB
PageTables:        29504 kB
NFS_Unstable:          0 kB
Bounce:                0 kB
WritebackTmp:          0 kB
CommitLimit:     6221564 kB
Committed_AS:    3136852 kB
VmallocTotal:   34359738367 kB
VmallocUsed:      327980 kB
VmallocChunk:   34359388156 kB
HardwareCorrupted:     0 kB
HugePages_Total:       0
HugePages_Free:        0
HugePages_Rsvd:        0
HugePages_Surp:        0
Hugepagesize:       2048 kB
DirectMap4k:       89600 kB
DirectMap2M:     4104192 kB


CPU:total 2 (2 cores per cpu, 1 threads per core) family 6 model 23 stepping 6, cmov, cx8, fxsr, mmx, sse, sse2, sse3, ssse3, sse4.1

Memory: 4k page, physical 4058628k(1889156k free), swap 4192252k(4192252k free)

vm_info: OpenJDK 64-Bit Server VM (20.0-b11) for linux-amd64 JRE (1.6.0_22-b22), built on Jun 11 2011 05:56:16 by "buildd" with gcc 4.5.2

time: Mon Oct 17 11:46:32 2011
elapsed time: 716 seconds

