#
# A fatal error has been detected by the Java Runtime Environment:
#
#  SIGSEGV (0xb) at pc=0x00007f1064fb83f8, pid=12358, tid=139708274235136
#
# JRE version: 6.0_22-b22
# Java VM: OpenJDK 64-Bit Server VM (20.0-b11 mixed mode linux-amd64 compressed oops)
# Derivative: IcedTea6 1.10.2
# Distribution: Ubuntu 11.04, package 6b22-1.10.2-0ubuntu1~11.04.1
# Problematic frame:
# V  [libjvm.so+0x5ec3f8]  PhaseIdealLoop::build_loop_late_post(Node*)+0x158
#
# If you would like to submit a bug report, please include
# instructions how to reproduce the bug and visit:
#   https://bugs.launchpad.net/ubuntu/+source/openjdk-6/
#

---------------  T H R E A D  ---------------

Current thread (0x0000000001025000):  JavaThread "C2 CompilerThread1" daemon [_thread_in_native, id=12369, stack(0x00007f105dfed000,0x00007f105e0ee000)]

siginfo:si_signo=SIGSEGV: si_errno=0, si_code=1 (SEGV_MAPERR), si_addr=0x0000000000000008

Registers:
RAX=0x0000000000000000, RBX=0x00007f105e0ea810, RCX=0x0000000001964ba0, RDX=0x0000000000002000
RSP=0x00007f105e0e9030, RBP=0x00007f105e0e9070, RSI=0x00007f105825ee30, RDI=0x0000000000000000
R8 =0x00007f10584596a0, R9 =0x00007f105e0ea810, R10=0x00007f105825ee30, R11=0x0000000000000000
R12=0x0000000001c05900, R13=0x00007f10592b0218, R14=0x00007f105e0ea830, R15=0x00007f1059976dc8
RIP=0x00007f1064fb83f8, EFLAGS=0x0000000000010206, CSGSFS=0x0000000000000033, ERR=0x0000000000000004
  TRAPNO=0x000000000000000e

Top of Stack: (sp=0x00007f105e0e9030)
0x00007f105e0e9030:   00007f105b5c0d48 00007f105e0e9300
0x00007f105e0e9040:   00007f105e0e9070 00007f105e0ea810
0x00007f105e0e9050:   0000000000000002 0000000001c05900
0x00007f105e0e9060:   00007f10582eb308 00007f105e0e9300
0x00007f105e0e9070:   00007f105e0e90e0 00007f1064fb89db
0x00007f105e0e9080:   0000000000000001 00007f1000000100
0x00007f105e0e9090:   00007f1000000001 00007f105e0eb1b0
0x00007f105e0e90a0:   00007f105e0e92e0 00007f105e0e9340
0x00007f105e0e90b0:   0000000000001804 00007f105e0ea810
0x00007f105e0e90c0:   0000000000000001 0000000000000007
0x00007f105e0e90d0:   0000000000000001 00000000018f5ed0
0x00007f105e0e90e0:   00007f105e0e9390 00007f1064fb9317
0x00007f105e0e90f0:   0000000001e30908 00007f105817ed30
0x00007f105e0e9100:   00007f105e0e9110 00000000018f5e60
0x00007f105e0e9110:   00007f105e0e9170 00007f105e0ea830
0x00007f105e0e9120:   00007f100000000c 000049b200000000
0x00007f105e0e9130:   0000000000000000 0000000058758500
0x00007f105e0e9140:   00007f105e0e91a0 000000000000000c
0x00007f105e0e9150:   0000000000f66460 000000000000000c
0x00007f105e0e9160:   00007f105e0e9190 0000000000000000
0x00007f105e0e9170:   00007f105e0e9190 0000000000017f90
0x00007f105e0e9180:   0000000000027fb0 00007f105e0e91c0
0x00007f105e0e9190:   00007f105e0e91b0 00007f1064e56605
0x00007f105e0e91a0:   0000000001c146d0 00007f10582acdc0
0x00007f105e0e91b0:   00000000013e29f0 000000005e0e9e00
0x00007f105e0e91c0:   00007f105e0e9220 00007f10582e54f0
0x00007f105e0e91d0:   00007f10582ace70 00007f1058000020
0x00007f105e0e91e0:   00007f105e0e9270 0000000000010010
0x00007f105e0e91f0:   000000000198cb40 0000000000010000
0x00007f105e0e9200:   000000000198e158 00007f106566131e
0x00007f105e0e9210:   0000000000008000 00007f105e0e9250
0x00007f105e0e9220:   00007f105e0e9240 00007f1064cf5741 

Instructions: (pc=0x00007f1064fb83f8)
0x00007f1064fb83d8:   84 d8 03 00 00 8b 70 28 49 89 c7 0f 1f 44 00 00
0x00007f1064fb83e8:   4c 8b 93 e0 09 00 00 89 f6 49 8d 34 f2 48 8b 06
0x00007f1064fb83f8:   48 8b 50 08 48 83 3a 00 75 27 8b 4b 28 0f 1f 00
0x00007f1064fb8408:   8b 50 28 31 c0 39 ca 73 0e 48 8b 43 30 89 d2 48 

Register to memory mapping:

RAX=0x0000000000000000 is an unknown value
RBX=0x00007f105e0ea810 is pointing into the stack for thread: 0x0000000001025000
RCX=0x0000000001964ba0 is an unknown value
RDX=0x0000000000002000 is an unknown value
RSP=0x00007f105e0e9030 is pointing into the stack for thread: 0x0000000001025000
RBP=0x00007f105e0e9070 is pointing into the stack for thread: 0x0000000001025000
RSI=0x00007f105825ee30 is an unknown value
RDI=0x0000000000000000 is an unknown value
R8 =0x00007f10584596a0 is an unknown value
R9 =0x00007f105e0ea810 is pointing into the stack for thread: 0x0000000001025000
R10=0x00007f105825ee30 is an unknown value
R11=0x0000000000000000 is an unknown value
R12=0x0000000001c05900 is an unknown value
R13=0x00007f10592b0218 is an unknown value
R14=0x00007f105e0ea830 is pointing into the stack for thread: 0x0000000001025000
R15=0x00007f1059976dc8 is an unknown value


Stack: [0x00007f105dfed000,0x00007f105e0ee000],  sp=0x00007f105e0e9030,  free space=1008k
Native frames: (J=compiled Java code, j=interpreted, Vv=VM code, C=native code)
V  [libjvm.so+0x5ec3f8]  PhaseIdealLoop::build_loop_late_post(Node*)+0x158
V  [libjvm.so+0x5ec9db]  PhaseIdealLoop::build_loop_late(VectorSet&, Node_List&, Node_Stack&)+0x10b
V  [libjvm.so+0x5ed317]  PhaseIdealLoop::build_and_optimize(bool, bool)+0x757
V  [libjvm.so+0x3929b5]  Compile::Optimize()+0xdc5
V  [libjvm.so+0x393649]  Compile::Compile(ciEnv*, C2Compiler*, ciMethod*, int, bool, bool)+0xae9
V  [libjvm.so+0x319a20]  C2Compiler::compile_method(ciEnv*, ciMethod*, int)+0xe0
V  [libjvm.so+0x397f24]  CompileBroker::invoke_compiler_on_method(CompileTask*)+0x294
V  [libjvm.so+0x398771]  CompileBroker::compiler_thread_loop()+0x381
V  [libjvm.so+0x793618]  JavaThread::thread_main_inner()+0x58
V  [libjvm.so+0x686c02]  java_start(Thread*)+0x112


Current CompileTask:
C2: 240747 785      jregex.Pretokenizer.next()V (1064 bytes)


---------------  P R O C E S S  ---------------

Java Threads: ( => current thread )
  0x00007f105024d800 JavaThread "net.sf.ehcache.CacheManager@213c7aef" daemon [_thread_blocked, id=12439, stack(0x00007f105d0e9000,0x00007f105d1ea000)]
  0x00000000015d6800 JavaThread "New I/O server worker #1-4" [_thread_in_native, id=12438, stack(0x00007f105c9dd000,0x00007f105cade000)]
  0x00000000017be800 JavaThread "New I/O server worker #1-3" [_thread_in_native, id=12437, stack(0x00007f105c092000,0x00007f105c193000)]
  0x000000000115c800 JavaThread "New I/O server worker #1-2" [_thread_in_native, id=12412, stack(0x00007f1057eff000,0x00007f1058000000)]
  0x0000000001b6f000 JavaThread "com.mchange.v2.async.ThreadPoolAsynchronousRunner$PoolThread-#2" daemon [_thread_blocked, id=12383, stack(0x00007f105cade000,0x00007f105cbdf000)]
  0x0000000001b38000 JavaThread "com.mchange.v2.async.ThreadPoolAsynchronousRunner$PoolThread-#1" daemon [_thread_blocked, id=12382, stack(0x00007f105cbdf000,0x00007f105cce0000)]
  0x0000000001b13000 JavaThread "com.mchange.v2.async.ThreadPoolAsynchronousRunner$PoolThread-#0" daemon [_thread_blocked, id=12381, stack(0x00007f105cce0000,0x00007f105cde1000)]
  0x0000000001d21000 JavaThread "Timer-0" daemon [_thread_blocked, id=12380, stack(0x00007f105cde1000,0x00007f105cee2000)]
  0x000000000169a800 JavaThread "play-thread-1" [_thread_in_Java, id=12378, stack(0x00007f105d1ea000,0x00007f105d2eb000)]
  0x00000000015d4800 JavaThread "New I/O server worker #1-1" [_thread_in_native, id=12374, stack(0x00007f105d5ee000,0x00007f105d6ef000)]
  0x0000000000f50000 JavaThread "DestroyJavaVM" [_thread_blocked, id=12359, stack(0x00007f10662ae000,0x00007f10663af000)]
  0x00000000012f0800 JavaThread "New I/O server boss #1 ([id: 0x686963d0, /0:0:0:0:0:0:0:0:9000])" [_thread_in_native, id=12372, stack(0x00007f105d6ef000,0x00007f105d7f0000)]
  0x0000000001029800 JavaThread "Low Memory Detector" daemon [_thread_blocked, id=12370, stack(0x00007f105deec000,0x00007f105dfed000)]
=>0x0000000001025000 JavaThread "C2 CompilerThread1" daemon [_thread_in_native, id=12369, stack(0x00007f105dfed000,0x00007f105e0ee000)]
  0x0000000001021800 JavaThread "C2 CompilerThread0" daemon [_thread_in_native, id=12368, stack(0x00007f105e0ee000,0x00007f105e1ef000)]
  0x0000000001015800 JavaThread "JDWP Event Helper Thread" daemon [_thread_blocked, id=12367, stack(0x00007f105e1ef000,0x00007f105e2f0000)]
  0x0000000001011800 JavaThread "JDWP Transport Listener: dt_socket" daemon [_thread_in_native, id=12366, stack(0x00007f105e2f0000,0x00007f105e3f1000)]
  0x0000000000fd3000 JavaThread "Signal Dispatcher" daemon [_thread_blocked, id=12365, stack(0x00007f105e5f6000,0x00007f105e6f7000)]
  0x0000000000fc2000 JavaThread "Finalizer" daemon [_thread_blocked, id=12364, stack(0x00007f105e6f7000,0x00007f105e7f8000)]
  0x0000000000fba800 JavaThread "Reference Handler" daemon [_thread_blocked, id=12363, stack(0x00007f105e7f8000,0x00007f105e8f9000)]

Other Threads:
  0x0000000000fb3800 VMThread [stack: 0x00007f105e8f9000,0x00007f105e9fa000] [id=12362]
  0x000000000102c000 WatcherThread [stack: 0x00007f105ddeb000,0x00007f105deec000] [id=12371]

VM state:not at safepoint (normal execution)

VM Mutex/Monitor currently owned by a thread: None

Heap
 PSYoungGen      total 99968K, used 82746K [0x00000000eb560000, 0x00000000f1f10000, 0x0000000100000000)
  eden space 96064K, 82% used [0x00000000eb560000,0x00000000f026ab98,0x00000000f1330000)
  from space 3904K, 98% used [0x00000000f1760000,0x00000000f1b24010,0x00000000f1b30000)
  to   space 3968K, 0% used [0x00000000f1b30000,0x00000000f1b30000,0x00000000f1f10000)
 PSOldGen        total 42304K, used 12045K [0x00000000c2000000, 0x00000000c4950000, 0x00000000eb560000)
  object space 42304K, 28% used [0x00000000c2000000,0x00000000c2bc37b8,0x00000000c4950000)
 PSPermGen       total 49472K, used 49414K [0x00000000b7a00000, 0x00000000baa50000, 0x00000000c2000000)
  object space 49472K, 99% used [0x00000000b7a00000,0x00000000baa419d0,0x00000000baa50000)

Code Cache  [0x00007f105f4cc000, 0x00007f105f92c000, 0x00007f10624cc000)
 total_blobs=1417 nmethods=764 adapters=614 free_code_cache=45830400 largest_free_block=24512

Dynamic libraries:
00400000-00409000 r-xp 00000000 08:09 20329                              /usr/lib/jvm/java-6-openjdk/jre/bin/java
00608000-00609000 r--p 00008000 08:09 20329                              /usr/lib/jvm/java-6-openjdk/jre/bin/java
00609000-0060a000 rw-p 00009000 08:09 20329                              /usr/lib/jvm/java-6-openjdk/jre/bin/java
00f40000-02dab000 rw-p 00000000 00:00 0                                  [heap]
b7a00000-baa50000 rw-p 00000000 00:00 0 
baa50000-c2000000 rw-p 00000000 00:00 0 
c2000000-c4950000 rw-p 00000000 00:00 0 
c4950000-eb560000 rw-p 00000000 00:00 0 
eb560000-f1f10000 rw-p 00000000 00:00 0 
f1f10000-f2360000 ---p 00000000 00:00 0 
f2360000-100000000 rw-p 00000000 00:00 0 
7f1050000000-7f1050275000 rw-p 00000000 00:00 0 
7f1050275000-7f1054000000 ---p 00000000 00:00 0 
7f1057eff000-7f1057f02000 ---p 00000000 00:00 0 
7f1057f02000-7f1058000000 rw-p 00000000 00:00 0 
7f1058000000-7f105bf0b000 rw-p 00000000 00:00 0 
7f105bf0b000-7f105c000000 ---p 00000000 00:00 0 
7f105c092000-7f105c095000 ---p 00000000 00:00 0 
7f105c095000-7f105c193000 rw-p 00000000 00:00 0 
7f105c193000-7f105c196000 ---p 00000000 00:00 0 
7f105c196000-7f105c294000 rw-p 00000000 00:00 0 
7f105c294000-7f105c297000 ---p 00000000 00:00 0 
7f105c297000-7f105c395000 rw-p 00000000 00:00 0 
7f105c395000-7f105c3ac000 r-xp 00000000 08:09 919795                     /lib/x86_64-linux-gnu/libresolv-2.13.so
7f105c3ac000-7f105c5ac000 ---p 00017000 08:09 919795                     /lib/x86_64-linux-gnu/libresolv-2.13.so
7f105c5ac000-7f105c5ad000 r--p 00017000 08:09 919795                     /lib/x86_64-linux-gnu/libresolv-2.13.so
7f105c5ad000-7f105c5ae000 rw-p 00018000 08:09 919795                     /lib/x86_64-linux-gnu/libresolv-2.13.so
7f105c5ae000-7f105c5b0000 rw-p 00000000 00:00 0 
7f105c5b0000-7f105c5b7000 r-xp 00000000 08:09 919772                     /lib/x86_64-linux-gnu/libnss_dns-2.13.so
7f105c5b7000-7f105c7b6000 ---p 00007000 08:09 919772                     /lib/x86_64-linux-gnu/libnss_dns-2.13.so
7f105c7b6000-7f105c7b7000 r--p 00006000 08:09 919772                     /lib/x86_64-linux-gnu/libnss_dns-2.13.so
7f105c7b7000-7f105c7b8000 rw-p 00007000 08:09 919772                     /lib/x86_64-linux-gnu/libnss_dns-2.13.so
7f105c7b8000-7f105c7ba000 r-xp 00000000 08:09 915782                     /lib/libnss_mdns4_minimal.so.2
7f105c7ba000-7f105c9b9000 ---p 00002000 08:09 915782                     /lib/libnss_mdns4_minimal.so.2
7f105c9b9000-7f105c9ba000 r--p 00001000 08:09 915782                     /lib/libnss_mdns4_minimal.so.2
7f105c9ba000-7f105c9bb000 rw-p 00002000 08:09 915782                     /lib/libnss_mdns4_minimal.so.2
7f105c9da000-7f105c9dd000 r--s 00031000 08:09 20271                      /usr/lib/jvm/java-6-openjdk/jre/lib/ext/sunjce_provider.jar
7f105c9dd000-7f105c9e0000 ---p 00000000 00:00 0 
7f105c9e0000-7f105cade000 rw-p 00000000 00:00 0 
7f105cade000-7f105cae1000 ---p 00000000 00:00 0 
7f105cae1000-7f105cbdf000 rw-p 00000000 00:00 0 
7f105cbdf000-7f105cbe2000 ---p 00000000 00:00 0 
7f105cbe2000-7f105cce0000 rw-p 00000000 00:00 0 
7f105cce0000-7f105cce3000 ---p 00000000 00:00 0 
7f105cce3000-7f105cde1000 rw-p 00000000 00:00 0 
7f105cde1000-7f105cde4000 ---p 00000000 00:00 0 
7f105cde4000-7f105cee2000 rw-p 00000000 00:00 0 
7f105cee2000-7f105cee8000 r-xp 00000000 08:09 20374                      /usr/lib/jvm/java-6-openjdk/jre/lib/amd64/libmanagement.so
7f105cee8000-7f105d0e7000 ---p 00006000 08:09 20374                      /usr/lib/jvm/java-6-openjdk/jre/lib/amd64/libmanagement.so
7f105d0e7000-7f105d0e8000 r--p 00005000 08:09 20374                      /usr/lib/jvm/java-6-openjdk/jre/lib/amd64/libmanagement.so
7f105d0e8000-7f105d0e9000 rw-p 00006000 08:09 20374                      /usr/lib/jvm/java-6-openjdk/jre/lib/amd64/libmanagement.so
7f105d0e9000-7f105d0ec000 ---p 00000000 00:00 0 
7f105d0ec000-7f105d1ea000 rw-p 00000000 00:00 0 
7f105d1ea000-7f105d1ed000 ---p 00000000 00:00 0 
7f105d1ed000-7f105d2eb000 rw-p 00000000 00:00 0 
7f105d2eb000-7f105d2ee000 ---p 00000000 00:00 0 
7f105d2ee000-7f105d3ec000 rw-p 00000000 00:00 0 
7f105d3ec000-7f105d3ef000 ---p 00000000 00:00 0 
7f105d3ef000-7f105d4ed000 rw-p 00000000 00:00 0 
7f105d4ed000-7f105d4f0000 ---p 00000000 00:00 0 
7f105d4f0000-7f105d5ee000 rw-p 00000000 00:00 0 
7f105d5ee000-7f105d5f1000 ---p 00000000 00:00 0 
7f105d5f1000-7f105d6ef000 rw-p 00000000 00:00 0 
7f105d6ef000-7f105d6f2000 ---p 00000000 00:00 0 
7f105d6f2000-7f105d7f0000 rw-p 00000000 00:00 0 
7f105d7f0000-7f105d7f8000 r-xp 00000000 08:09 20338                      /usr/lib/jvm/java-6-openjdk/jre/lib/amd64/libnio.so
7f105d7f8000-7f105d9f7000 ---p 00008000 08:09 20338                      /usr/lib/jvm/java-6-openjdk/jre/lib/amd64/libnio.so
7f105d9f7000-7f105d9f8000 r--p 00007000 08:09 20338                      /usr/lib/jvm/java-6-openjdk/jre/lib/amd64/libnio.so
7f105d9f8000-7f105d9f9000 rw-p 00008000 08:09 20338                      /usr/lib/jvm/java-6-openjdk/jre/lib/amd64/libnio.so
7f105d9f9000-7f105da0e000 r-xp 00000000 08:09 20348                      /usr/lib/jvm/java-6-openjdk/jre/lib/amd64/libnet.so
7f105da0e000-7f105dc0d000 ---p 00015000 08:09 20348                      /usr/lib/jvm/java-6-openjdk/jre/lib/amd64/libnet.so
7f105dc0d000-7f105dc0e000 r--p 00014000 08:09 20348                      /usr/lib/jvm/java-6-openjdk/jre/lib/amd64/libnet.so
7f105dc0e000-7f105dc0f000 rw-p 00015000 08:09 20348                      /usr/lib/jvm/java-6-openjdk/jre/lib/amd64/libnet.so
7f105dc0f000-7f105dc11000 r--s 0000d000 08:09 1077944                    /opt/play-1.2.3/framework/lib/commons-logging-1.1.1.jar
7f105dc11000-7f105dc13000 r--s 00005000 08:09 1077943                    /opt/play-1.2.3/framework/lib/slf4j-api-1.6.1.jar
7f105dc13000-7f105dc15000 r--s 0000b000 08:09 1077942                    /opt/play-1.2.3/framework/lib/jj-textile.jar
7f105dc15000-7f105dc17000 r--s 00015000 08:09 1077941                    /opt/play-1.2.3/framework/lib/jregex-1.2_01.jar
7f105dc17000-7f105dc1f000 r--s 0008a000 08:09 1077940                    /opt/play-1.2.3/framework/lib/javassist-3.9.0.GA.jar
7f105dc1f000-7f105dc44000 r--s 00172000 08:09 1077939                    /opt/play-1.2.3/framework/lib/bcprov-jdk15-1.45.jar
7f105dc44000-7f105dc4a000 r--s 0007e000 08:09 1077938                    /opt/play-1.2.3/framework/lib/postgresql-9.0.jar
7f105dc4a000-7f105dc53000 r--s 0005d000 08:09 1077937                    /opt/play-1.2.3/framework/lib/hibernate-entitymanager-3.6.0.Final.jar
7f105dc53000-7f105dc54000 r--s 00007000 08:09 1077936                    /opt/play-1.2.3/framework/lib/commons-email-1.2.jar
7f105dc54000-7f105dc5a000 r--s 00040000 08:09 1077934                    /opt/play-1.2.3/framework/lib/memcached-2.6.jar
7f105dc5a000-7f105dc61000 r--s 00059000 08:09 1077933                    /opt/play-1.2.3/framework/lib/log4j-1.2.15.jar
7f105dc61000-7f105dc6c000 r--s 00124000 08:09 1077932                    /opt/play-1.2.3/framework/lib/h2-1.3.149.jar
7f105dc6c000-7f105dc70000 r--s 00027000 08:09 1077929                    /opt/play-1.2.3/framework/lib/gson-1.7.1.jar
7f105dc70000-7f105dc75000 r--s 00014000 08:09 1077928                    /opt/play-1.2.3/framework/lib/hibernate-jpa-2.0-api-1.0.0.Final.jar
7f105dc75000-7f105dc7b000 r--s 00067000 08:09 1077927                    /opt/play-1.2.3/framework/lib/antlr-2.7.6.jar
7f105dc7b000-7f105dc86000 r--s 0005a000 08:09 1077926                    /opt/play-1.2.3/framework/lib/xstream-1.3.jar
7f105dc86000-7f105dc89000 r--s 0000f000 08:09 1077925                    /opt/play-1.2.3/framework/lib/geronimo-servlet_2.5_spec-1.2.jar
7f105dc89000-7f105dcdd000 r--s 00516000 08:09 1077924                    /opt/play-1.2.3/framework/lib/groovy-all-1.7.7.jar
7f105dcdd000-7f105dcdf000 r--s 0000e000 08:09 1077923                    /opt/play-1.2.3/framework/lib/commons-javaflow-1066591.jar
7f105dcdf000-7f105dced000 r--s 0007f000 08:09 1077922                    /opt/play-1.2.3/framework/lib/commons-collections-3.2.1.jar
7f105dced000-7f105dcf3000 r--s 00038000 08:09 1077921                    /opt/play-1.2.3/framework/lib/snakeyaml-1.7.jar
7f105dcf3000-7f105dd25000 r--s 002c7000 08:09 1077920                    /opt/play-1.2.3/framework/lib/hibernate-core-3.6.1.Final.jar
7f105dd25000-7f105dd2c000 r--s 0006a000 08:09 1077919                    /opt/play-1.2.3/framework/lib/mail-1.4.3.jar
7f105dd2c000-7f105dd31000 r--s 00020000 08:09 1077918                    /opt/play-1.2.3/framework/lib/jj-imaging.jar
7f105dd31000-7f105dd33000 r--s 0000c000 08:09 1077917                    /opt/play-1.2.3/framework/lib/activation-1.1.1.jar
7f105dd33000-7f105dd35000 r--s 00015000 08:09 1077916                    /opt/play-1.2.3/framework/lib/jj-simplecaptcha.jar
7f105dd35000-7f105dd38000 r--s 00022000 08:09 1077915                    /opt/play-1.2.3/framework/lib/jamon-2.7.jar
7f105dd38000-7f105dd3b000 r--s 00011000 08:09 1077914                    /opt/play-1.2.3/framework/lib/ezmorph-1.0.3.jar
7f105dd3b000-7f105dd3d000 r--s 00008000 08:09 1077913                    /opt/play-1.2.3/framework/lib/signpost-core-1.2.jar
7f105dd3d000-7f105dd44000 r--s 00049000 08:09 1077912                    /opt/play-1.2.3/framework/lib/oval-1.50.jar
7f105dd44000-7f105dd4a000 r--s 00049000 08:09 1077910                    /opt/play-1.2.3/framework/lib/async-http-client-1.6.3.jar
7f105dd4a000-7f105dd4c000 r--s 00001000 08:09 1077909                    /opt/play-1.2.3/framework/lib/jsr107cache-1.0.jar
7f105dd4c000-7f105dd52000 r--s 00049000 08:09 1077908                    /opt/play-1.2.3/framework/lib/cglib-nodep-2.2.jar
7f105dd52000-7f105dd55000 r--s 0000f000 08:09 1077907                    /opt/play-1.2.3/framework/lib/hibernate-commons-annotations-3.2.0.Final.jar
7f105dd55000-7f105dd58000 r--s 00024000 08:09 1077906                    /opt/play-1.2.3/framework/lib/commons-io-2.0.1.jar
7f105dd58000-7f105dd5a000 r--s 0000d000 08:09 1077905                    /opt/play-1.2.3/framework/lib/commons-fileupload-1.2.2.jar
7f105dd5a000-7f105dd61000 r--s 000b7000 08:09 1077904                    /opt/play-1.2.3/framework/lib/mysql-connector-java-5.1.13.jar
7f105dd61000-7f105dd63000 r--s 00002000 08:09 1077902                    /opt/play-1.2.3/framework/lib/jta-1.1.jar
7f105dd63000-7f105dd72000 r--s 00074000 08:09 1077901                    /opt/play-1.2.3/framework/lib/joda-time-1.6.jar
7f105dd72000-7f105dd77000 r--s 00041000 08:09 1077900                    /opt/play-1.2.3/framework/lib/commons-lang-2.6.jar
7f105dd77000-7f105dd79000 r--s 0000d000 08:09 1077899                    /opt/play-1.2.3/framework/lib/commons-codec-1.4.jar
7f105dd79000-7f105dd88000 r--s 000d9000 08:09 1077898                    /opt/play-1.2.3/framework/lib/ivy-2.2.0.jar
7f105dd88000-7f105ddb1000 r--s 00403000 08:09 1077897                    /opt/play-1.2.3/framework/lib/org.eclipse.jdt.core-3.6.0.jar
7f105ddb1000-7f105ddb6000 r--s 00034000 08:09 1077896                    /opt/play-1.2.3/framework/lib/commons-beanutils-1.8.3.jar
7f105ddb6000-7f105ddbb000 r--s 00048000 08:09 1077895                    /opt/play-1.2.3/framework/lib/dom4j-1.6.1.jar
7f105ddbb000-7f105ddc5000 r--s 0006f000 08:09 1077894                    /opt/play-1.2.3/framework/lib/ehcache-core-2.0.0.jar
7f105ddc5000-7f105ddcb000 r--s 00034000 08:09 1077893                    /opt/play-1.2.3/framework/lib/junit-4.8.1.jar
7f105ddcb000-7f105ddcc000 r--s 00000000 08:09 1077892                    /opt/play-1.2.3/framework/lib/javax.inject-1.0.jar
7f105ddcc000-7f105dddb000 r--s 000b2000 08:09 1077891                    /opt/play-1.2.3/framework/lib/netty-3.2.4.Final.jar
7f105dddb000-7f105dde0000 r--s 0002e000 08:09 1077890                    /opt/play-1.2.3/framework/lib/asm-all-3.3.1.jar
7f105dde0000-7f105ddeb000 r--s 0008b000 08:09 1077888                    /opt/play-1.2.3/framework/lib/c3p0-0.9.1.2.jar
7f105ddeb000-7f105ddec000 ---p 00000000 00:00 0 
7f105ddec000-7f105deec000 rw-p 00000000 00:00 0 
7f105deec000-7f105deef000 ---p 00000000 00:00 0 
7f105deef000-7f105dfed000 rw-p 00000000 00:00 0 
7f105dfed000-7f105dff0000 ---p 00000000 00:00 0 
7f105dff0000-7f105e0ee000 rw-p 00000000 00:00 0 
7f105e0ee000-7f105e0f1000 ---p 00000000 00:00 0 
7f105e0f1000-7f105e1ef000 rw-p 00000000 00:00 0 
7f105e1ef000-7f105e1f2000 ---p 00000000 00:00 0 
7f105e1f2000-7f105e2f0000 rw-p 00000000 00:00 0 
7f105e2f0000-7f105e2f3000 ---p 00000000 00:00 0 
7f105e2f3000-7f105e3f1000 rw-p 00000000 00:00 0 
7f105e3f1000-7f105e3f5000 r-xp 00000000 08:09 20337                      /usr/lib/jvm/java-6-openjdk/jre/lib/amd64/libdt_socket.so
7f105e3f5000-7f105e5f4000 ---p 00004000 08:09 20337                      /usr/lib/jvm/java-6-openjdk/jre/lib/amd64/libdt_socket.so
7f105e5f4000-7f105e5f5000 r--p 00003000 08:09 20337                      /usr/lib/jvm/java-6-openjdk/jre/lib/amd64/libdt_socket.so
7f105e5f5000-7f105e5f6000 rw-p 00004000 08:09 20337                      /usr/lib/jvm/java-6-openjdk/jre/lib/amd64/libdt_socket.so
7f105e5f6000-7f105e5f9000 ---p 00000000 00:00 0 
7f105e5f9000-7f105e6f7000 rw-p 00000000 00:00 0 
7f105e6f7000-7f105e6fa000 ---p 00000000 00:00 0 
7f105e6fa000-7f105e7f8000 rw-p 00000000 00:00 0 
7f105e7f8000-7f105e7fb000 ---p 00000000 00:00 0 
7f105e7fb000-7f105e8f9000 rw-p 00000000 00:00 0 
7f105e8f9000-7f105e8fa000 ---p 00000000 00:00 0 
7f105e8fa000-7f105ed30000 rw-p 00000000 00:00 0 
7f105ed30000-7f105eec0000 r--s 037af000 08:09 20378                      /usr/lib/jvm/java-6-openjdk/jre/lib/rt.jar
7f105eec0000-7f105eee8000 rw-p 00000000 00:00 0 
7f105eee8000-7f105eee9000 ---p 00000000 00:00 0 
7f105eee9000-7f105efe9000 rw-p 00000000 00:00 0 
7f105efe9000-7f105efea000 ---p 00000000 00:00 0 
7f105efea000-7f105f103000 rw-p 00000000 00:00 0 
7f105f103000-7f105f13d000 rw-p 00000000 00:00 0 
7f105f13d000-7f105f152000 rw-p 00000000 00:00 0 
7f105f152000-7f105f288000 rw-p 00000000 00:00 0 
7f105f288000-7f105f2a1000 rw-p 00000000 00:00 0 
7f105f2a1000-7f105f2db000 rw-p 00000000 00:00 0 
7f105f2db000-7f105f2f0000 rw-p 00000000 00:00 0 
7f105f2f0000-7f105f425000 rw-p 00000000 00:00 0 
7f105f425000-7f105f45b000 rw-p 00000000 00:00 0 
7f105f45b000-7f105f45d000 ---p 00000000 00:00 0 
7f105f45d000-7f105f4cb000 rw-p 00000000 00:00 0 
7f105f4cb000-7f105f4cc000 rw-p 00000000 00:00 0 
7f105f4cc000-7f105f92c000 rwxp 00000000 00:00 0 
7f105f92c000-7f10624cc000 rw-p 00000000 00:00 0 
7f10624cc000-7f10624d3000 r-xp 00000000 08:09 20362                      /usr/lib/jvm/java-6-openjdk/jre/lib/amd64/libzip.so
7f10624d3000-7f10626d2000 ---p 00007000 08:09 20362                      /usr/lib/jvm/java-6-openjdk/jre/lib/amd64/libzip.so
7f10626d2000-7f10626d3000 r--p 00006000 08:09 20362                      /usr/lib/jvm/java-6-openjdk/jre/lib/amd64/libzip.so
7f10626d3000-7f10626d4000 rw-p 00007000 08:09 20362                      /usr/lib/jvm/java-6-openjdk/jre/lib/amd64/libzip.so
7f10626d4000-7f10626e0000 r-xp 00000000 08:09 919774                     /lib/x86_64-linux-gnu/libnss_files-2.13.so
7f10626e0000-7f10628df000 ---p 0000c000 08:09 919774                     /lib/x86_64-linux-gnu/libnss_files-2.13.so
7f10628df000-7f10628e0000 r--p 0000b000 08:09 919774                     /lib/x86_64-linux-gnu/libnss_files-2.13.so
7f10628e0000-7f10628e1000 rw-p 0000c000 08:09 919774                     /lib/x86_64-linux-gnu/libnss_files-2.13.so
7f10628e1000-7f10628ec000 r-xp 00000000 08:09 919778                     /lib/x86_64-linux-gnu/libnss_nis-2.13.so
7f10628ec000-7f1062aeb000 ---p 0000b000 08:09 919778                     /lib/x86_64-linux-gnu/libnss_nis-2.13.so
7f1062aeb000-7f1062aec000 r--p 0000a000 08:09 919778                     /lib/x86_64-linux-gnu/libnss_nis-2.13.so
7f1062aec000-7f1062aed000 rw-p 0000b000 08:09 919778                     /lib/x86_64-linux-gnu/libnss_nis-2.13.so
7f1062aed000-7f1062af5000 r-xp 00000000 08:09 919770                     /lib/x86_64-linux-gnu/libnss_compat-2.13.so
7f1062af5000-7f1062cf4000 ---p 00008000 08:09 919770                     /lib/x86_64-linux-gnu/libnss_compat-2.13.so
7f1062cf4000-7f1062cf5000 r--p 00007000 08:09 919770                     /lib/x86_64-linux-gnu/libnss_compat-2.13.so
7f1062cf5000-7f1062cf6000 rw-p 00008000 08:09 919770                     /lib/x86_64-linux-gnu/libnss_compat-2.13.so
7f1062cf6000-7f1063380000 r--p 00000000 08:09 794337                     /usr/lib/locale/locale-archive
7f1063380000-7f1063383000 r-xp 00000000 08:09 20354                      /usr/lib/jvm/java-6-openjdk/jre/lib/amd64/libnpt.so
7f1063383000-7f1063582000 ---p 00003000 08:09 20354                      /usr/lib/jvm/java-6-openjdk/jre/lib/amd64/libnpt.so
7f1063582000-7f1063583000 r--p 00002000 08:09 20354                      /usr/lib/jvm/java-6-openjdk/jre/lib/amd64/libnpt.so
7f1063583000-7f1063584000 rw-p 00003000 08:09 20354                      /usr/lib/jvm/java-6-openjdk/jre/lib/amd64/libnpt.so
7f1063584000-7f106358e000 r-xp 00000000 08:09 20357                      /usr/lib/jvm/java-6-openjdk/jre/lib/amd64/libinstrument.so
7f106358e000-7f106378d000 ---p 0000a000 08:09 20357                      /usr/lib/jvm/java-6-openjdk/jre/lib/amd64/libinstrument.so
7f106378d000-7f106378e000 r--p 00009000 08:09 20357                      /usr/lib/jvm/java-6-openjdk/jre/lib/amd64/libinstrument.so
7f106378e000-7f106378f000 rw-p 0000a000 08:09 20357                      /usr/lib/jvm/java-6-openjdk/jre/lib/amd64/libinstrument.so
7f106378f000-7f10637c9000 r-xp 00000000 08:09 20353                      /usr/lib/jvm/java-6-openjdk/jre/lib/amd64/libjdwp.so
7f10637c9000-7f10639c8000 ---p 0003a000 08:09 20353                      /usr/lib/jvm/java-6-openjdk/jre/lib/amd64/libjdwp.so
7f10639c8000-7f10639c9000 r--p 00039000 08:09 20353                      /usr/lib/jvm/java-6-openjdk/jre/lib/amd64/libjdwp.so
7f10639c9000-7f10639ca000 rw-p 0003a000 08:09 20353                      /usr/lib/jvm/java-6-openjdk/jre/lib/amd64/libjdwp.so
7f10639ca000-7f10639e1000 r-xp 00000000 08:09 919768                     /lib/x86_64-linux-gnu/libnsl-2.13.so
7f10639e1000-7f1063be0000 ---p 00017000 08:09 919768                     /lib/x86_64-linux-gnu/libnsl-2.13.so
7f1063be0000-7f1063be1000 r--p 00016000 08:09 919768                     /lib/x86_64-linux-gnu/libnsl-2.13.so
7f1063be1000-7f1063be2000 rw-p 00017000 08:09 919768                     /lib/x86_64-linux-gnu/libnsl-2.13.so
7f1063be2000-7f1063be4000 rw-p 00000000 00:00 0 
7f1063be4000-7f1063c10000 r-xp 00000000 08:09 20361                      /usr/lib/jvm/java-6-openjdk/jre/lib/amd64/libjava.so
7f1063c10000-7f1063e0f000 ---p 0002c000 08:09 20361                      /usr/lib/jvm/java-6-openjdk/jre/lib/amd64/libjava.so
7f1063e0f000-7f1063e10000 r--p 0002b000 08:09 20361                      /usr/lib/jvm/java-6-openjdk/jre/lib/amd64/libjava.so
7f1063e10000-7f1063e13000 rw-p 0002c000 08:09 20361                      /usr/lib/jvm/java-6-openjdk/jre/lib/amd64/libjava.so
7f1063e13000-7f1063e21000 r-xp 00000000 08:09 20347                      /usr/lib/jvm/java-6-openjdk/jre/lib/amd64/libverify.so
7f1063e21000-7f1064020000 ---p 0000e000 08:09 20347                      /usr/lib/jvm/java-6-openjdk/jre/lib/amd64/libverify.so
7f1064020000-7f1064022000 r--p 0000d000 08:09 20347                      /usr/lib/jvm/java-6-openjdk/jre/lib/amd64/libverify.so
7f1064022000-7f1064023000 rw-p 0000f000 08:09 20347                      /usr/lib/jvm/java-6-openjdk/jre/lib/amd64/libverify.so
7f1064023000-7f106402a000 r-xp 00000000 08:09 919797                     /lib/x86_64-linux-gnu/librt-2.13.so
7f106402a000-7f1064229000 ---p 00007000 08:09 919797                     /lib/x86_64-linux-gnu/librt-2.13.so
7f1064229000-7f106422a000 r--p 00006000 08:09 919797                     /lib/x86_64-linux-gnu/librt-2.13.so
7f106422a000-7f106422b000 rw-p 00007000 08:09 919797                     /lib/x86_64-linux-gnu/librt-2.13.so
7f106422b000-7f1064240000 r-xp 00000000 08:09 919756                     /lib/x86_64-linux-gnu/libgcc_s.so.1
7f1064240000-7f106443f000 ---p 00015000 08:09 919756                     /lib/x86_64-linux-gnu/libgcc_s.so.1
7f106443f000-7f1064440000 r--p 00014000 08:09 919756                     /lib/x86_64-linux-gnu/libgcc_s.so.1
7f1064440000-7f1064441000 rw-p 00015000 08:09 919756                     /lib/x86_64-linux-gnu/libgcc_s.so.1
7f1064441000-7f10644c5000 r-xp 00000000 08:09 919765                     /lib/x86_64-linux-gnu/libm-2.13.so
7f10644c5000-7f10646c4000 ---p 00084000 08:09 919765                     /lib/x86_64-linux-gnu/libm-2.13.so
7f10646c4000-7f10646c5000 r--p 00083000 08:09 919765                     /lib/x86_64-linux-gnu/libm-2.13.so
7f10646c5000-7f10646c6000 rw-p 00084000 08:09 919765                     /lib/x86_64-linux-gnu/libm-2.13.so
7f10646c6000-7f10647ae000 r-xp 00000000 08:09 796674                     /usr/lib/x86_64-linux-gnu/libstdc++.so.6.0.14
7f10647ae000-7f10649ad000 ---p 000e8000 08:09 796674                     /usr/lib/x86_64-linux-gnu/libstdc++.so.6.0.14
7f10649ad000-7f10649b5000 r--p 000e7000 08:09 796674                     /usr/lib/x86_64-linux-gnu/libstdc++.so.6.0.14
7f10649b5000-7f10649b7000 rw-p 000ef000 08:09 796674                     /usr/lib/x86_64-linux-gnu/libstdc++.so.6.0.14
7f10649b7000-7f10649cc000 rw-p 00000000 00:00 0 
7f10649cc000-7f1065321000 r-xp 00000000 08:09 20365                      /usr/lib/jvm/java-6-openjdk/jre/lib/amd64/server/libjvm.so
7f1065321000-7f1065520000 ---p 00955000 08:09 20365                      /usr/lib/jvm/java-6-openjdk/jre/lib/amd64/server/libjvm.so
7f1065520000-7f10655a1000 r--p 00954000 08:09 20365                      /usr/lib/jvm/java-6-openjdk/jre/lib/amd64/server/libjvm.so
7f10655a1000-7f10655bc000 rw-p 009d5000 08:09 20365                      /usr/lib/jvm/java-6-openjdk/jre/lib/amd64/server/libjvm.so
7f10655bc000-7f10655e5000 rw-p 00000000 00:00 0 
7f10655e5000-7f106576f000 r-xp 00000000 08:09 919728                     /lib/x86_64-linux-gnu/libc-2.13.so
7f106576f000-7f106596e000 ---p 0018a000 08:09 919728                     /lib/x86_64-linux-gnu/libc-2.13.so
7f106596e000-7f1065972000 r--p 00189000 08:09 919728                     /lib/x86_64-linux-gnu/libc-2.13.so
7f1065972000-7f1065973000 rw-p 0018d000 08:09 919728                     /lib/x86_64-linux-gnu/libc-2.13.so
7f1065973000-7f1065979000 rw-p 00000000 00:00 0 
7f1065979000-7f106597b000 r-xp 00000000 08:09 919738                     /lib/x86_64-linux-gnu/libdl-2.13.so
7f106597b000-7f1065b7b000 ---p 00002000 08:09 919738                     /lib/x86_64-linux-gnu/libdl-2.13.so
7f1065b7b000-7f1065b7c000 r--p 00002000 08:09 919738                     /lib/x86_64-linux-gnu/libdl-2.13.so
7f1065b7c000-7f1065b7d000 rw-p 00003000 08:09 919738                     /lib/x86_64-linux-gnu/libdl-2.13.so
7f1065b7d000-7f1065b81000 r-xp 00000000 08:09 20345                      /usr/lib/jvm/java-6-openjdk/jre/lib/amd64/jli/libjli.so
7f1065b81000-7f1065d80000 ---p 00004000 08:09 20345                      /usr/lib/jvm/java-6-openjdk/jre/lib/amd64/jli/libjli.so
7f1065d80000-7f1065d81000 r--p 00003000 08:09 20345                      /usr/lib/jvm/java-6-openjdk/jre/lib/amd64/jli/libjli.so
7f1065d81000-7f1065d82000 rw-p 00004000 08:09 20345                      /usr/lib/jvm/java-6-openjdk/jre/lib/amd64/jli/libjli.so
7f1065d82000-7f1065d9a000 r-xp 00000000 08:09 919793                     /lib/x86_64-linux-gnu/libpthread-2.13.so
7f1065d9a000-7f1065f9a000 ---p 00018000 08:09 919793                     /lib/x86_64-linux-gnu/libpthread-2.13.so
7f1065f9a000-7f1065f9b000 r--p 00018000 08:09 919793                     /lib/x86_64-linux-gnu/libpthread-2.13.so
7f1065f9b000-7f1065f9c000 rw-p 00019000 08:09 919793                     /lib/x86_64-linux-gnu/libpthread-2.13.so
7f1065f9c000-7f1065fa0000 rw-p 00000000 00:00 0 
7f1065fa0000-7f1065fb7000 r-xp 00000000 08:09 919811                     /lib/x86_64-linux-gnu/libz.so.1.2.3.4
7f1065fb7000-7f10661b6000 ---p 00017000 08:09 919811                     /lib/x86_64-linux-gnu/libz.so.1.2.3.4
7f10661b6000-7f10661b7000 r--p 00016000 08:09 919811                     /lib/x86_64-linux-gnu/libz.so.1.2.3.4
7f10661b7000-7f10661b8000 rw-p 00017000 08:09 919811                     /lib/x86_64-linux-gnu/libz.so.1.2.3.4
7f10661b8000-7f10661d9000 r-xp 00000000 08:09 919715                     /lib/x86_64-linux-gnu/ld-2.13.so
7f10661db000-7f10661dd000 r--s 00013000 08:09 20246                      /usr/lib/jvm/java-6-openjdk/jre/lib/jce.jar
7f10661dd000-7f10661e3000 r--s 00032000 08:09 1077887                    /opt/play-1.2.3/framework/lib/jaxen-1.1.jar
7f10661e3000-7f10661ea000 r--s 00038000 08:09 1077886                    /opt/play-1.2.3/framework/lib/jj-wikitext.jar
7f10661ea000-7f10661ee000 r--s 0007c000 08:09 20245                      /usr/lib/jvm/java-6-openjdk/jre/lib/jsse.jar
7f10661ee000-7f1066200000 rw-p 00000000 00:00 0 
7f1066200000-7f10662ae000 rw-p 00000000 00:00 0 
7f10662ae000-7f10662b1000 ---p 00000000 00:00 0 
7f10662b1000-7f10663b4000 rw-p 00000000 00:00 0 
7f10663b4000-7f10663b5000 r--s 00002000 08:09 1077889                    /opt/play-1.2.3/framework/lib/slf4j-log4j12-1.6.1.jar
7f10663b5000-7f10663b6000 rw-p 00000000 00:00 0 
7f10663b6000-7f10663c1000 r--s 000b8000 08:09 1077544                    /opt/play-1.2.3/framework/play-1.2.3.jar
7f10663c1000-7f10663c9000 r--s 00066000 08:09 1188916                    /usr/share/java/gnome-java-bridge.jar
7f10663c9000-7f10663cc000 r--s 0000f000 08:09 20274                      /usr/lib/jvm/java-6-openjdk/jre/lib/ext/pulse-java.jar
7f10663cc000-7f10663d4000 rw-s 00000000 08:09 920140                     /tmp/hsperfdata_fm/12358
7f10663d4000-7f10663d5000 rw-p 00000000 00:00 0 
7f10663d5000-7f10663d6000 r--p 00000000 00:00 0 
7f10663d6000-7f10663d8000 rw-p 00000000 00:00 0 
7f10663d8000-7f10663d9000 r--p 00020000 08:09 919715                     /lib/x86_64-linux-gnu/ld-2.13.so
7f10663d9000-7f10663db000 rw-p 00021000 08:09 919715                     /lib/x86_64-linux-gnu/ld-2.13.so
7fffdd591000-7fffdd5b3000 rw-p 00000000 00:00 0                          [stack]
7fffdd5db000-7fffdd5dc000 r-xp 00000000 00:00 0                          [vdso]
ffffffffff600000-ffffffffff601000 r-xp 00000000 00:00 0                  [vsyscall]

VM Arguments:
jvm_args: -javaagent:/opt/play-1.2.3/framework/play-1.2.3.jar -Dfile.encoding=utf-8 -Xdebug -Xrunjdwp:transport=dt_socket,address=8000,server=y,suspend=n -Dplay.debug=yes -Dapplication.path=/home/fm/workspace/sinau -Dplay.id= 
java_command: play.server.Server 
Launcher Type: SUN_STANDARD

Environment Variables:
PATH=/usr/local/sbin:/usr/local/bin:/usr/sbin:/usr/bin:/sbin:/bin:/usr/games:/opt/MATLAB/R2011a/bin:/opt/eclipse:/opt/aptana:/opt/play-1.2.3
USERNAME=fm
LD_LIBRARY_PATH=/usr/lib/jvm/java-6-openjdk/jre/lib/amd64/server:/usr/lib/jvm/java-6-openjdk/jre/lib/amd64:/usr/lib/jvm/java-6-openjdk/jre/../lib/amd64
SHELL=/bin/bash
DISPLAY=:0

Signal Handlers:
SIGSEGV: [libjvm.so+0x7d0f60], sa_mask[0]=0x7ffbfeff, sa_flags=0x10000004
SIGBUS: [libjvm.so+0x7d0f60], sa_mask[0]=0x7ffbfeff, sa_flags=0x10000004
SIGFPE: [libjvm.so+0x683760], sa_mask[0]=0x7ffbfeff, sa_flags=0x10000004
SIGPIPE: [libjvm.so+0x683760], sa_mask[0]=0x7ffbfeff, sa_flags=0x10000004
SIGXFSZ: [libjvm.so+0x683760], sa_mask[0]=0x7ffbfeff, sa_flags=0x10000004
SIGILL: [libjvm.so+0x683760], sa_mask[0]=0x7ffbfeff, sa_flags=0x10000004
SIGUSR1: SIG_DFL, sa_mask[0]=0x00000000, sa_flags=0x00000000
SIGUSR2: [libjvm.so+0x683930], sa_mask[0]=0x00000000, sa_flags=0x10000004
SIGHUP: [libjvm.so+0x6862d0], sa_mask[0]=0x7ffbfeff, sa_flags=0x10000004
SIGINT: [libjvm.so+0x6862d0], sa_mask[0]=0x7ffbfeff, sa_flags=0x10000004
SIGTERM: [libjvm.so+0x6862d0], sa_mask[0]=0x7ffbfeff, sa_flags=0x10000004
SIGQUIT: [libjvm.so+0x6862d0], sa_mask[0]=0x7ffbfeff, sa_flags=0x10000004


---------------  S Y S T E M  ---------------

OS:LinuxMint 11 (katya)
uname:Linux 2.6.38-8-generic #42-Ubuntu SMP Mon Apr 11 03:31:24 UTC 2011 x86_64
libc:glibc 2.13 NPTL 2.13 
rlimit: STACK 8192k, CORE 0k, NPROC infinity, NOFILE 4096, AS infinity
load average:0.13 0.16 0.14

/proc/meminfo:
MemTotal:        4058628 kB
MemFree:           37264 kB
Buffers:          842728 kB
Cached:          1294516 kB
SwapCached:            0 kB
Active:          1839780 kB
Inactive:        1860524 kB
Active(anon):    1155916 kB
Inactive(anon):   426260 kB
Active(file):     683864 kB
Inactive(file):  1434264 kB
Unevictable:          48 kB
Mlocked:              48 kB
SwapTotal:       4192252 kB
SwapFree:        4192252 kB
Dirty:               252 kB
Writeback:             0 kB
AnonPages:       1563120 kB
Mapped:           190168 kB
Shmem:             19116 kB
Slab:             140948 kB
SReclaimable:     102332 kB
SUnreclaim:        38616 kB
KernelStack:        3408 kB
PageTables:        32472 kB
NFS_Unstable:          0 kB
Bounce:                0 kB
WritebackTmp:          0 kB
CommitLimit:     6221564 kB
Committed_AS:    3532088 kB
VmallocTotal:   34359738367 kB
VmallocUsed:      327996 kB
VmallocChunk:   34359388156 kB
HardwareCorrupted:     0 kB
HugePages_Total:       0
HugePages_Free:        0
HugePages_Rsvd:        0
HugePages_Surp:        0
Hugepagesize:       2048 kB
DirectMap4k:      290304 kB
DirectMap2M:     3903488 kB


CPU:total 2 (2 cores per cpu, 1 threads per core) family 6 model 23 stepping 6, cmov, cx8, fxsr, mmx, sse, sse2, sse3, ssse3, sse4.1

Memory: 4k page, physical 4058628k(37264k free), swap 4192252k(4192252k free)

vm_info: OpenJDK 64-Bit Server VM (20.0-b11) for linux-amd64 JRE (1.6.0_22-b22), built on Jun 11 2011 05:56:16 by "buildd" with gcc 4.5.2

time: Mon Oct 17 02:39:00 2011
elapsed time: 240 seconds

