#
# A fatal error has been detected by the Java Runtime Environment:
#
#  SIGSEGV (0xb) at pc=0x00007fb0b91f73f8, pid=3447, tid=140396880643840
#
# JRE version: 6.0_22-b22
# Java VM: OpenJDK 64-Bit Server VM (20.0-b11 mixed mode linux-amd64 compressed oops)
# Derivative: IcedTea6 1.10.2
# Distribution: Ubuntu 11.04, package 6b22-1.10.2-0ubuntu1~11.04.1
# Problematic frame:
# V  [libjvm.so+0x5ec3f8]  PhaseIdealLoop::build_loop_late_post(Node*)+0x158
#
# If you would like to submit a bug report, please include
# instructions how to reproduce the bug and visit:
#   https://bugs.launchpad.net/ubuntu/+source/openjdk-6/
#

---------------  T H R E A D  ---------------

Current thread (0x00007fb0ac059800):  JavaThread "C2 CompilerThread1" daemon [_thread_in_native, id=3458, stack(0x00007fb0b222c000,0x00007fb0b232d000)]

siginfo:si_signo=SIGSEGV: si_errno=0, si_code=1 (SEGV_MAPERR), si_addr=0x0000000000000008

Registers:
RAX=0x0000000000000000, RBX=0x00007fb0b2329890, RCX=0x00007fb0ac758ef0, RDX=0x0000000000002000
RSP=0x00007fb0b23280b0, RBP=0x00007fb0b23280f0, RSI=0x00007fb0ad332e20, RDI=0x0000000000000000
R8 =0x00007fb0ac748ed0, R9 =0x00007fb0b2329890, R10=0x00007fb0ad332e20, R11=0x0000000000000000
R12=0x00007fb0acb24510, R13=0x00007fb0ac364568, R14=0x00007fb0b23298b0, R15=0x00007fb0ac718588
RIP=0x00007fb0b91f73f8, EFLAGS=0x0000000000010206, CSGSFS=0x0000000000000033, ERR=0x0000000000000004
  TRAPNO=0x000000000000000e

Top of Stack: (sp=0x00007fb0b23280b0)
0x00007fb0b23280b0:   0000000001492288 00007fb0b2328380
0x00007fb0b23280c0:   00007fb0b23280f0 00007fb0b2329890
0x00007fb0b23280d0:   0000000000000002 00007fb0acb24510
0x00007fb0b23280e0:   0000000001435a88 00007fb0b2328380
0x00007fb0b23280f0:   00007fb0b2328160 00007fb0b91f79db
0x00007fb0b2328100:   0000000000000001 00007fb000000100
0x00007fb0b2328110:   00007fb000000001 00007fb0b232a230
0x00007fb0b2328120:   00007fb0b2328360 00007fb0b23283c0
0x00007fb0b2328130:   0000000000001804 00007fb0b2329890
0x00007fb0b2328140:   0000000000000001 0000000000000007
0x00007fb0b2328150:   0000000000000001 0000000000c14590
0x00007fb0b2328160:   00007fb0b2328410 00007fb0b91f8317
0x00007fb0b2328170:   00000000c2375d48 00007fb0b93a0016
0x00007fb0b2328180:   00007fb0b23281d0 0000000000c14520
0x00007fb0b2328190:   00007fb0b23281e0 00007fb0b23298b0
0x00007fb0b23281a0:   00007fb0b23281d0 00007fb0acc2eda0
0x00007fb0b23281b0:   00007fb0b97ee8a0 00000000c2375d48
0x00007fb0b23281c0:   00007fb0b2328210 00007fb0b9274c07
0x00007fb0b23281d0:   00007fb0b23281f0 00007fb0b9274167
0x00007fb0b23281e0:   00007fb0b2328210 0000000000000000
0x00007fb0b23281f0:   00007fb0b2328210 00000000000051f0
0x00007fb0b2328200:   00007fb000001002 00007fb0b2328240
0x00007fb0b2328210:   00007fb0b2328230 00007fb0b9095605
0x00007fb0b2328220:   00007fb0acb2b2f0 00007fb0ac1b3370
0x00007fb0b2328230:   00007fb0acbb1a60 00000000b2328e80
0x00007fb0b2328240:   00007fb0b23282a0 000000000142fc70
0x00007fb0b2328250:   00007fb0ac1b3420 00007fb0ac000020
0x00007fb0b2328260:   00007fb0b23282f0 0000000000010010
0x00007fb0b2328270:   00007fb0ac5a4f20 0000000000010000
0x00007fb0b2328280:   00007fb0ac5a6538 0000000000004180
0x00007fb0b2328290:   000000000000c170 00007fb0b23282d0
0x00007fb0b23282a0:   00007fb0b23282c0 00007fb0b8f34741 

Instructions: (pc=0x00007fb0b91f73f8)
0x00007fb0b91f73d8:   84 d8 03 00 00 8b 70 28 49 89 c7 0f 1f 44 00 00
0x00007fb0b91f73e8:   4c 8b 93 e0 09 00 00 89 f6 49 8d 34 f2 48 8b 06
0x00007fb0b91f73f8:   48 8b 50 08 48 83 3a 00 75 27 8b 4b 28 0f 1f 00
0x00007fb0b91f7408:   8b 50 28 31 c0 39 ca 73 0e 48 8b 43 30 89 d2 48 

Register to memory mapping:

RAX=0x0000000000000000 is an unknown value
RBX=0x00007fb0b2329890 is pointing into the stack for thread: 0x00007fb0ac059800
RCX=0x00007fb0ac758ef0 is an unknown value
RDX=0x0000000000002000 is an unknown value
RSP=0x00007fb0b23280b0 is pointing into the stack for thread: 0x00007fb0ac059800
RBP=0x00007fb0b23280f0 is pointing into the stack for thread: 0x00007fb0ac059800
RSI=0x00007fb0ad332e20 is an unknown value
RDI=0x0000000000000000 is an unknown value
R8 =0x00007fb0ac748ed0 is an unknown value
R9 =0x00007fb0b2329890 is pointing into the stack for thread: 0x00007fb0ac059800
R10=0x00007fb0ad332e20 is an unknown value
R11=0x0000000000000000 is an unknown value
R12=0x00007fb0acb24510 is an unknown value
R13=0x00007fb0ac364568 is an unknown value
R14=0x00007fb0b23298b0 is pointing into the stack for thread: 0x00007fb0ac059800
R15=0x00007fb0ac718588 is an unknown value


Stack: [0x00007fb0b222c000,0x00007fb0b232d000],  sp=0x00007fb0b23280b0,  free space=1008k
Native frames: (J=compiled Java code, j=interpreted, Vv=VM code, C=native code)
V  [libjvm.so+0x5ec3f8]  PhaseIdealLoop::build_loop_late_post(Node*)+0x158
V  [libjvm.so+0x5ec9db]  PhaseIdealLoop::build_loop_late(VectorSet&, Node_List&, Node_Stack&)+0x10b
V  [libjvm.so+0x5ed317]  PhaseIdealLoop::build_and_optimize(bool, bool)+0x757
V  [libjvm.so+0x3929b5]  Compile::Optimize()+0xdc5
V  [libjvm.so+0x393649]  Compile::Compile(ciEnv*, C2Compiler*, ciMethod*, int, bool, bool)+0xae9
V  [libjvm.so+0x319a20]  C2Compiler::compile_method(ciEnv*, ciMethod*, int)+0xe0
V  [libjvm.so+0x397f24]  CompileBroker::invoke_compiler_on_method(CompileTask*)+0x294
V  [libjvm.so+0x398771]  CompileBroker::compiler_thread_loop()+0x381
V  [libjvm.so+0x793618]  JavaThread::thread_main_inner()+0x58
V  [libjvm.so+0x686c02]  java_start(Thread*)+0x112


Current CompileTask:
C2: 894902 879      jregex.Pretokenizer.next()V (1064 bytes)


---------------  P R O C E S S  ---------------

Java Threads: ( => current thread )
  0x00007fb0a42e4800 JavaThread "net.sf.ehcache.CacheManager@69c2ff33" daemon [_thread_blocked, id=3813, stack(0x00007fb0b152a000,0x00007fb0b162b000)]
  0x000000000162f000 JavaThread "New I/O server worker #1-4" [_thread_in_native, id=3739, stack(0x00007fb0b04d3000,0x00007fb0b05d4000)]
  0x00007fb0a4568800 JavaThread "com.mchange.v2.async.ThreadPoolAsynchronousRunner$PoolThread-#2" daemon [_thread_blocked, id=3469, stack(0x00007fb0b0f1f000,0x00007fb0b1020000)]
  0x00007fb0a4568000 JavaThread "com.mchange.v2.async.ThreadPoolAsynchronousRunner$PoolThread-#1" daemon [_thread_blocked, id=3468, stack(0x00007fb0b1020000,0x00007fb0b1121000)]
  0x00007fb0a45ae800 JavaThread "com.mchange.v2.async.ThreadPoolAsynchronousRunner$PoolThread-#0" daemon [_thread_blocked, id=3467, stack(0x00007fb0b1121000,0x00007fb0b1222000)]
  0x00007fb0a458a800 JavaThread "Timer-0" daemon [_thread_blocked, id=3466, stack(0x00007fb0b1222000,0x00007fb0b1323000)]
  0x0000000000df7000 JavaThread "play-thread-1" [_thread_in_vm, id=3464, stack(0x00007fb0b162b000,0x00007fb0b172c000)]
  0x00007fb0a40e3800 JavaThread "DestroyJavaVM" [_thread_blocked, id=3448, stack(0x00007fb0ba4ed000,0x00007fb0ba5ee000)]
  0x00007fb0a4256800 JavaThread "New I/O server boss #1 ([id: 0x1137d4a4, /0:0:0:0:0:0:0:0:9000])" [_thread_in_native, id=3461, stack(0x00007fb0b192e000,0x00007fb0b1a2f000)]
  0x00007fb0ac05c000 JavaThread "Low Memory Detector" daemon [_thread_blocked, id=3459, stack(0x00007fb0b212b000,0x00007fb0b222c000)]
=>0x00007fb0ac059800 JavaThread "C2 CompilerThread1" daemon [_thread_in_native, id=3458, stack(0x00007fb0b222c000,0x00007fb0b232d000)]
  0x00007fb0ac056800 JavaThread "C2 CompilerThread0" daemon [_thread_in_native, id=3457, stack(0x00007fb0b232d000,0x00007fb0b242e000)]
  0x00007fb0ac054000 JavaThread "JDWP Event Helper Thread" daemon [_thread_blocked, id=3456, stack(0x00007fb0b242e000,0x00007fb0b252f000)]
  0x00007fb0ac050800 JavaThread "JDWP Transport Listener: dt_socket" daemon [_thread_in_native, id=3455, stack(0x00007fb0b252f000,0x00007fb0b2630000)]
  0x00007fb0ac01f000 JavaThread "Signal Dispatcher" daemon [_thread_blocked, id=3454, stack(0x00007fb0b2835000,0x00007fb0b2936000)]
  0x00007fb0ac001000 JavaThread "Finalizer" daemon [_thread_blocked, id=3453, stack(0x00007fb0b2936000,0x00007fb0b2a37000)]
  0x0000000000bd8800 JavaThread "Reference Handler" daemon [_thread_blocked, id=3452, stack(0x00007fb0b2a37000,0x00007fb0b2b38000)]

Other Threads:
  0x0000000000bd1800 VMThread [stack: 0x00007fb0b2b38000,0x00007fb0b2c39000] [id=3451]
  0x00007fb0ac05e800 WatcherThread [stack: 0x00007fb0b202a000,0x00007fb0b212b000] [id=3460]

VM state:not at safepoint (normal execution)

VM Mutex/Monitor currently owned by a thread: None

Heap
 PSYoungGen      total 89664K, used 59123K [0x00000000eb560000, 0x00000000f1a50000, 0x0000000100000000)
  eden space 87744K, 65% used [0x00000000eb560000,0x00000000eed44e50,0x00000000f0b10000)
  from space 1920K, 98% used [0x00000000f10d0000,0x00000000f12a8000,0x00000000f12b0000)
  to   space 6080K, 0% used [0x00000000f1460000,0x00000000f1460000,0x00000000f1a50000)
 PSOldGen        total 42304K, used 17772K [0x00000000c2000000, 0x00000000c4950000, 0x00000000eb560000)
  object space 42304K, 42% used [0x00000000c2000000,0x00000000c315b160,0x00000000c4950000)
 PSPermGen       total 52736K, used 52662K [0x00000000b7a00000, 0x00000000bad80000, 0x00000000c2000000)
  object space 52736K, 99% used [0x00000000b7a00000,0x00000000bad6d978,0x00000000bad80000)

Code Cache  [0x00007fb0b370b000, 0x00007fb0b3c0b000, 0x00007fb0b670b000)
 total_blobs=1504 nmethods=851 adapters=614 free_code_cache=45206720 largest_free_block=37376

Dynamic libraries:
00400000-00409000 r-xp 00000000 08:09 20329                              /usr/lib/jvm/java-6-openjdk/jre/bin/java
00608000-00609000 r--p 00008000 08:09 20329                              /usr/lib/jvm/java-6-openjdk/jre/bin/java
00609000-0060a000 rw-p 00009000 08:09 20329                              /usr/lib/jvm/java-6-openjdk/jre/bin/java
00b5e000-0307b000 rw-p 00000000 00:00 0                                  [heap]
b7a00000-bad80000 rw-p 00000000 00:00 0 
bad80000-c2000000 rw-p 00000000 00:00 0 
c2000000-c4950000 rw-p 00000000 00:00 0 
c4950000-eb560000 rw-p 00000000 00:00 0 
eb560000-f1a50000 rw-p 00000000 00:00 0 
f1a50000-f2400000 ---p 00000000 00:00 0 
f2400000-100000000 rw-p 00000000 00:00 0 
7fb0a4000000-7fb0a4db7000 rw-p 00000000 00:00 0 
7fb0a4db7000-7fb0a8000000 ---p 00000000 00:00 0 
7fb0ac000000-7fb0ae627000 rw-p 00000000 00:00 0 
7fb0ae627000-7fb0b0000000 ---p 00000000 00:00 0 
7fb0b02d1000-7fb0b02d4000 ---p 00000000 00:00 0 
7fb0b02d4000-7fb0b03d2000 rw-p 00000000 00:00 0 
7fb0b03d2000-7fb0b03d5000 ---p 00000000 00:00 0 
7fb0b03d5000-7fb0b04d3000 rw-p 00000000 00:00 0 
7fb0b04d3000-7fb0b04d6000 ---p 00000000 00:00 0 
7fb0b04d6000-7fb0b05d4000 rw-p 00000000 00:00 0 
7fb0b05d4000-7fb0b05d7000 ---p 00000000 00:00 0 
7fb0b05d7000-7fb0b06d5000 rw-p 00000000 00:00 0 
7fb0b06d5000-7fb0b06ec000 r-xp 00000000 08:09 919795                     /lib/x86_64-linux-gnu/libresolv-2.13.so
7fb0b06ec000-7fb0b08ec000 ---p 00017000 08:09 919795                     /lib/x86_64-linux-gnu/libresolv-2.13.so
7fb0b08ec000-7fb0b08ed000 r--p 00017000 08:09 919795                     /lib/x86_64-linux-gnu/libresolv-2.13.so
7fb0b08ed000-7fb0b08ee000 rw-p 00018000 08:09 919795                     /lib/x86_64-linux-gnu/libresolv-2.13.so
7fb0b08ee000-7fb0b08f0000 rw-p 00000000 00:00 0 
7fb0b08f0000-7fb0b08f7000 r-xp 00000000 08:09 919772                     /lib/x86_64-linux-gnu/libnss_dns-2.13.so
7fb0b08f7000-7fb0b0af6000 ---p 00007000 08:09 919772                     /lib/x86_64-linux-gnu/libnss_dns-2.13.so
7fb0b0af6000-7fb0b0af7000 r--p 00006000 08:09 919772                     /lib/x86_64-linux-gnu/libnss_dns-2.13.so
7fb0b0af7000-7fb0b0af8000 rw-p 00007000 08:09 919772                     /lib/x86_64-linux-gnu/libnss_dns-2.13.so
7fb0b0af8000-7fb0b0afa000 r-xp 00000000 08:09 915782                     /lib/libnss_mdns4_minimal.so.2
7fb0b0afa000-7fb0b0cf9000 ---p 00002000 08:09 915782                     /lib/libnss_mdns4_minimal.so.2
7fb0b0cf9000-7fb0b0cfa000 r--p 00001000 08:09 915782                     /lib/libnss_mdns4_minimal.so.2
7fb0b0cfa000-7fb0b0cfb000 rw-p 00002000 08:09 915782                     /lib/libnss_mdns4_minimal.so.2
7fb0b0d1a000-7fb0b0d1d000 r--s 00031000 08:09 20271                      /usr/lib/jvm/java-6-openjdk/jre/lib/ext/sunjce_provider.jar
7fb0b0d1d000-7fb0b0d20000 ---p 00000000 00:00 0 
7fb0b0d20000-7fb0b0e1e000 rw-p 00000000 00:00 0 
7fb0b0e1e000-7fb0b0e21000 ---p 00000000 00:00 0 
7fb0b0e21000-7fb0b0f1f000 rw-p 00000000 00:00 0 
7fb0b0f1f000-7fb0b0f22000 ---p 00000000 00:00 0 
7fb0b0f22000-7fb0b1020000 rw-p 00000000 00:00 0 
7fb0b1020000-7fb0b1023000 ---p 00000000 00:00 0 
7fb0b1023000-7fb0b1121000 rw-p 00000000 00:00 0 
7fb0b1121000-7fb0b1124000 ---p 00000000 00:00 0 
7fb0b1124000-7fb0b1222000 rw-p 00000000 00:00 0 
7fb0b1222000-7fb0b1225000 ---p 00000000 00:00 0 
7fb0b1225000-7fb0b1323000 rw-p 00000000 00:00 0 
7fb0b1323000-7fb0b1329000 r-xp 00000000 08:09 20374                      /usr/lib/jvm/java-6-openjdk/jre/lib/amd64/libmanagement.so
7fb0b1329000-7fb0b1528000 ---p 00006000 08:09 20374                      /usr/lib/jvm/java-6-openjdk/jre/lib/amd64/libmanagement.so
7fb0b1528000-7fb0b1529000 r--p 00005000 08:09 20374                      /usr/lib/jvm/java-6-openjdk/jre/lib/amd64/libmanagement.so
7fb0b1529000-7fb0b152a000 rw-p 00006000 08:09 20374                      /usr/lib/jvm/java-6-openjdk/jre/lib/amd64/libmanagement.so
7fb0b152a000-7fb0b152d000 ---p 00000000 00:00 0 
7fb0b152d000-7fb0b162b000 rw-p 00000000 00:00 0 
7fb0b162b000-7fb0b162e000 ---p 00000000 00:00 0 
7fb0b162e000-7fb0b172c000 rw-p 00000000 00:00 0 
7fb0b172c000-7fb0b172f000 ---p 00000000 00:00 0 
7fb0b172f000-7fb0b182d000 rw-p 00000000 00:00 0 
7fb0b182d000-7fb0b1830000 ---p 00000000 00:00 0 
7fb0b1830000-7fb0b192e000 rw-p 00000000 00:00 0 
7fb0b192e000-7fb0b1931000 ---p 00000000 00:00 0 
7fb0b1931000-7fb0b1a2f000 rw-p 00000000 00:00 0 
7fb0b1a2f000-7fb0b1a37000 r-xp 00000000 08:09 20338                      /usr/lib/jvm/java-6-openjdk/jre/lib/amd64/libnio.so
7fb0b1a37000-7fb0b1c36000 ---p 00008000 08:09 20338                      /usr/lib/jvm/java-6-openjdk/jre/lib/amd64/libnio.so
7fb0b1c36000-7fb0b1c37000 r--p 00007000 08:09 20338                      /usr/lib/jvm/java-6-openjdk/jre/lib/amd64/libnio.so
7fb0b1c37000-7fb0b1c38000 rw-p 00008000 08:09 20338                      /usr/lib/jvm/java-6-openjdk/jre/lib/amd64/libnio.so
7fb0b1c38000-7fb0b1c4d000 r-xp 00000000 08:09 20348                      /usr/lib/jvm/java-6-openjdk/jre/lib/amd64/libnet.so
7fb0b1c4d000-7fb0b1e4c000 ---p 00015000 08:09 20348                      /usr/lib/jvm/java-6-openjdk/jre/lib/amd64/libnet.so
7fb0b1e4c000-7fb0b1e4d000 r--p 00014000 08:09 20348                      /usr/lib/jvm/java-6-openjdk/jre/lib/amd64/libnet.so
7fb0b1e4d000-7fb0b1e4e000 rw-p 00015000 08:09 20348                      /usr/lib/jvm/java-6-openjdk/jre/lib/amd64/libnet.so
7fb0b1e4e000-7fb0b1e50000 r--s 0000d000 08:09 1077944                    /opt/play-1.2.3/framework/lib/commons-logging-1.1.1.jar
7fb0b1e50000-7fb0b1e52000 r--s 00005000 08:09 1077943                    /opt/play-1.2.3/framework/lib/slf4j-api-1.6.1.jar
7fb0b1e52000-7fb0b1e54000 r--s 0000b000 08:09 1077942                    /opt/play-1.2.3/framework/lib/jj-textile.jar
7fb0b1e54000-7fb0b1e56000 r--s 00015000 08:09 1077941                    /opt/play-1.2.3/framework/lib/jregex-1.2_01.jar
7fb0b1e56000-7fb0b1e5e000 r--s 0008a000 08:09 1077940                    /opt/play-1.2.3/framework/lib/javassist-3.9.0.GA.jar
7fb0b1e5e000-7fb0b1e83000 r--s 00172000 08:09 1077939                    /opt/play-1.2.3/framework/lib/bcprov-jdk15-1.45.jar
7fb0b1e83000-7fb0b1e89000 r--s 0007e000 08:09 1077938                    /opt/play-1.2.3/framework/lib/postgresql-9.0.jar
7fb0b1e89000-7fb0b1e92000 r--s 0005d000 08:09 1077937                    /opt/play-1.2.3/framework/lib/hibernate-entitymanager-3.6.0.Final.jar
7fb0b1e92000-7fb0b1e93000 r--s 00007000 08:09 1077936                    /opt/play-1.2.3/framework/lib/commons-email-1.2.jar
7fb0b1e93000-7fb0b1e99000 r--s 00040000 08:09 1077934                    /opt/play-1.2.3/framework/lib/memcached-2.6.jar
7fb0b1e99000-7fb0b1ea0000 r--s 00059000 08:09 1077933                    /opt/play-1.2.3/framework/lib/log4j-1.2.15.jar
7fb0b1ea0000-7fb0b1eab000 r--s 00124000 08:09 1077932                    /opt/play-1.2.3/framework/lib/h2-1.3.149.jar
7fb0b1eab000-7fb0b1eaf000 r--s 00027000 08:09 1077929                    /opt/play-1.2.3/framework/lib/gson-1.7.1.jar
7fb0b1eaf000-7fb0b1eb4000 r--s 00014000 08:09 1077928                    /opt/play-1.2.3/framework/lib/hibernate-jpa-2.0-api-1.0.0.Final.jar
7fb0b1eb4000-7fb0b1eba000 r--s 00067000 08:09 1077927                    /opt/play-1.2.3/framework/lib/antlr-2.7.6.jar
7fb0b1eba000-7fb0b1ec5000 r--s 0005a000 08:09 1077926                    /opt/play-1.2.3/framework/lib/xstream-1.3.jar
7fb0b1ec5000-7fb0b1ec8000 r--s 0000f000 08:09 1077925                    /opt/play-1.2.3/framework/lib/geronimo-servlet_2.5_spec-1.2.jar
7fb0b1ec8000-7fb0b1f1c000 r--s 00516000 08:09 1077924                    /opt/play-1.2.3/framework/lib/groovy-all-1.7.7.jar
7fb0b1f1c000-7fb0b1f1e000 r--s 0000e000 08:09 1077923                    /opt/play-1.2.3/framework/lib/commons-javaflow-1066591.jar
7fb0b1f1e000-7fb0b1f2c000 r--s 0007f000 08:09 1077922                    /opt/play-1.2.3/framework/lib/commons-collections-3.2.1.jar
7fb0b1f2c000-7fb0b1f32000 r--s 00038000 08:09 1077921                    /opt/play-1.2.3/framework/lib/snakeyaml-1.7.jar
7fb0b1f32000-7fb0b1f64000 r--s 002c7000 08:09 1077920                    /opt/play-1.2.3/framework/lib/hibernate-core-3.6.1.Final.jar
7fb0b1f64000-7fb0b1f6b000 r--s 0006a000 08:09 1077919                    /opt/play-1.2.3/framework/lib/mail-1.4.3.jar
7fb0b1f6b000-7fb0b1f70000 r--s 00020000 08:09 1077918                    /opt/play-1.2.3/framework/lib/jj-imaging.jar
7fb0b1f70000-7fb0b1f72000 r--s 0000c000 08:09 1077917                    /opt/play-1.2.3/framework/lib/activation-1.1.1.jar
7fb0b1f72000-7fb0b1f74000 r--s 00015000 08:09 1077916                    /opt/play-1.2.3/framework/lib/jj-simplecaptcha.jar
7fb0b1f74000-7fb0b1f77000 r--s 00022000 08:09 1077915                    /opt/play-1.2.3/framework/lib/jamon-2.7.jar
7fb0b1f77000-7fb0b1f7a000 r--s 00011000 08:09 1077914                    /opt/play-1.2.3/framework/lib/ezmorph-1.0.3.jar
7fb0b1f7a000-7fb0b1f7c000 r--s 00008000 08:09 1077913                    /opt/play-1.2.3/framework/lib/signpost-core-1.2.jar
7fb0b1f7c000-7fb0b1f83000 r--s 00049000 08:09 1077912                    /opt/play-1.2.3/framework/lib/oval-1.50.jar
7fb0b1f83000-7fb0b1f89000 r--s 00049000 08:09 1077910                    /opt/play-1.2.3/framework/lib/async-http-client-1.6.3.jar
7fb0b1f89000-7fb0b1f8b000 r--s 00001000 08:09 1077909                    /opt/play-1.2.3/framework/lib/jsr107cache-1.0.jar
7fb0b1f8b000-7fb0b1f91000 r--s 00049000 08:09 1077908                    /opt/play-1.2.3/framework/lib/cglib-nodep-2.2.jar
7fb0b1f91000-7fb0b1f94000 r--s 0000f000 08:09 1077907                    /opt/play-1.2.3/framework/lib/hibernate-commons-annotations-3.2.0.Final.jar
7fb0b1f94000-7fb0b1f97000 r--s 00024000 08:09 1077906                    /opt/play-1.2.3/framework/lib/commons-io-2.0.1.jar
7fb0b1f97000-7fb0b1f99000 r--s 0000d000 08:09 1077905                    /opt/play-1.2.3/framework/lib/commons-fileupload-1.2.2.jar
7fb0b1f99000-7fb0b1fa0000 r--s 000b7000 08:09 1077904                    /opt/play-1.2.3/framework/lib/mysql-connector-java-5.1.13.jar
7fb0b1fa0000-7fb0b1fa2000 r--s 00002000 08:09 1077902                    /opt/play-1.2.3/framework/lib/jta-1.1.jar
7fb0b1fa2000-7fb0b1fb1000 r--s 00074000 08:09 1077901                    /opt/play-1.2.3/framework/lib/joda-time-1.6.jar
7fb0b1fb1000-7fb0b1fb6000 r--s 00041000 08:09 1077900                    /opt/play-1.2.3/framework/lib/commons-lang-2.6.jar
7fb0b1fb6000-7fb0b1fb8000 r--s 0000d000 08:09 1077899                    /opt/play-1.2.3/framework/lib/commons-codec-1.4.jar
7fb0b1fb8000-7fb0b1fc7000 r--s 000d9000 08:09 1077898                    /opt/play-1.2.3/framework/lib/ivy-2.2.0.jar
7fb0b1fc7000-7fb0b1ff0000 r--s 00403000 08:09 1077897                    /opt/play-1.2.3/framework/lib/org.eclipse.jdt.core-3.6.0.jar
7fb0b1ff0000-7fb0b1ff5000 r--s 00034000 08:09 1077896                    /opt/play-1.2.3/framework/lib/commons-beanutils-1.8.3.jar
7fb0b1ff5000-7fb0b1ffa000 r--s 00048000 08:09 1077895                    /opt/play-1.2.3/framework/lib/dom4j-1.6.1.jar
7fb0b1ffa000-7fb0b2004000 r--s 0006f000 08:09 1077894                    /opt/play-1.2.3/framework/lib/ehcache-core-2.0.0.jar
7fb0b2004000-7fb0b200a000 r--s 00034000 08:09 1077893                    /opt/play-1.2.3/framework/lib/junit-4.8.1.jar
7fb0b200a000-7fb0b200b000 r--s 00000000 08:09 1077892                    /opt/play-1.2.3/framework/lib/javax.inject-1.0.jar
7fb0b200b000-7fb0b201a000 r--s 000b2000 08:09 1077891                    /opt/play-1.2.3/framework/lib/netty-3.2.4.Final.jar
7fb0b201a000-7fb0b201f000 r--s 0002e000 08:09 1077890                    /opt/play-1.2.3/framework/lib/asm-all-3.3.1.jar
7fb0b201f000-7fb0b202a000 r--s 0008b000 08:09 1077888                    /opt/play-1.2.3/framework/lib/c3p0-0.9.1.2.jar
7fb0b202a000-7fb0b202b000 ---p 00000000 00:00 0 
7fb0b202b000-7fb0b212b000 rw-p 00000000 00:00 0 
7fb0b212b000-7fb0b212e000 ---p 00000000 00:00 0 
7fb0b212e000-7fb0b222c000 rw-p 00000000 00:00 0 
7fb0b222c000-7fb0b222f000 ---p 00000000 00:00 0 
7fb0b222f000-7fb0b232d000 rw-p 00000000 00:00 0 
7fb0b232d000-7fb0b2330000 ---p 00000000 00:00 0 
7fb0b2330000-7fb0b242e000 rw-p 00000000 00:00 0 
7fb0b242e000-7fb0b2431000 ---p 00000000 00:00 0 
7fb0b2431000-7fb0b252f000 rw-p 00000000 00:00 0 
7fb0b252f000-7fb0b2532000 ---p 00000000 00:00 0 
7fb0b2532000-7fb0b2630000 rw-p 00000000 00:00 0 
7fb0b2630000-7fb0b2634000 r-xp 00000000 08:09 20337                      /usr/lib/jvm/java-6-openjdk/jre/lib/amd64/libdt_socket.so
7fb0b2634000-7fb0b2833000 ---p 00004000 08:09 20337                      /usr/lib/jvm/java-6-openjdk/jre/lib/amd64/libdt_socket.so
7fb0b2833000-7fb0b2834000 r--p 00003000 08:09 20337                      /usr/lib/jvm/java-6-openjdk/jre/lib/amd64/libdt_socket.so
7fb0b2834000-7fb0b2835000 rw-p 00004000 08:09 20337                      /usr/lib/jvm/java-6-openjdk/jre/lib/amd64/libdt_socket.so
7fb0b2835000-7fb0b2838000 ---p 00000000 00:00 0 
7fb0b2838000-7fb0b2936000 rw-p 00000000 00:00 0 
7fb0b2936000-7fb0b2939000 ---p 00000000 00:00 0 
7fb0b2939000-7fb0b2a37000 rw-p 00000000 00:00 0 
7fb0b2a37000-7fb0b2a3a000 ---p 00000000 00:00 0 
7fb0b2a3a000-7fb0b2b38000 rw-p 00000000 00:00 0 
7fb0b2b38000-7fb0b2b39000 ---p 00000000 00:00 0 
7fb0b2b39000-7fb0b2f6f000 rw-p 00000000 00:00 0 
7fb0b2f6f000-7fb0b30ff000 r--s 037af000 08:09 20378                      /usr/lib/jvm/java-6-openjdk/jre/lib/rt.jar
7fb0b30ff000-7fb0b3127000 rw-p 00000000 00:00 0 
7fb0b3127000-7fb0b3128000 ---p 00000000 00:00 0 
7fb0b3128000-7fb0b3228000 rw-p 00000000 00:00 0 
7fb0b3228000-7fb0b3229000 ---p 00000000 00:00 0 
7fb0b3229000-7fb0b3343000 rw-p 00000000 00:00 0 
7fb0b3343000-7fb0b337c000 rw-p 00000000 00:00 0 
7fb0b337c000-7fb0b3391000 rw-p 00000000 00:00 0 
7fb0b3391000-7fb0b34c7000 rw-p 00000000 00:00 0 
7fb0b34c7000-7fb0b34e1000 rw-p 00000000 00:00 0 
7fb0b34e1000-7fb0b351a000 rw-p 00000000 00:00 0 
7fb0b351a000-7fb0b352f000 rw-p 00000000 00:00 0 
7fb0b352f000-7fb0b3664000 rw-p 00000000 00:00 0 
7fb0b3664000-7fb0b3698000 rw-p 00000000 00:00 0 
7fb0b3698000-7fb0b369c000 ---p 00000000 00:00 0 
7fb0b369c000-7fb0b370a000 rw-p 00000000 00:00 0 
7fb0b370a000-7fb0b370b000 rw-p 00000000 00:00 0 
7fb0b370b000-7fb0b3c0b000 rwxp 00000000 00:00 0 
7fb0b3c0b000-7fb0b670b000 rw-p 00000000 00:00 0 
7fb0b670b000-7fb0b6712000 r-xp 00000000 08:09 20362                      /usr/lib/jvm/java-6-openjdk/jre/lib/amd64/libzip.so
7fb0b6712000-7fb0b6911000 ---p 00007000 08:09 20362                      /usr/lib/jvm/java-6-openjdk/jre/lib/amd64/libzip.so
7fb0b6911000-7fb0b6912000 r--p 00006000 08:09 20362                      /usr/lib/jvm/java-6-openjdk/jre/lib/amd64/libzip.so
7fb0b6912000-7fb0b6913000 rw-p 00007000 08:09 20362                      /usr/lib/jvm/java-6-openjdk/jre/lib/amd64/libzip.so
7fb0b6913000-7fb0b691f000 r-xp 00000000 08:09 919774                     /lib/x86_64-linux-gnu/libnss_files-2.13.so
7fb0b691f000-7fb0b6b1e000 ---p 0000c000 08:09 919774                     /lib/x86_64-linux-gnu/libnss_files-2.13.so
7fb0b6b1e000-7fb0b6b1f000 r--p 0000b000 08:09 919774                     /lib/x86_64-linux-gnu/libnss_files-2.13.so
7fb0b6b1f000-7fb0b6b20000 rw-p 0000c000 08:09 919774                     /lib/x86_64-linux-gnu/libnss_files-2.13.so
7fb0b6b20000-7fb0b6b2b000 r-xp 00000000 08:09 919778                     /lib/x86_64-linux-gnu/libnss_nis-2.13.so
7fb0b6b2b000-7fb0b6d2a000 ---p 0000b000 08:09 919778                     /lib/x86_64-linux-gnu/libnss_nis-2.13.so
7fb0b6d2a000-7fb0b6d2b000 r--p 0000a000 08:09 919778                     /lib/x86_64-linux-gnu/libnss_nis-2.13.so
7fb0b6d2b000-7fb0b6d2c000 rw-p 0000b000 08:09 919778                     /lib/x86_64-linux-gnu/libnss_nis-2.13.so
7fb0b6d2c000-7fb0b6d34000 r-xp 00000000 08:09 919770                     /lib/x86_64-linux-gnu/libnss_compat-2.13.so
7fb0b6d34000-7fb0b6f33000 ---p 00008000 08:09 919770                     /lib/x86_64-linux-gnu/libnss_compat-2.13.so
7fb0b6f33000-7fb0b6f34000 r--p 00007000 08:09 919770                     /lib/x86_64-linux-gnu/libnss_compat-2.13.so
7fb0b6f34000-7fb0b6f35000 rw-p 00008000 08:09 919770                     /lib/x86_64-linux-gnu/libnss_compat-2.13.so
7fb0b6f35000-7fb0b75bf000 r--p 00000000 08:09 794337                     /usr/lib/locale/locale-archive
7fb0b75bf000-7fb0b75c2000 r-xp 00000000 08:09 20354                      /usr/lib/jvm/java-6-openjdk/jre/lib/amd64/libnpt.so
7fb0b75c2000-7fb0b77c1000 ---p 00003000 08:09 20354                      /usr/lib/jvm/java-6-openjdk/jre/lib/amd64/libnpt.so
7fb0b77c1000-7fb0b77c2000 r--p 00002000 08:09 20354                      /usr/lib/jvm/java-6-openjdk/jre/lib/amd64/libnpt.so
7fb0b77c2000-7fb0b77c3000 rw-p 00003000 08:09 20354                      /usr/lib/jvm/java-6-openjdk/jre/lib/amd64/libnpt.so
7fb0b77c3000-7fb0b77cd000 r-xp 00000000 08:09 20357                      /usr/lib/jvm/java-6-openjdk/jre/lib/amd64/libinstrument.so
7fb0b77cd000-7fb0b79cc000 ---p 0000a000 08:09 20357                      /usr/lib/jvm/java-6-openjdk/jre/lib/amd64/libinstrument.so
7fb0b79cc000-7fb0b79cd000 r--p 00009000 08:09 20357                      /usr/lib/jvm/java-6-openjdk/jre/lib/amd64/libinstrument.so
7fb0b79cd000-7fb0b79ce000 rw-p 0000a000 08:09 20357                      /usr/lib/jvm/java-6-openjdk/jre/lib/amd64/libinstrument.so
7fb0b79ce000-7fb0b7a08000 r-xp 00000000 08:09 20353                      /usr/lib/jvm/java-6-openjdk/jre/lib/amd64/libjdwp.so
7fb0b7a08000-7fb0b7c07000 ---p 0003a000 08:09 20353                      /usr/lib/jvm/java-6-openjdk/jre/lib/amd64/libjdwp.so
7fb0b7c07000-7fb0b7c08000 r--p 00039000 08:09 20353                      /usr/lib/jvm/java-6-openjdk/jre/lib/amd64/libjdwp.so
7fb0b7c08000-7fb0b7c09000 rw-p 0003a000 08:09 20353                      /usr/lib/jvm/java-6-openjdk/jre/lib/amd64/libjdwp.so
7fb0b7c09000-7fb0b7c20000 r-xp 00000000 08:09 919768                     /lib/x86_64-linux-gnu/libnsl-2.13.so
7fb0b7c20000-7fb0b7e1f000 ---p 00017000 08:09 919768                     /lib/x86_64-linux-gnu/libnsl-2.13.so
7fb0b7e1f000-7fb0b7e20000 r--p 00016000 08:09 919768                     /lib/x86_64-linux-gnu/libnsl-2.13.so
7fb0b7e20000-7fb0b7e21000 rw-p 00017000 08:09 919768                     /lib/x86_64-linux-gnu/libnsl-2.13.so
7fb0b7e21000-7fb0b7e23000 rw-p 00000000 00:00 0 
7fb0b7e23000-7fb0b7e4f000 r-xp 00000000 08:09 20361                      /usr/lib/jvm/java-6-openjdk/jre/lib/amd64/libjava.so
7fb0b7e4f000-7fb0b804e000 ---p 0002c000 08:09 20361                      /usr/lib/jvm/java-6-openjdk/jre/lib/amd64/libjava.so
7fb0b804e000-7fb0b804f000 r--p 0002b000 08:09 20361                      /usr/lib/jvm/java-6-openjdk/jre/lib/amd64/libjava.so
7fb0b804f000-7fb0b8052000 rw-p 0002c000 08:09 20361                      /usr/lib/jvm/java-6-openjdk/jre/lib/amd64/libjava.so
7fb0b8052000-7fb0b8060000 r-xp 00000000 08:09 20347                      /usr/lib/jvm/java-6-openjdk/jre/lib/amd64/libverify.so
7fb0b8060000-7fb0b825f000 ---p 0000e000 08:09 20347                      /usr/lib/jvm/java-6-openjdk/jre/lib/amd64/libverify.so
7fb0b825f000-7fb0b8261000 r--p 0000d000 08:09 20347                      /usr/lib/jvm/java-6-openjdk/jre/lib/amd64/libverify.so
7fb0b8261000-7fb0b8262000 rw-p 0000f000 08:09 20347                      /usr/lib/jvm/java-6-openjdk/jre/lib/amd64/libverify.so
7fb0b8262000-7fb0b8269000 r-xp 00000000 08:09 919797                     /lib/x86_64-linux-gnu/librt-2.13.so
7fb0b8269000-7fb0b8468000 ---p 00007000 08:09 919797                     /lib/x86_64-linux-gnu/librt-2.13.so
7fb0b8468000-7fb0b8469000 r--p 00006000 08:09 919797                     /lib/x86_64-linux-gnu/librt-2.13.so
7fb0b8469000-7fb0b846a000 rw-p 00007000 08:09 919797                     /lib/x86_64-linux-gnu/librt-2.13.so
7fb0b846a000-7fb0b847f000 r-xp 00000000 08:09 919756                     /lib/x86_64-linux-gnu/libgcc_s.so.1
7fb0b847f000-7fb0b867e000 ---p 00015000 08:09 919756                     /lib/x86_64-linux-gnu/libgcc_s.so.1
7fb0b867e000-7fb0b867f000 r--p 00014000 08:09 919756                     /lib/x86_64-linux-gnu/libgcc_s.so.1
7fb0b867f000-7fb0b8680000 rw-p 00015000 08:09 919756                     /lib/x86_64-linux-gnu/libgcc_s.so.1
7fb0b8680000-7fb0b8704000 r-xp 00000000 08:09 919765                     /lib/x86_64-linux-gnu/libm-2.13.so
7fb0b8704000-7fb0b8903000 ---p 00084000 08:09 919765                     /lib/x86_64-linux-gnu/libm-2.13.so
7fb0b8903000-7fb0b8904000 r--p 00083000 08:09 919765                     /lib/x86_64-linux-gnu/libm-2.13.so
7fb0b8904000-7fb0b8905000 rw-p 00084000 08:09 919765                     /lib/x86_64-linux-gnu/libm-2.13.so
7fb0b8905000-7fb0b89ed000 r-xp 00000000 08:09 796674                     /usr/lib/x86_64-linux-gnu/libstdc++.so.6.0.14
7fb0b89ed000-7fb0b8bec000 ---p 000e8000 08:09 796674                     /usr/lib/x86_64-linux-gnu/libstdc++.so.6.0.14
7fb0b8bec000-7fb0b8bf4000 r--p 000e7000 08:09 796674                     /usr/lib/x86_64-linux-gnu/libstdc++.so.6.0.14
7fb0b8bf4000-7fb0b8bf6000 rw-p 000ef000 08:09 796674                     /usr/lib/x86_64-linux-gnu/libstdc++.so.6.0.14
7fb0b8bf6000-7fb0b8c0b000 rw-p 00000000 00:00 0 
7fb0b8c0b000-7fb0b9560000 r-xp 00000000 08:09 20365                      /usr/lib/jvm/java-6-openjdk/jre/lib/amd64/server/libjvm.so
7fb0b9560000-7fb0b975f000 ---p 00955000 08:09 20365                      /usr/lib/jvm/java-6-openjdk/jre/lib/amd64/server/libjvm.so
7fb0b975f000-7fb0b97e0000 r--p 00954000 08:09 20365                      /usr/lib/jvm/java-6-openjdk/jre/lib/amd64/server/libjvm.so
7fb0b97e0000-7fb0b97fb000 rw-p 009d5000 08:09 20365                      /usr/lib/jvm/java-6-openjdk/jre/lib/amd64/server/libjvm.so
7fb0b97fb000-7fb0b9824000 rw-p 00000000 00:00 0 
7fb0b9824000-7fb0b99ae000 r-xp 00000000 08:09 919728                     /lib/x86_64-linux-gnu/libc-2.13.so
7fb0b99ae000-7fb0b9bad000 ---p 0018a000 08:09 919728                     /lib/x86_64-linux-gnu/libc-2.13.so
7fb0b9bad000-7fb0b9bb1000 r--p 00189000 08:09 919728                     /lib/x86_64-linux-gnu/libc-2.13.so
7fb0b9bb1000-7fb0b9bb2000 rw-p 0018d000 08:09 919728                     /lib/x86_64-linux-gnu/libc-2.13.so
7fb0b9bb2000-7fb0b9bb8000 rw-p 00000000 00:00 0 
7fb0b9bb8000-7fb0b9bba000 r-xp 00000000 08:09 919738                     /lib/x86_64-linux-gnu/libdl-2.13.so
7fb0b9bba000-7fb0b9dba000 ---p 00002000 08:09 919738                     /lib/x86_64-linux-gnu/libdl-2.13.so
7fb0b9dba000-7fb0b9dbb000 r--p 00002000 08:09 919738                     /lib/x86_64-linux-gnu/libdl-2.13.so
7fb0b9dbb000-7fb0b9dbc000 rw-p 00003000 08:09 919738                     /lib/x86_64-linux-gnu/libdl-2.13.so
7fb0b9dbc000-7fb0b9dc0000 r-xp 00000000 08:09 20345                      /usr/lib/jvm/java-6-openjdk/jre/lib/amd64/jli/libjli.so
7fb0b9dc0000-7fb0b9fbf000 ---p 00004000 08:09 20345                      /usr/lib/jvm/java-6-openjdk/jre/lib/amd64/jli/libjli.so
7fb0b9fbf000-7fb0b9fc0000 r--p 00003000 08:09 20345                      /usr/lib/jvm/java-6-openjdk/jre/lib/amd64/jli/libjli.so
7fb0b9fc0000-7fb0b9fc1000 rw-p 00004000 08:09 20345                      /usr/lib/jvm/java-6-openjdk/jre/lib/amd64/jli/libjli.so
7fb0b9fc1000-7fb0b9fd9000 r-xp 00000000 08:09 919793                     /lib/x86_64-linux-gnu/libpthread-2.13.so
7fb0b9fd9000-7fb0ba1d9000 ---p 00018000 08:09 919793                     /lib/x86_64-linux-gnu/libpthread-2.13.so
7fb0ba1d9000-7fb0ba1da000 r--p 00018000 08:09 919793                     /lib/x86_64-linux-gnu/libpthread-2.13.so
7fb0ba1da000-7fb0ba1db000 rw-p 00019000 08:09 919793                     /lib/x86_64-linux-gnu/libpthread-2.13.so
7fb0ba1db000-7fb0ba1df000 rw-p 00000000 00:00 0 
7fb0ba1df000-7fb0ba1f6000 r-xp 00000000 08:09 919811                     /lib/x86_64-linux-gnu/libz.so.1.2.3.4
7fb0ba1f6000-7fb0ba3f5000 ---p 00017000 08:09 919811                     /lib/x86_64-linux-gnu/libz.so.1.2.3.4
7fb0ba3f5000-7fb0ba3f6000 r--p 00016000 08:09 919811                     /lib/x86_64-linux-gnu/libz.so.1.2.3.4
7fb0ba3f6000-7fb0ba3f7000 rw-p 00017000 08:09 919811                     /lib/x86_64-linux-gnu/libz.so.1.2.3.4
7fb0ba3f7000-7fb0ba418000 r-xp 00000000 08:09 919715                     /lib/x86_64-linux-gnu/ld-2.13.so
7fb0ba41a000-7fb0ba41c000 r--s 00013000 08:09 20246                      /usr/lib/jvm/java-6-openjdk/jre/lib/jce.jar
7fb0ba41c000-7fb0ba422000 r--s 00032000 08:09 1077887                    /opt/play-1.2.3/framework/lib/jaxen-1.1.jar
7fb0ba422000-7fb0ba429000 r--s 00038000 08:09 1077886                    /opt/play-1.2.3/framework/lib/jj-wikitext.jar
7fb0ba429000-7fb0ba42d000 r--s 0007c000 08:09 20245                      /usr/lib/jvm/java-6-openjdk/jre/lib/jsse.jar
7fb0ba42d000-7fb0ba441000 rw-p 00000000 00:00 0 
7fb0ba441000-7fb0ba4ed000 rw-p 00000000 00:00 0 
7fb0ba4ed000-7fb0ba4f0000 ---p 00000000 00:00 0 
7fb0ba4f0000-7fb0ba5f3000 rw-p 00000000 00:00 0 
7fb0ba5f3000-7fb0ba5f4000 r--s 00002000 08:09 1077889                    /opt/play-1.2.3/framework/lib/slf4j-log4j12-1.6.1.jar
7fb0ba5f4000-7fb0ba5f5000 rw-p 00000000 00:00 0 
7fb0ba5f5000-7fb0ba600000 r--s 000b8000 08:09 1077544                    /opt/play-1.2.3/framework/play-1.2.3.jar
7fb0ba600000-7fb0ba608000 r--s 00066000 08:09 1188916                    /usr/share/java/gnome-java-bridge.jar
7fb0ba608000-7fb0ba60b000 r--s 0000f000 08:09 20274                      /usr/lib/jvm/java-6-openjdk/jre/lib/ext/pulse-java.jar
7fb0ba60b000-7fb0ba613000 rw-s 00000000 08:09 934943                     /tmp/hsperfdata_fm/3447
7fb0ba613000-7fb0ba614000 rw-p 00000000 00:00 0 
7fb0ba614000-7fb0ba615000 r--p 00000000 00:00 0 
7fb0ba615000-7fb0ba617000 rw-p 00000000 00:00 0 
7fb0ba617000-7fb0ba618000 r--p 00020000 08:09 919715                     /lib/x86_64-linux-gnu/ld-2.13.so
7fb0ba618000-7fb0ba61a000 rw-p 00021000 08:09 919715                     /lib/x86_64-linux-gnu/ld-2.13.so
7fffa8fc7000-7fffa8fe9000 rw-p 00000000 00:00 0                          [stack]
7fffa8fff000-7fffa9000000 r-xp 00000000 00:00 0                          [vdso]
ffffffffff600000-ffffffffff601000 r-xp 00000000 00:00 0                  [vsyscall]

VM Arguments:
jvm_args: -javaagent:/opt/play-1.2.3/framework/play-1.2.3.jar -Dfile.encoding=utf-8 -Xdebug -Xrunjdwp:transport=dt_socket,address=8000,server=y,suspend=n -Dplay.debug=yes -Dapplication.path=/home/fm/workspace/sinau -Dplay.id= 
java_command: play.server.Server 
Launcher Type: SUN_STANDARD

Environment Variables:
PATH=/usr/local/sbin:/usr/local/bin:/usr/sbin:/usr/bin:/sbin:/bin:/usr/games:/opt/MATLAB/R2011a/bin:/opt/eclipse:/opt/aptana:/opt/play-1.2.3
USERNAME=fm
LD_LIBRARY_PATH=/usr/lib/jvm/java-6-openjdk/jre/lib/amd64/server:/usr/lib/jvm/java-6-openjdk/jre/lib/amd64:/usr/lib/jvm/java-6-openjdk/jre/../lib/amd64
SHELL=/bin/bash
DISPLAY=:0

Signal Handlers:
SIGSEGV: [libjvm.so+0x7d0f60], sa_mask[0]=0x7ffbfeff, sa_flags=0x10000004
SIGBUS: [libjvm.so+0x7d0f60], sa_mask[0]=0x7ffbfeff, sa_flags=0x10000004
SIGFPE: [libjvm.so+0x683760], sa_mask[0]=0x7ffbfeff, sa_flags=0x10000004
SIGPIPE: [libjvm.so+0x683760], sa_mask[0]=0x7ffbfeff, sa_flags=0x10000004
SIGXFSZ: [libjvm.so+0x683760], sa_mask[0]=0x7ffbfeff, sa_flags=0x10000004
SIGILL: [libjvm.so+0x683760], sa_mask[0]=0x7ffbfeff, sa_flags=0x10000004
SIGUSR1: SIG_DFL, sa_mask[0]=0x00000000, sa_flags=0x00000000
SIGUSR2: [libjvm.so+0x683930], sa_mask[0]=0x00000000, sa_flags=0x10000004
SIGHUP: [libjvm.so+0x6862d0], sa_mask[0]=0x7ffbfeff, sa_flags=0x10000004
SIGINT: [libjvm.so+0x6862d0], sa_mask[0]=0x7ffbfeff, sa_flags=0x10000004
SIGTERM: [libjvm.so+0x6862d0], sa_mask[0]=0x7ffbfeff, sa_flags=0x10000004
SIGQUIT: [libjvm.so+0x6862d0], sa_mask[0]=0x7ffbfeff, sa_flags=0x10000004


---------------  S Y S T E M  ---------------

OS:LinuxMint 11 (katya)
uname:Linux 2.6.38-8-generic #42-Ubuntu SMP Mon Apr 11 03:31:24 UTC 2011 x86_64
libc:glibc 2.13 NPTL 2.13 
rlimit: STACK 8192k, CORE 0k, NPROC infinity, NOFILE 4096, AS infinity
load average:0.25 0.09 0.10

/proc/meminfo:
MemTotal:        4058628 kB
MemFree:         1796944 kB
Buffers:           91388 kB
Cached:           732160 kB
SwapCached:            0 kB
Active:          1428116 kB
Inactive:         612772 kB
Active(anon):    1219184 kB
Inactive(anon):    10656 kB
Active(file):     208932 kB
Inactive(file):   602116 kB
Unevictable:          32 kB
Mlocked:              32 kB
SwapTotal:       4192252 kB
SwapFree:        4192252 kB
Dirty:               372 kB
Writeback:             0 kB
AnonPages:       1217504 kB
Mapped:           162060 kB
Shmem:             12504 kB
Slab:              55320 kB
SReclaimable:      32524 kB
SUnreclaim:        22796 kB
KernelStack:        3216 kB
PageTables:        29272 kB
NFS_Unstable:          0 kB
Bounce:                0 kB
WritebackTmp:          0 kB
CommitLimit:     6221564 kB
Committed_AS:    3191620 kB
VmallocTotal:   34359738367 kB
VmallocUsed:      327980 kB
VmallocChunk:   34359388156 kB
HardwareCorrupted:     0 kB
HugePages_Total:       0
HugePages_Free:        0
HugePages_Rsvd:        0
HugePages_Surp:        0
Hugepagesize:       2048 kB
DirectMap4k:       89600 kB
DirectMap2M:     4104192 kB


CPU:total 2 (2 cores per cpu, 1 threads per core) family 6 model 23 stepping 6, cmov, cx8, fxsr, mmx, sse, sse2, sse3, ssse3, sse4.1

Memory: 4k page, physical 4058628k(1796944k free), swap 4192252k(4192252k free)

vm_info: OpenJDK 64-Bit Server VM (20.0-b11) for linux-amd64 JRE (1.6.0_22-b22), built on Jun 11 2011 05:56:16 by "buildd" with gcc 4.5.2

time: Mon Oct 17 12:12:56 2011
elapsed time: 894 seconds

